#
# There is insufficient memory for the Java Runtime Environment to continue.
# Native memory allocation (malloc) failed to allocate 1814096 bytes. Error detail: Chunk::new
# Possible reasons:
#   The system is out of physical RAM or swap space
#   This process is running with CompressedOops enabled, and the Java Heap may be blocking the growth of the native heap
# Possible solutions:
#   Reduce memory load on the system
#   Increase physical memory or swap space
#   Check if swap backing store is full
#   Decrease Java heap size (-Xmx/-Xms)
#   Decrease number of Java threads
#   Decrease Java thread stack sizes (-Xss)
#   Set larger code cache with -XX:ReservedCodeCacheSize=
#   JVM is running with Unscaled Compressed Oops mode in which the Java heap is
#     placed in the first 4GB address space. The Java Heap base address is the
#     maximum limit for the native heap growth. Please use -XX:HeapBaseMinAddress
#     to set the Java Heap base and to place the Java Heap above 4GB virtual address.
# This output file may be truncated or incomplete.
#
#  Out of Memory Error (arena.cpp:191), pid=13684, tid=13896
#
# JRE version: OpenJDK Runtime Environment (17.0.11) (build 17.0.11+0--11852314)
# Java VM: OpenJDK 64-Bit Server VM (17.0.11+0--11852314, mixed mode, tiered, compressed oops, compressed class ptrs, g1 gc, windows-amd64)
# No core dump will be written. Minidumps are not enabled by default on client versions of Windows
#

---------------  S U M M A R Y ------------

Command Line: -XX:MaxMetaspaceSize=512m --add-opens=java.base/java.util=ALL-UNNAMED --add-opens=java.base/java.lang=ALL-UNNAMED --add-opens=java.base/java.lang.invoke=ALL-UNNAMED --add-opens=java.base/java.util=ALL-UNNAMED --add-opens=java.prefs/java.util.prefs=ALL-UNNAMED --add-opens=java.prefs/java.util.prefs=ALL-UNNAMED --add-opens=java.base/java.nio.charset=ALL-UNNAMED --add-opens=java.base/java.net=ALL-UNNAMED --add-opens=java.base/java.util.concurrent.atomic=ALL-UNNAMED -Xmx2048m -Dfile.encoding=windows-1252 -Duser.country=US -Duser.language=en -Duser.variant org.gradle.launcher.daemon.bootstrap.GradleDaemon 7.5

Host: Intel(R) Core(TM) i3-3220 CPU @ 3.30GHz, 4 cores, 3G,  Windows 10 , 64 bit Build 19041 (10.0.19041.5438)
Time: Fri Feb 28 09:19:07 2025 India Standard Time elapsed time: 9.226563 seconds (0d 0h 0m 9s)

---------------  T H R E A D  ---------------

Current thread (0x00000214a826b420):  JavaThread "C2 CompilerThread0" daemon [_thread_in_native, id=13896, stack(0x000000ed3ae00000,0x000000ed3af00000)]


Current CompileTask:
C2:   9226 3598       4       java.net.URLClassLoader$1::run (5 bytes)

Stack: [0x000000ed3ae00000,0x000000ed3af00000]
Native frames: (J=compiled Java code, j=interpreted, Vv=VM code, C=native code)
V  [jvm.dll+0x687bb9]
V  [jvm.dll+0x84142a]
V  [jvm.dll+0x8430ae]
V  [jvm.dll+0x843713]
V  [jvm.dll+0x24a35f]
V  [jvm.dll+0xac544]
V  [jvm.dll+0xacb8c]
V  [jvm.dll+0x369be2]
V  [jvm.dll+0x33416a]
V  [jvm.dll+0x33360a]
V  [jvm.dll+0x21bed1]
V  [jvm.dll+0x21b311]
V  [jvm.dll+0x1a63ed]
V  [jvm.dll+0x22b1ee]
V  [jvm.dll+0x229375]
V  [jvm.dll+0x7f5647]
V  [jvm.dll+0x7efa4a]
V  [jvm.dll+0x686a35]
C  [ucrtbase.dll+0x21bb2]
C  [KERNEL32.DLL+0x17374]
C  [ntdll.dll+0x4cc91]


---------------  P R O C E S S  ---------------

Threads class SMR info:
_java_thread_list=0x00000214af2e5670, length=37, elements={
0x000002148ea0f7b0, 0x00000214a7fb9df0, 0x00000214a7fbae00, 0x00000214a7fdaaf0,
0x00000214a7fdc4d0, 0x00000214a8015400, 0x00000214a826a010, 0x00000214a826b420,
0x00000214a8297970, 0x00000214a829beb0, 0x00000214a8424130, 0x00000214a8424e30,
0x00000214ad8959d0, 0x00000214addcff00, 0x00000214adf57830, 0x00000214ae0d8f80,
0x00000214ae0da0a0, 0x00000214ad95ab70, 0x00000214ad95b590, 0x00000214ad95a150,
0x00000214ad95b080, 0x00000214ad95a660, 0x00000214ad95baa0, 0x00000214ae0673e0,
0x00000214ae068310, 0x00000214ae0669c0, 0x00000214ae068820, 0x00000214ae065070,
0x00000214ae065580, 0x00000214ae067e00, 0x00000214ae065fa0, 0x00000214ae0664b0,
0x00000214ae066ed0, 0x00000214aea55e50, 0x00000214aea50330, 0x00000214aea4fe20,
0x00000214aea55940
}

Java Threads: ( => current thread )
  0x000002148ea0f7b0 JavaThread "main" [_thread_blocked, id=1076, stack(0x000000ed3a100000,0x000000ed3a200000)]
  0x00000214a7fb9df0 JavaThread "Reference Handler" daemon [_thread_blocked, id=6920, stack(0x000000ed3a800000,0x000000ed3a900000)]
  0x00000214a7fbae00 JavaThread "Finalizer" daemon [_thread_blocked, id=6180, stack(0x000000ed3a900000,0x000000ed3aa00000)]
  0x00000214a7fdaaf0 JavaThread "Signal Dispatcher" daemon [_thread_blocked, id=5608, stack(0x000000ed3aa00000,0x000000ed3ab00000)]
  0x00000214a7fdc4d0 JavaThread "Attach Listener" daemon [_thread_blocked, id=896, stack(0x000000ed3ab00000,0x000000ed3ac00000)]
  0x00000214a8015400 JavaThread "Service Thread" daemon [_thread_blocked, id=880, stack(0x000000ed3ac00000,0x000000ed3ad00000)]
  0x00000214a826a010 JavaThread "Monitor Deflation Thread" daemon [_thread_blocked, id=12664, stack(0x000000ed3ad00000,0x000000ed3ae00000)]
=>0x00000214a826b420 JavaThread "C2 CompilerThread0" daemon [_thread_in_native, id=13896, stack(0x000000ed3ae00000,0x000000ed3af00000)]
  0x00000214a8297970 JavaThread "C1 CompilerThread0" daemon [_thread_in_native, id=13060, stack(0x000000ed3af00000,0x000000ed3b000000)]
  0x00000214a829beb0 JavaThread "Sweeper thread" daemon [_thread_blocked, id=1584, stack(0x000000ed3b000000,0x000000ed3b100000)]
  0x00000214a8424130 JavaThread "Common-Cleaner" daemon [_thread_blocked, id=11376, stack(0x000000ed3b100000,0x000000ed3b200000)]
  0x00000214a8424e30 JavaThread "Notification Thread" daemon [_thread_blocked, id=7768, stack(0x000000ed3b200000,0x000000ed3b300000)]
  0x00000214ad8959d0 JavaThread "Daemon health stats" [_thread_blocked, id=9176, stack(0x000000ed3b700000,0x000000ed3b800000)]
  0x00000214addcff00 JavaThread "Incoming local TCP Connector on port 53317" [_thread_in_native, id=9240, stack(0x000000ed3b800000,0x000000ed3b900000)]
  0x00000214adf57830 JavaThread "Daemon periodic checks" [_thread_blocked, id=3496, stack(0x000000ed3b900000,0x000000ed3ba00000)]
  0x00000214ae0d8f80 JavaThread "Daemon" [_thread_blocked, id=3232, stack(0x000000ed3ba00000,0x000000ed3bb00000)]
  0x00000214ae0da0a0 JavaThread "Handler for socket connection from /127.0.0.1:53317 to /127.0.0.1:53318" [_thread_in_native, id=12848, stack(0x000000ed3bb00000,0x000000ed3bc00000)]
  0x00000214ad95ab70 JavaThread "Cancel handler" [_thread_blocked, id=8180, stack(0x000000ed3bc00000,0x000000ed3bd00000)]
  0x00000214ad95b590 JavaThread "Daemon worker" [_thread_in_vm, id=12260, stack(0x000000ed3bd00000,0x000000ed3be00000)]
  0x00000214ad95a150 JavaThread "Asynchronous log dispatcher for DefaultDaemonConnection: socket connection from /127.0.0.1:53317 to /127.0.0.1:53318" [_thread_blocked, id=6436, stack(0x000000ed3be00000,0x000000ed3bf00000)]
  0x00000214ad95b080 JavaThread "Stdin handler" [_thread_blocked, id=13804, stack(0x000000ed3bf00000,0x000000ed3c000000)]
  0x00000214ad95a660 JavaThread "Daemon client event forwarder" [_thread_blocked, id=13824, stack(0x000000ed3c000000,0x000000ed3c100000)]
  0x00000214ad95baa0 JavaThread "Cache worker for journal cache (C:\Users\Developer\.gradle\caches\journal-1)" [_thread_blocked, id=9980, stack(0x000000ed3c100000,0x000000ed3c200000)]
  0x00000214ae0673e0 JavaThread "File lock request listener" [_thread_in_native, id=7312, stack(0x000000ed3c200000,0x000000ed3c300000)]
  0x00000214ae068310 JavaThread "Cache worker for file hash cache (C:\Users\Developer\.gradle\caches\7.5\fileHashes)" [_thread_blocked, id=9660, stack(0x000000ed3c300000,0x000000ed3c400000)]
  0x00000214ae0669c0 JavaThread "File watcher server" daemon [_thread_in_native, id=13620, stack(0x000000ed3c400000,0x000000ed3c500000)]
  0x00000214ae068820 JavaThread "File watcher consumer" daemon [_thread_blocked, id=1032, stack(0x000000ed3c500000,0x000000ed3c600000)]
  0x00000214ae065070 JavaThread "Cache worker for checksums cache (D:\mydumbbells-app\android\.gradle\7.5\checksums)" [_thread_blocked, id=14188, stack(0x000000ed3c600000,0x000000ed3c700000)]
  0x00000214ae065580 JavaThread "Cache worker for cache directory md-rule (C:\Users\Developer\.gradle\caches\7.5\md-rule)" [_thread_blocked, id=12940, stack(0x000000ed3c700000,0x000000ed3c800000)]
  0x00000214ae067e00 JavaThread "Cache worker for file content cache (C:\Users\Developer\.gradle\caches\7.5\fileContent)" [_thread_blocked, id=10824, stack(0x000000ed3c800000,0x000000ed3c900000)]
  0x00000214ae065fa0 JavaThread "Cache worker for file hash cache (D:\mydumbbells-app\android\.gradle\7.5\fileHashes)" [_thread_blocked, id=1236, stack(0x000000ed3c900000,0x000000ed3ca00000)]
  0x00000214ae0664b0 JavaThread "Cache worker for cache directory md-supplier (C:\Users\Developer\.gradle\caches\7.5\md-supplier)" [_thread_blocked, id=7852, stack(0x000000ed3ca00000,0x000000ed3cb00000)]
  0x00000214ae066ed0 JavaThread "Cache worker for execution history cache (C:\Users\Developer\.gradle\caches\7.5\executionHistory)" [_thread_blocked, id=10752, stack(0x000000ed3cb00000,0x000000ed3cc00000)]
  0x00000214aea55e50 JavaThread "jar transforms" [_thread_blocked, id=9616, stack(0x000000ed3cd00000,0x000000ed3ce00000)]
  0x00000214aea50330 JavaThread "jar transforms Thread 2" [_thread_blocked, id=7740, stack(0x000000ed3ce00000,0x000000ed3cf00000)]
  0x00000214aea4fe20 JavaThread "jar transforms Thread 3" [_thread_blocked, id=11672, stack(0x000000ed3cf00000,0x000000ed3d000000)]
  0x00000214aea55940 JavaThread "jar transforms Thread 4" [_thread_blocked, id=7344, stack(0x000000ed3d000000,0x000000ed3d100000)]

Other Threads:
  0x00000214a7f6cf20 VMThread "VM Thread" [stack: 0x000000ed3a700000,0x000000ed3a800000] [id=7244]
  0x00000214a801ecf0 WatcherThread [stack: 0x000000ed3b300000,0x000000ed3b400000] [id=9032]
  0x000002148ea69d70 GCTaskThread "GC Thread#0" [stack: 0x000000ed3a200000,0x000000ed3a300000] [id=9740]
  0x00000214a8c4b150 GCTaskThread "GC Thread#1" [stack: 0x000000ed3b400000,0x000000ed3b500000] [id=2448]
  0x00000214a86b5140 GCTaskThread "GC Thread#2" [stack: 0x000000ed3b500000,0x000000ed3b600000] [id=10796]
  0x00000214a86c3c00 GCTaskThread "GC Thread#3" [stack: 0x000000ed3b600000,0x000000ed3b700000] [id=920]
  0x000002148ea7b370 ConcurrentGCThread "G1 Main Marker" [stack: 0x000000ed3a300000,0x000000ed3a400000] [id=6948]
  0x000002148ea7ccb0 ConcurrentGCThread "G1 Conc#0" [stack: 0x000000ed3a400000,0x000000ed3a500000] [id=6416]
  0x000002148eabd260 ConcurrentGCThread "G1 Refine#0" [stack: 0x000000ed3a500000,0x000000ed3a600000] [id=8476]
  0x00000214af52af80 ConcurrentGCThread "G1 Refine#1" [stack: 0x000000ed3cc00000,0x000000ed3cd00000] [id=8200]
  0x000002148eabdba0 ConcurrentGCThread "G1 Service" [stack: 0x000000ed3a600000,0x000000ed3a700000] [id=14288]

Threads with active compile tasks:
C2 CompilerThread0     9268 3598       4       java.net.URLClassLoader$1::run (5 bytes)

VM state: not at safepoint (normal execution)

VM Mutex/Monitor currently owned by a thread: None

Heap address: 0x0000000080000000, size: 2048 MB, Compressed Oops mode: 32-bit

CDS archive(s) not mapped
Compressed class space mapped at: 0x0000000100000000-0x000000011a000000, reserved size: 436207616
Narrow klass base: 0x0000000000000000, Narrow klass shift: 3, Narrow klass range: 0x11a000000

GC Precious Log:
 CPUs: 4 total, 4 available
 Memory: 3884M
 Large Page Support: Disabled
 NUMA Support: Disabled
 Compressed Oops: Enabled (32-bit)
 Heap Region Size: 1M
 Heap Min Capacity: 8M
 Heap Initial Capacity: 62M
 Heap Max Capacity: 2G
 Pre-touch: Disabled
 Parallel Workers: 4
 Concurrent Workers: 1
 Concurrent Refinement Workers: 4
 Periodic GC: Disabled

Heap:
 garbage-first heap   total 63488K, used 40386K [0x0000000080000000, 0x0000000100000000)
  region size 1024K, 15 young (15360K), 3 survivors (3072K)
 Metaspace       used 42173K, committed 42560K, reserved 491520K
  class space    used 5497K, committed 5632K, reserved 425984K

Heap Regions: E=young(eden), S=young(survivor), O=old, HS=humongous(starts), HC=humongous(continues), CS=collection set, F=free, OA=open archive, CA=closed archive, TAMS=top-at-mark-start (previous, next)
|   0|0x0000000080000000, 0x0000000080100000, 0x0000000080100000|100%|HS|  |TAMS 0x0000000080100000, 0x0000000080000000| Complete 
|   1|0x0000000080100000, 0x0000000080200000, 0x0000000080200000|100%|HC|  |TAMS 0x0000000080200000, 0x0000000080100000| Complete 
|   2|0x0000000080200000, 0x0000000080300000, 0x0000000080300000|100%|HC|  |TAMS 0x0000000080300000, 0x0000000080200000| Complete 
|   3|0x0000000080300000, 0x0000000080400000, 0x0000000080400000|100%| O|  |TAMS 0x0000000080400000, 0x0000000080300000| Untracked 
|   4|0x0000000080400000, 0x0000000080500000, 0x0000000080500000|100%| O|  |TAMS 0x0000000080500000, 0x0000000080400000| Untracked 
|   5|0x0000000080500000, 0x0000000080600000, 0x0000000080600000|100%| O|  |TAMS 0x0000000080600000, 0x0000000080500000| Untracked 
|   6|0x0000000080600000, 0x0000000080700000, 0x0000000080700000|100%| O|  |TAMS 0x0000000080700000, 0x0000000080600000| Untracked 
|   7|0x0000000080700000, 0x0000000080800000, 0x0000000080800000|100%| O|  |TAMS 0x0000000080800000, 0x0000000080700000| Untracked 
|   8|0x0000000080800000, 0x0000000080900000, 0x0000000080900000|100%| O|  |TAMS 0x0000000080900000, 0x0000000080800000| Untracked 
|   9|0x0000000080900000, 0x0000000080a00000, 0x0000000080a00000|100%| O|  |TAMS 0x0000000080a00000, 0x0000000080900000| Untracked 
|  10|0x0000000080a00000, 0x0000000080b00000, 0x0000000080b00000|100%| O|  |TAMS 0x0000000080b00000, 0x0000000080a00000| Untracked 
|  11|0x0000000080b00000, 0x0000000080c00000, 0x0000000080c00000|100%| O|  |TAMS 0x0000000080c00000, 0x0000000080b00000| Untracked 
|  12|0x0000000080c00000, 0x0000000080d00000, 0x0000000080d00000|100%| O|  |TAMS 0x0000000080d00000, 0x0000000080c00000| Untracked 
|  13|0x0000000080d00000, 0x0000000080e00000, 0x0000000080e00000|100%| O|  |TAMS 0x0000000080e00000, 0x0000000080d00000| Untracked 
|  14|0x0000000080e00000, 0x0000000080f00000, 0x0000000080f00000|100%| O|  |TAMS 0x0000000080f00000, 0x0000000080e00000| Untracked 
|  15|0x0000000080f00000, 0x0000000081000000, 0x0000000081000000|100%| O|  |TAMS 0x0000000081000000, 0x0000000080f00000| Untracked 
|  16|0x0000000081000000, 0x0000000081100000, 0x0000000081100000|100%| O|  |TAMS 0x0000000081100000, 0x0000000081000000| Untracked 
|  17|0x0000000081100000, 0x0000000081200000, 0x0000000081200000|100%| O|  |TAMS 0x0000000081200000, 0x0000000081100000| Untracked 
|  18|0x0000000081200000, 0x0000000081300000, 0x0000000081300000|100%| O|  |TAMS 0x0000000081300000, 0x0000000081200000| Untracked 
|  19|0x0000000081300000, 0x0000000081400000, 0x0000000081400000|100%| O|  |TAMS 0x0000000081400000, 0x0000000081300000| Untracked 
|  20|0x0000000081400000, 0x0000000081500000, 0x0000000081500000|100%| O|  |TAMS 0x000000008143ae00, 0x0000000081400000| Untracked 
|  21|0x0000000081500000, 0x0000000081600000, 0x0000000081600000|100%| O|  |TAMS 0x0000000081500000, 0x0000000081500000| Untracked 
|  22|0x0000000081600000, 0x0000000081700000, 0x0000000081700000|100%| O|  |TAMS 0x0000000081600000, 0x0000000081600000| Untracked 
|  23|0x0000000081700000, 0x0000000081700000, 0x0000000081800000|  0%| F|  |TAMS 0x0000000081700000, 0x0000000081700000| Untracked 
|  24|0x0000000081800000, 0x0000000081800000, 0x0000000081900000|  0%| F|  |TAMS 0x0000000081800000, 0x0000000081800000| Untracked 
|  25|0x0000000081900000, 0x0000000081900000, 0x0000000081a00000|  0%| F|  |TAMS 0x0000000081900000, 0x0000000081900000| Untracked 
|  26|0x0000000081a00000, 0x0000000081b00000, 0x0000000081b00000|100%| O|  |TAMS 0x0000000081a00000, 0x0000000081a00000| Untracked 
|  27|0x0000000081b00000, 0x0000000081c00000, 0x0000000081c00000|100%| O|  |TAMS 0x0000000081b00000, 0x0000000081b00000| Untracked 
|  28|0x0000000081c00000, 0x0000000081c8fa00, 0x0000000081d00000| 56%| O|  |TAMS 0x0000000081c00000, 0x0000000081c00000| Untracked 
|  29|0x0000000081d00000, 0x0000000081d00000, 0x0000000081e00000|  0%| F|  |TAMS 0x0000000081d00000, 0x0000000081d00000| Untracked 
|  30|0x0000000081e00000, 0x0000000081e00000, 0x0000000081f00000|  0%| F|  |TAMS 0x0000000081e00000, 0x0000000081e00000| Untracked 
|  31|0x0000000081f00000, 0x0000000081f00000, 0x0000000082000000|  0%| F|  |TAMS 0x0000000081f00000, 0x0000000081f00000| Untracked 
|  32|0x0000000082000000, 0x0000000082000000, 0x0000000082100000|  0%| F|  |TAMS 0x0000000082000000, 0x0000000082000000| Untracked 
|  33|0x0000000082100000, 0x0000000082100000, 0x0000000082200000|  0%| F|  |TAMS 0x0000000082100000, 0x0000000082100000| Untracked 
|  34|0x0000000082200000, 0x0000000082200000, 0x0000000082300000|  0%| F|  |TAMS 0x0000000082200000, 0x0000000082200000| Untracked 
|  35|0x0000000082300000, 0x0000000082300000, 0x0000000082400000|  0%| F|  |TAMS 0x0000000082300000, 0x0000000082300000| Untracked 
|  36|0x0000000082400000, 0x0000000082400000, 0x0000000082500000|  0%| F|  |TAMS 0x0000000082400000, 0x0000000082400000| Untracked 
|  37|0x0000000082500000, 0x0000000082500000, 0x0000000082600000|  0%| F|  |TAMS 0x0000000082500000, 0x0000000082500000| Untracked 
|  38|0x0000000082600000, 0x0000000082600000, 0x0000000082700000|  0%| F|  |TAMS 0x0000000082600000, 0x0000000082600000| Untracked 
|  39|0x0000000082700000, 0x00000000827e11b8, 0x0000000082800000| 87%| S|CS|TAMS 0x0000000082700000, 0x0000000082700000| Complete 
|  40|0x0000000082800000, 0x0000000082900000, 0x0000000082900000|100%| S|CS|TAMS 0x0000000082800000, 0x0000000082800000| Complete 
|  41|0x0000000082900000, 0x0000000082a00000, 0x0000000082a00000|100%| S|CS|TAMS 0x0000000082900000, 0x0000000082900000| Complete 
|  42|0x0000000082a00000, 0x0000000082a00000, 0x0000000082b00000|  0%| F|  |TAMS 0x0000000082a00000, 0x0000000082a00000| Untracked 
|  43|0x0000000082b00000, 0x0000000082b00000, 0x0000000082c00000|  0%| F|  |TAMS 0x0000000082b00000, 0x0000000082b00000| Untracked 
|  44|0x0000000082c00000, 0x0000000082c00000, 0x0000000082d00000|  0%| F|  |TAMS 0x0000000082c00000, 0x0000000082c00000| Untracked 
|  45|0x0000000082d00000, 0x0000000082d00000, 0x0000000082e00000|  0%| F|  |TAMS 0x0000000082d00000, 0x0000000082d00000| Untracked 
|  46|0x0000000082e00000, 0x0000000082e00000, 0x0000000082f00000|  0%| F|  |TAMS 0x0000000082e00000, 0x0000000082e00000| Untracked 
|  47|0x0000000082f00000, 0x0000000082f00000, 0x0000000083000000|  0%| F|  |TAMS 0x0000000082f00000, 0x0000000082f00000| Untracked 
|  48|0x0000000083000000, 0x0000000083000000, 0x0000000083100000|  0%| F|  |TAMS 0x0000000083000000, 0x0000000083000000| Untracked 
|  49|0x0000000083100000, 0x0000000083100000, 0x0000000083200000|  0%| F|  |TAMS 0x0000000083100000, 0x0000000083100000| Untracked 
|  50|0x0000000083200000, 0x0000000083300000, 0x0000000083300000|100%| E|  |TAMS 0x0000000083200000, 0x0000000083200000| Complete 
|  51|0x0000000083300000, 0x0000000083400000, 0x0000000083400000|100%| E|CS|TAMS 0x0000000083300000, 0x0000000083300000| Complete 
|  52|0x0000000083400000, 0x0000000083500000, 0x0000000083500000|100%| E|CS|TAMS 0x0000000083400000, 0x0000000083400000| Complete 
|  53|0x0000000083500000, 0x0000000083600000, 0x0000000083600000|100%| E|CS|TAMS 0x0000000083500000, 0x0000000083500000| Complete 
|  54|0x0000000083600000, 0x0000000083700000, 0x0000000083700000|100%| E|CS|TAMS 0x0000000083600000, 0x0000000083600000| Complete 
|  55|0x0000000083700000, 0x0000000083800000, 0x0000000083800000|100%| E|CS|TAMS 0x0000000083700000, 0x0000000083700000| Complete 
|  56|0x0000000083800000, 0x0000000083900000, 0x0000000083900000|100%| E|CS|TAMS 0x0000000083800000, 0x0000000083800000| Complete 
|  57|0x0000000083900000, 0x0000000083a00000, 0x0000000083a00000|100%| E|CS|TAMS 0x0000000083900000, 0x0000000083900000| Complete 
|  58|0x0000000083a00000, 0x0000000083b00000, 0x0000000083b00000|100%| E|CS|TAMS 0x0000000083a00000, 0x0000000083a00000| Complete 
|  59|0x0000000083b00000, 0x0000000083c00000, 0x0000000083c00000|100%| E|CS|TAMS 0x0000000083b00000, 0x0000000083b00000| Complete 
|  60|0x0000000083c00000, 0x0000000083d00000, 0x0000000083d00000|100%| E|CS|TAMS 0x0000000083c00000, 0x0000000083c00000| Complete 
|  61|0x0000000083d00000, 0x0000000083e00000, 0x0000000083e00000|100%| E|CS|TAMS 0x0000000083d00000, 0x0000000083d00000| Complete 

Card table byte_map: [0x00000214a12f0000,0x00000214a16f0000] _byte_map_base: 0x00000214a0ef0000

Marking Bits (Prev, Next): (CMBitMap*) 0x000002148ea6a2e0, (CMBitMap*) 0x000002148ea6a2a0
 Prev Bits: [0x00000214a3af0000, 0x00000214a5af0000)
 Next Bits: [0x00000214a1af0000, 0x00000214a3af0000)

Polling page: 0x000002148c970000

Metaspace:

Usage:
  Non-class:     35.82 MB used.
      Class:      5.37 MB used.
       Both:     41.19 MB used.

Virtual space:
  Non-class space:       64.00 MB reserved,      36.06 MB ( 56%) committed,  1 nodes.
      Class space:      416.00 MB reserved,       5.50 MB (  1%) committed,  1 nodes.
             Both:      480.00 MB reserved,      41.56 MB (  9%) committed. 

Chunk freelists:
   Non-Class:  11.66 MB
       Class:  10.53 MB
        Both:  22.19 MB

MaxMetaspaceSize: 512.00 MB
CompressedClassSpaceSize: 416.00 MB
Initial GC threshold: 21.00 MB
Current GC threshold: 63.75 MB
CDS: off
MetaspaceReclaimPolicy: balanced
 - commit_granule_bytes: 65536.
 - commit_granule_words: 8192.
 - virtual_space_node_default_size: 8388608.
 - enlarge_chunks_in_place: 1.
 - new_chunks_are_fully_committed: 0.
 - uncommit_free_chunks: 1.
 - use_allocation_guard: 0.
 - handle_deallocations: 1.


Internal statistics:

num_allocs_failed_limit: 9.
num_arena_births: 288.
num_arena_deaths: 0.
num_vsnodes_births: 2.
num_vsnodes_deaths: 0.
num_space_committed: 665.
num_space_uncommitted: 0.
num_chunks_returned_to_freelist: 9.
num_chunks_taken_from_freelist: 1416.
num_chunk_merges: 3.
num_chunk_splits: 955.
num_chunks_enlarged: 714.
num_inconsistent_stats: 0.

CodeHeap 'non-profiled nmethods': size=120000Kb used=1713Kb max_used=1713Kb free=118286Kb
 bounds [0x00000214999c0000, 0x0000021499c30000, 0x00000214a0ef0000]
CodeHeap 'profiled nmethods': size=120000Kb used=7650Kb max_used=7650Kb free=112349Kb
 bounds [0x0000021491ef0000, 0x0000021492670000, 0x0000021499420000]
CodeHeap 'non-nmethods': size=5760Kb used=2281Kb max_used=2301Kb free=3478Kb
 bounds [0x0000021499420000, 0x0000021499690000, 0x00000214999c0000]
 total_blobs=4543 nmethods=3752 adapters=703
 compilation: enabled
              stopped_count=0, restarted_count=0
 full_count=0

Compilation events (20 events):
Event: 9.191 Thread 0x00000214a8297970 3744       1       sun.reflect.generics.tree.MethodTypeSignature::getFormalTypeParameters (5 bytes)
Event: 9.191 Thread 0x00000214a8297970 nmethod 3744 0x0000021499b6bd90 code [0x0000021499b6bf20, 0x0000021499b6bff8]
Event: 9.191 Thread 0x00000214a8297970 3745       2       sun.reflect.generics.scope.AbstractScope::lookup (66 bytes)
Event: 9.192 Thread 0x00000214a8297970 nmethod 3745 0x0000021492655410 code [0x0000021492655600, 0x0000021492655978]
Event: 9.192 Thread 0x00000214a8297970 3746       2       java.util.HashMap::prepareArray (38 bytes)
Event: 9.192 Thread 0x00000214a8297970 nmethod 3746 0x0000021492655c10 code [0x0000021492655dc0, 0x0000021492656018]
Event: 9.201 Thread 0x00000214a8297970 3747  s!   2       java.beans.PropertyDescriptor::getPropertyType (33 bytes)
Event: 9.201 Thread 0x00000214a8297970 nmethod 3747 0x0000021492656190 code [0x0000021492656380, 0x00000214926567e8]
Event: 9.202 Thread 0x00000214a8297970 3748       2       groovyjarjarasm.asm.ByteVector::putUTF8 (144 bytes)
Event: 9.203 Thread 0x00000214a8297970 nmethod 3748 0x0000021492656a90 code [0x0000021492656ca0, 0x0000021492657208]
Event: 9.203 Thread 0x00000214a8297970 3749       2       groovyjarjarasm.asm.Frame::execute (2318 bytes)
Event: 9.205 Thread 0x00000214a8297970 nmethod 3749 0x0000021492657610 code [0x0000021492658260, 0x000002149265b678]
Event: 9.205 Thread 0x00000214a8297970 3750       2       groovyjarjarasm.asm.Symbol::<init> (38 bytes)
Event: 9.206 Thread 0x00000214a8297970 nmethod 3750 0x000002149265d010 code [0x000002149265d1a0, 0x000002149265d3d8]
Event: 9.206 Thread 0x00000214a8297970 3751       2       java.util.TimSort::binarySort (223 bytes)
Event: 9.206 Thread 0x00000214a8297970 nmethod 3751 0x000002149265d490 code [0x000002149265d680, 0x000002149265dcf8]
Event: 9.208 Thread 0x00000214a8297970 3752       2       groovyjarjarasm.asm.SymbolTable$Entry::<init> (17 bytes)
Event: 9.208 Thread 0x00000214a8297970 nmethod 3752 0x000002149265e010 code [0x000002149265e1a0, 0x000002149265e308]
Event: 9.208 Thread 0x00000214a8297970 3753       2       groovyjarjarasm.asm.SymbolTable::addConstantUtf8 (98 bytes)
Event: 9.208 Thread 0x00000214a8297970 nmethod 3753 0x000002149265e410 code [0x000002149265e600, 0x000002149265e9b8]

GC Heap History (20 events):
Event: 2.017 GC heap before
{Heap before GC invocations=1 (full 0):
 garbage-first heap   total 63488K, used 20740K [0x0000000080000000, 0x0000000100000000)
  region size 1024K, 17 young (17408K), 2 survivors (2048K)
 Metaspace       used 11106K, committed 11328K, reserved 491520K
  class space    used 1161K, committed 1280K, reserved 425984K
}
Event: 2.024 GC heap after
{Heap after GC invocations=2 (full 0):
 garbage-first heap   total 63488K, used 9718K [0x0000000080000000, 0x0000000100000000)
  region size 1024K, 3 young (3072K), 3 survivors (3072K)
 Metaspace       used 11106K, committed 11328K, reserved 491520K
  class space    used 1161K, committed 1280K, reserved 425984K
}
Event: 2.419 GC heap before
{Heap before GC invocations=2 (full 0):
 garbage-first heap   total 63488K, used 29174K [0x0000000080000000, 0x0000000100000000)
  region size 1024K, 22 young (22528K), 3 survivors (3072K)
 Metaspace       used 11180K, committed 11392K, reserved 491520K
  class space    used 1162K, committed 1280K, reserved 425984K
}
Event: 2.426 GC heap after
{Heap after GC invocations=3 (full 0):
 garbage-first heap   total 63488K, used 10660K [0x0000000080000000, 0x0000000100000000)
  region size 1024K, 2 young (2048K), 2 survivors (2048K)
 Metaspace       used 11180K, committed 11392K, reserved 491520K
  class space    used 1162K, committed 1280K, reserved 425984K
}
Event: 4.497 GC heap before
{Heap before GC invocations=3 (full 0):
 garbage-first heap   total 63488K, used 43428K [0x0000000080000000, 0x0000000100000000)
  region size 1024K, 33 young (33792K), 2 survivors (2048K)
 Metaspace       used 19190K, committed 19392K, reserved 491520K
  class space    used 2239K, committed 2304K, reserved 425984K
}
Event: 4.506 GC heap after
{Heap after GC invocations=4 (full 0):
 garbage-first heap   total 63488K, used 17117K [0x0000000080000000, 0x0000000100000000)
  region size 1024K, 5 young (5120K), 5 survivors (5120K)
 Metaspace       used 19190K, committed 19392K, reserved 491520K
  class space    used 2239K, committed 2304K, reserved 425984K
}
Event: 5.085 GC heap before
{Heap before GC invocations=4 (full 0):
 garbage-first heap   total 63488K, used 26333K [0x0000000080000000, 0x0000000100000000)
  region size 1024K, 16 young (16384K), 5 survivors (5120K)
 Metaspace       used 21283K, committed 21504K, reserved 491520K
  class space    used 2549K, committed 2688K, reserved 425984K
}
Event: 5.095 GC heap after
{Heap after GC invocations=5 (full 0):
 garbage-first heap   total 63488K, used 18060K [0x0000000080000000, 0x0000000100000000)
  region size 1024K, 1 young (1024K), 1 survivors (1024K)
 Metaspace       used 21283K, committed 21504K, reserved 491520K
  class space    used 2549K, committed 2688K, reserved 425984K
}
Event: 6.525 GC heap before
{Heap before GC invocations=6 (full 0):
 garbage-first heap   total 63488K, used 43660K [0x0000000080000000, 0x0000000100000000)
  region size 1024K, 26 young (26624K), 1 survivors (1024K)
 Metaspace       used 25659K, committed 25920K, reserved 491520K
  class space    used 3318K, committed 3456K, reserved 425984K
}
Event: 6.530 GC heap after
{Heap after GC invocations=7 (full 0):
 garbage-first heap   total 63488K, used 19359K [0x0000000080000000, 0x0000000100000000)
  region size 1024K, 3 young (3072K), 3 survivors (3072K)
 Metaspace       used 25659K, committed 25920K, reserved 491520K
  class space    used 3318K, committed 3456K, reserved 425984K
}
Event: 7.329 GC heap before
{Heap before GC invocations=7 (full 0):
 garbage-first heap   total 63488K, used 44959K [0x0000000080000000, 0x0000000100000000)
  region size 1024K, 28 young (28672K), 3 survivors (3072K)
 Metaspace       used 29599K, committed 29888K, reserved 491520K
  class space    used 3969K, committed 4096K, reserved 425984K
}
Event: 7.336 GC heap after
{Heap after GC invocations=8 (full 0):
 garbage-first heap   total 63488K, used 20832K [0x0000000080000000, 0x0000000100000000)
  region size 1024K, 3 young (3072K), 3 survivors (3072K)
 Metaspace       used 29599K, committed 29888K, reserved 491520K
  class space    used 3969K, committed 4096K, reserved 425984K
}
Event: 7.973 GC heap before
{Heap before GC invocations=8 (full 0):
 garbage-first heap   total 63488K, used 46432K [0x0000000080000000, 0x0000000100000000)
  region size 1024K, 28 young (28672K), 3 survivors (3072K)
 Metaspace       used 33602K, committed 33856K, reserved 491520K
  class space    used 4593K, committed 4736K, reserved 425984K
}
Event: 7.980 GC heap after
{Heap after GC invocations=9 (full 0):
 garbage-first heap   total 63488K, used 22226K [0x0000000080000000, 0x0000000100000000)
  region size 1024K, 3 young (3072K), 3 survivors (3072K)
 Metaspace       used 33602K, committed 33856K, reserved 491520K
  class space    used 4593K, committed 4736K, reserved 425984K
}
Event: 8.205 GC heap before
{Heap before GC invocations=9 (full 0):
 garbage-first heap   total 63488K, used 28370K [0x0000000080000000, 0x0000000100000000)
  region size 1024K, 11 young (11264K), 3 survivors (3072K)
 Metaspace       used 35754K, committed 35968K, reserved 491520K
  class space    used 4756K, committed 4864K, reserved 425984K
}
Event: 8.211 GC heap after
{Heap after GC invocations=10 (full 0):
 garbage-first heap   total 63488K, used 23429K [0x0000000080000000, 0x0000000100000000)
  region size 1024K, 3 young (3072K), 3 survivors (3072K)
 Metaspace       used 35754K, committed 35968K, reserved 491520K
  class space    used 4756K, committed 4864K, reserved 425984K
}
Event: 8.620 GC heap before
{Heap before GC invocations=11 (full 0):
 garbage-first heap   total 63488K, used 45957K [0x0000000080000000, 0x0000000100000000)
  region size 1024K, 26 young (26624K), 3 survivors (3072K)
 Metaspace       used 38803K, committed 39168K, reserved 491520K
  class space    used 5110K, committed 5248K, reserved 425984K
}
Event: 8.628 GC heap after
{Heap after GC invocations=12 (full 0):
 garbage-first heap   total 63488K, used 27096K [0x0000000080000000, 0x0000000100000000)
  region size 1024K, 4 young (4096K), 4 survivors (4096K)
 Metaspace       used 38803K, committed 39168K, reserved 491520K
  class space    used 5110K, committed 5248K, reserved 425984K
}
Event: 9.119 GC heap before
{Heap before GC invocations=13 (full 0):
 garbage-first heap   total 63488K, used 49624K [0x0000000080000000, 0x0000000100000000)
  region size 1024K, 24 young (24576K), 4 survivors (4096K)
 Metaspace       used 41554K, committed 41920K, reserved 491520K
  class space    used 5417K, committed 5568K, reserved 425984K
}
Event: 9.126 GC heap after
{Heap after GC invocations=14 (full 0):
 garbage-first heap   total 63488K, used 29122K [0x0000000080000000, 0x0000000100000000)
  region size 1024K, 3 young (3072K), 3 survivors (3072K)
 Metaspace       used 41554K, committed 41920K, reserved 491520K
  class space    used 5417K, committed 5568K, reserved 425984K
}

Dll operation events (2 events):
Event: 0.061 Loaded shared library C:\Program Files\Android\Android Studio\jbr\bin\java.dll
Event: 0.987 Loaded shared library C:\Program Files\Android\Android Studio\jbr\bin\verify.dll

Deoptimization events (20 events):
Event: 8.548 Thread 0x00000214ad95b590 DEOPT PACKING pc=0x0000021492541128 sp=0x000000ed3bdf8620
Event: 8.548 Thread 0x00000214ad95b590 DEOPT UNPACKING pc=0x0000021499477143 sp=0x000000ed3bdf7ac8 mode 0
Event: 8.563 Thread 0x00000214ad95b590 DEOPT PACKING pc=0x0000021492550540 sp=0x000000ed3bdf8d20
Event: 8.563 Thread 0x00000214ad95b590 DEOPT UNPACKING pc=0x0000021499477143 sp=0x000000ed3bdf8230 mode 0
Event: 8.799 Thread 0x00000214ad95b590 Uncommon trap: trap_request=0xffffff45 fr.pc=0x0000021499b0b010 relative=0x00000000000006d0
Event: 8.799 Thread 0x00000214ad95b590 Uncommon trap: reason=unstable_if action=reinterpret pc=0x0000021499b0b010 method=java.lang.Class.getPackageName()Ljava/lang/String; @ 55 c2
Event: 8.799 Thread 0x00000214ad95b590 DEOPT PACKING pc=0x0000021499b0b010 sp=0x000000ed3bdfa080
Event: 8.799 Thread 0x00000214ad95b590 DEOPT UNPACKING pc=0x00000214994769a3 sp=0x000000ed3bdfa040 mode 2
Event: 8.838 Thread 0x00000214ad95b590 Uncommon trap: trap_request=0xffffffde fr.pc=0x0000021499b425b8 relative=0x0000000000000458
Event: 8.838 Thread 0x00000214ad95b590 Uncommon trap: reason=class_check action=maybe_recompile pc=0x0000021499b425b8 method=java.util.regex.Pattern$Start.match(Ljava/util/regex/Matcher;ILjava/lang/CharSequence;)Z @ 44 c2
Event: 8.838 Thread 0x00000214ad95b590 DEOPT PACKING pc=0x0000021499b425b8 sp=0x000000ed3bdf88b0
Event: 8.838 Thread 0x00000214ad95b590 DEOPT UNPACKING pc=0x00000214994769a3 sp=0x000000ed3bdf87e0 mode 2
Event: 8.838 Thread 0x00000214ad95b590 Uncommon trap: trap_request=0xffffffde fr.pc=0x0000021499b425b8 relative=0x0000000000000458
Event: 8.838 Thread 0x00000214ad95b590 Uncommon trap: reason=class_check action=maybe_recompile pc=0x0000021499b425b8 method=java.util.regex.Pattern$Start.match(Ljava/util/regex/Matcher;ILjava/lang/CharSequence;)Z @ 44 c2
Event: 8.838 Thread 0x00000214ad95b590 DEOPT PACKING pc=0x0000021499b425b8 sp=0x000000ed3bdf88b0
Event: 8.838 Thread 0x00000214ad95b590 DEOPT UNPACKING pc=0x00000214994769a3 sp=0x000000ed3bdf87e0 mode 2
Event: 8.963 Thread 0x00000214ad95b590 Uncommon trap: trap_request=0xffffffde fr.pc=0x0000021499b425b8 relative=0x0000000000000458
Event: 8.963 Thread 0x00000214ad95b590 Uncommon trap: reason=class_check action=maybe_recompile pc=0x0000021499b425b8 method=java.util.regex.Pattern$Start.match(Ljava/util/regex/Matcher;ILjava/lang/CharSequence;)Z @ 44 c2
Event: 8.963 Thread 0x00000214ad95b590 DEOPT PACKING pc=0x0000021499b425b8 sp=0x000000ed3bdf9860
Event: 8.963 Thread 0x00000214ad95b590 DEOPT UNPACKING pc=0x00000214994769a3 sp=0x000000ed3bdf9790 mode 2

Classes unloaded (0 events):
No events

Classes redefined (0 events):
No events

Internal exceptions (20 events):
Event: 9.117 Thread 0x00000214ad95b590 Exception <a 'java/lang/ClassNotFoundException'{0x0000000082acac18}: groovy/lang/GString$1BeanInfo> (0x0000000082acac18) 
thrown [s\src\hotspot\share\classfile\systemDictionary.cpp, line 256]
Event: 9.118 Thread 0x00000214ad95b590 Exception <a 'java/lang/ClassNotFoundException'{0x0000000082aeebf0}: groovy/lang/GStringBeanInfo> (0x0000000082aeebf0) 
thrown [s\src\hotspot\share\classfile\systemDictionary.cpp, line 256]
Event: 9.127 Thread 0x00000214ad95b590 Exception <a 'java/lang/ClassNotFoundException'{0x0000000083d13068}: groovy/lang/GStringCustomizer> (0x0000000083d13068) 
thrown [s\src\hotspot\share\classfile\systemDictionary.cpp, line 256]
Event: 9.130 Thread 0x00000214ad95b590 Exception <a 'java/lang/ClassNotFoundException'{0x0000000083d415a0}: groovy/lang/GString$1Customizer> (0x0000000083d415a0) 
thrown [s\src\hotspot\share\classfile\systemDictionary.cpp, line 256]
Event: 9.144 Thread 0x00000214ad95b590 Exception <a 'java/lang/ClassNotFoundException'{0x0000000083ae00a8}: org/codehaus/groovy/runtime/GStringImplBeanInfo> (0x0000000083ae00a8) 
thrown [s\src\hotspot\share\classfile\systemDictionary.cpp, line 256]
Event: 9.153 Thread 0x00000214ad95b590 Exception <a 'java/lang/ClassNotFoundException'{0x000000008377df10}: org/codehaus/groovy/runtime/GStringImplCustomizer> (0x000000008377df10) 
thrown [s\src\hotspot\share\classfile\systemDictionary.cpp, line 256]
Event: 9.160 Thread 0x00000214ad95b590 Exception <a 'java/lang/ClassNotFoundException'{0x00000000837ca4f0}: ReactNativeModulesBeanInfo> (0x00000000837ca4f0) 
thrown [s\src\hotspot\share\classfile\systemDictionary.cpp, line 256]
Event: 9.160 Thread 0x00000214ad95b590 Exception <a 'java/lang/ClassNotFoundException'{0x00000000837d18f0}: ReactNativeModulesCustomizer> (0x00000000837d18f0) 
thrown [s\src\hotspot\share\classfile\systemDictionary.cpp, line 256]
Event: 9.176 Thread 0x00000214ad95b590 Exception <a 'java/lang/ClassNotFoundException'{0x0000000083542fd0}: java/util/ArrayListBeanInfo> (0x0000000083542fd0) 
thrown [s\src\hotspot\share\classfile\systemDictionary.cpp, line 256]
Event: 9.177 Thread 0x00000214ad95b590 Exception <a 'java/lang/ClassNotFoundException'{0x0000000083548140}: java/util/AbstractListBeanInfo> (0x0000000083548140) 
thrown [s\src\hotspot\share\classfile\systemDictionary.cpp, line 256]
Event: 9.177 Thread 0x00000214ad95b590 Exception <a 'java/lang/ClassNotFoundException'{0x000000008354d828}: java/util/AbstractCollectionBeanInfo> (0x000000008354d828) 
thrown [s\src\hotspot\share\classfile\systemDictionary.cpp, line 256]
Event: 9.177 Thread 0x00000214ad95b590 Exception <a 'java/lang/ClassNotFoundException'{0x0000000083553010}: java/util/AbstractCollectionCustomizer> (0x0000000083553010) 
thrown [s\src\hotspot\share\classfile\systemDictionary.cpp, line 256]
Event: 9.179 Thread 0x00000214ad95b590 Exception <a 'java/lang/ClassNotFoundException'{0x0000000083561980}: java/util/AbstractListCustomizer> (0x0000000083561980) 
thrown [s\src\hotspot\share\classfile\systemDictionary.cpp, line 256]
Event: 9.181 Thread 0x00000214ad95b590 Exception <a 'java/lang/ClassNotFoundException'{0x0000000083571de8}: java/util/ArrayListCustomizer> (0x0000000083571de8) 
thrown [s\src\hotspot\share\classfile\systemDictionary.cpp, line 256]
Event: 9.188 Thread 0x00000214ad95b590 Exception <a 'java/lang/ClassNotFoundException'{0x00000000835e5958}: java/util/HashMapBeanInfo> (0x00000000835e5958) 
thrown [s\src\hotspot\share\classfile\systemDictionary.cpp, line 256]
Event: 9.188 Thread 0x00000214ad95b590 Exception <a 'java/lang/ClassNotFoundException'{0x00000000835eaab8}: java/util/AbstractMapBeanInfo> (0x00000000835eaab8) 
thrown [s\src\hotspot\share\classfile\systemDictionary.cpp, line 256]
Event: 9.188 Thread 0x00000214ad95b590 Exception <a 'java/lang/ClassNotFoundException'{0x00000000835ef9f0}: java/util/AbstractMapCustomizer> (0x00000000835ef9f0) 
thrown [s\src\hotspot\share\classfile\systemDictionary.cpp, line 256]
Event: 9.190 Thread 0x00000214ad95b590 Exception <a 'java/lang/ClassNotFoundException'{0x00000000835fea70}: java/util/HashMapCustomizer> (0x00000000835fea70) 
thrown [s\src\hotspot\share\classfile\systemDictionary.cpp, line 256]
Event: 9.205 Thread 0x00000214ad95b590 Exception <a 'java/lang/ClassNotFoundException'{0x00000000834ae358}: java/lang/RuntimeBeanInfo> (0x00000000834ae358) 
thrown [s\src\hotspot\share\classfile\systemDictionary.cpp, line 256]
Event: 9.205 Thread 0x00000214ad95b590 Exception <a 'java/lang/ClassNotFoundException'{0x00000000834b39d8}: java/lang/RuntimeCustomizer> (0x00000000834b39d8) 
thrown [s\src\hotspot\share\classfile\systemDictionary.cpp, line 256]

VM Operations (20 events):
Event: 8.425 Executing VM operation: HandshakeAllThreads
Event: 8.425 Executing VM operation: HandshakeAllThreads done
Event: 8.430 Executing VM operation: HandshakeAllThreads
Event: 8.430 Executing VM operation: HandshakeAllThreads done
Event: 8.530 Executing VM operation: HandshakeAllThreads
Event: 8.530 Executing VM operation: HandshakeAllThreads done
Event: 8.620 Executing VM operation: G1CollectForAllocation
Event: 8.629 Executing VM operation: G1CollectForAllocation done
Event: 8.662 Executing VM operation: G1PauseRemark
Event: 8.665 Executing VM operation: G1PauseRemark done
Event: 8.679 Executing VM operation: G1PauseCleanup
Event: 8.679 Executing VM operation: G1PauseCleanup done
Event: 8.764 Executing VM operation: HandshakeAllThreads
Event: 8.764 Executing VM operation: HandshakeAllThreads done
Event: 8.765 Executing VM operation: HandshakeAllThreads
Event: 8.765 Executing VM operation: HandshakeAllThreads done
Event: 9.098 Executing VM operation: ICBufferFull
Event: 9.098 Executing VM operation: ICBufferFull done
Event: 9.118 Executing VM operation: G1CollectForAllocation
Event: 9.127 Executing VM operation: G1CollectForAllocation done

Events (20 events):
Event: 9.188 loading class java/util/AbstractMapBeanInfo
Event: 9.188 loading class java/util/AbstractMapBeanInfo done
Event: 9.188 loading class java/util/AbstractMapCustomizer
Event: 9.188 loading class java/util/AbstractMapCustomizer done
Event: 9.188 loading class java/util/AbstractMapCustomizer
Event: 9.188 loading class java/util/AbstractMapCustomizer done
Event: 9.189 loading class java/util/HashMapCustomizer
Event: 9.189 loading class java/util/HashMapCustomizer done
Event: 9.190 loading class java/util/HashMapCustomizer
Event: 9.190 loading class java/util/HashMapCustomizer done
Event: 9.205 loading class java/lang/RuntimeBeanInfo
Event: 9.205 loading class java/lang/RuntimeBeanInfo done
Event: 9.205 loading class java/lang/RuntimeBeanInfo
Event: 9.205 loading class java/lang/RuntimeBeanInfo done
Event: 9.205 loading class java/lang/RuntimeCustomizer
Event: 9.205 loading class java/lang/RuntimeCustomizer done
Event: 9.205 loading class java/lang/RuntimeCustomizer
Event: 9.205 loading class java/lang/RuntimeCustomizer done
Event: 9.209 loading class java/lang/ProcessImpl
Event: 9.210 loading class java/lang/ProcessImpl done


Dynamic libraries:
0x00007ff672370000 - 0x00007ff67237a000 	C:\Program Files\Android\Android Studio\jbr\bin\java.exe
0x00007ffab6a90000 - 0x00007ffab6c88000 	C:\Windows\SYSTEM32\ntdll.dll
0x00007ffab5020000 - 0x00007ffab50e2000 	C:\Windows\System32\KERNEL32.DLL
0x00007ffab4700000 - 0x00007ffab49ff000 	C:\Windows\System32\KERNELBASE.dll
0x00007ffab4130000 - 0x00007ffab4230000 	C:\Windows\System32\ucrtbase.dll
0x00007ffa5cc90000 - 0x00007ffa5cca7000 	C:\Program Files\Android\Android Studio\jbr\bin\jli.dll
0x00007ffa969a0000 - 0x00007ffa969bb000 	C:\Program Files\Android\Android Studio\jbr\bin\VCRUNTIME140.dll
0x00007ffab5f80000 - 0x00007ffab611d000 	C:\Windows\System32\USER32.dll
0x00007ffab4520000 - 0x00007ffab4542000 	C:\Windows\System32\win32u.dll
0x00007ffab5ee0000 - 0x00007ffab5f0b000 	C:\Windows\System32\GDI32.dll
0x00007ffab4550000 - 0x00007ffab466a000 	C:\Windows\System32\gdi32full.dll
0x00007ffab4430000 - 0x00007ffab44cd000 	C:\Windows\System32\msvcp_win.dll
0x00007ffaa4830000 - 0x00007ffaa4aca000 	C:\Windows\WinSxS\amd64_microsoft.windows.common-controls_6595b64144ccf1df_6.0.19041.4355_none_60b8b9eb71f62e16\COMCTL32.dll
0x00007ffab54b0000 - 0x00007ffab554e000 	C:\Windows\System32\msvcrt.dll
0x00007ffab4ab0000 - 0x00007ffab4adf000 	C:\Windows\System32\IMM32.DLL
0x00007ffaab700000 - 0x00007ffaab70c000 	C:\Program Files\Android\Android Studio\jbr\bin\vcruntime140_1.dll
0x00007ffa92930000 - 0x00007ffa929bd000 	C:\Program Files\Android\Android Studio\jbr\bin\msvcp140.dll
0x00007ffa60d60000 - 0x00007ffa619e3000 	C:\Program Files\Android\Android Studio\jbr\bin\server\jvm.dll
0x00007ffab51c0000 - 0x00007ffab526f000 	C:\Windows\System32\ADVAPI32.dll
0x00007ffab69b0000 - 0x00007ffab6a4f000 	C:\Windows\System32\sechost.dll
0x00007ffab4b00000 - 0x00007ffab4c23000 	C:\Windows\System32\RPCRT4.dll
0x00007ffab4400000 - 0x00007ffab4427000 	C:\Windows\System32\bcrypt.dll
0x00007ffaa0770000 - 0x00007ffaa0797000 	C:\Windows\SYSTEM32\WINMM.dll
0x00007ffab3f90000 - 0x00007ffab3fdb000 	C:\Windows\SYSTEM32\POWRPROF.dll
0x00007ffab1f60000 - 0x00007ffab1f6a000 	C:\Windows\SYSTEM32\VERSION.dll
0x00007ffaa1650000 - 0x00007ffaa1659000 	C:\Windows\SYSTEM32\WSOCK32.dll
0x00007ffab5770000 - 0x00007ffab57db000 	C:\Windows\System32\ws2_32.DLL
0x00007ffab3f70000 - 0x00007ffab3f82000 	C:\Windows\SYSTEM32\UMPDC.dll
0x00007ffab21b0000 - 0x00007ffab21c2000 	C:\Windows\SYSTEM32\kernel.appcore.dll
0x00007ffaa12e0000 - 0x00007ffaa12ea000 	C:\Program Files\Android\Android Studio\jbr\bin\jimage.dll
0x00007ffa9e8b0000 - 0x00007ffa9ea94000 	C:\Windows\SYSTEM32\DBGHELP.DLL
0x00007ffa9e870000 - 0x00007ffa9e8a4000 	C:\Windows\SYSTEM32\dbgcore.DLL
0x00007ffab4670000 - 0x00007ffab46f2000 	C:\Windows\System32\bcryptPrimitives.dll
0x00007ffa60d30000 - 0x00007ffa60d55000 	C:\Program Files\Android\Android Studio\jbr\bin\java.dll
0x00007ffa92d40000 - 0x00007ffa92d58000 	C:\Program Files\Android\Android Studio\jbr\bin\zip.dll
0x00007ffab6240000 - 0x00007ffab69ad000 	C:\Windows\System32\SHELL32.dll
0x00007ffab21d0000 - 0x00007ffab2974000 	C:\Windows\SYSTEM32\windows.storage.dll
0x00007ffab4c30000 - 0x00007ffab4f85000 	C:\Windows\System32\combase.dll
0x00007ffab3a90000 - 0x00007ffab3abf000 	C:\Windows\SYSTEM32\Wldp.dll
0x00007ffab50f0000 - 0x00007ffab51bd000 	C:\Windows\System32\OLEAUT32.dll
0x00007ffab5350000 - 0x00007ffab53fd000 	C:\Windows\System32\SHCORE.dll
0x00007ffab5f10000 - 0x00007ffab5f65000 	C:\Windows\System32\shlwapi.dll
0x00007ffab4060000 - 0x00007ffab4084000 	C:\Windows\SYSTEM32\profapi.dll
0x00007ffa74bc0000 - 0x00007ffa74bd9000 	C:\Program Files\Android\Android Studio\jbr\bin\net.dll
0x00007ffaab910000 - 0x00007ffaaba1a000 	C:\Windows\SYSTEM32\WINHTTP.dll
0x00007ffab37f0000 - 0x00007ffab385c000 	C:\Windows\system32\mswsock.dll
0x00007ffa604f0000 - 0x00007ffa60506000 	C:\Program Files\Android\Android Studio\jbr\bin\nio.dll
0x00007ffa9a6d0000 - 0x00007ffa9a6e0000 	C:\Program Files\Android\Android Studio\jbr\bin\verify.dll
0x00007ffaabce0000 - 0x00007ffaabd07000 	C:\Users\Developer\.gradle\native\e1d6ef7f7dcc3fd88c89a11ec53ec762bb8ba0a96d01ffa2cd45eb1d1d8dd5c5\windows-amd64\native-platform.dll
0x00007ffa5c910000 - 0x00007ffa5ca54000 	C:\Users\Developer\.gradle\native\0d407fdbe67a94daf76414ababcb853783967236a71b16ec16e742cd7a986fd3\windows-amd64\native-platform-file-events.dll
0x00007ffa9d6d0000 - 0x00007ffa9d6d9000 	C:\Program Files\Android\Android Studio\jbr\bin\management.dll
0x00007ffa9d220000 - 0x00007ffa9d22b000 	C:\Program Files\Android\Android Studio\jbr\bin\management_ext.dll
0x00007ffab5700000 - 0x00007ffab5708000 	C:\Windows\System32\PSAPI.DLL
0x00007ffab39f0000 - 0x00007ffab3a08000 	C:\Windows\SYSTEM32\CRYPTSP.dll
0x00007ffab3110000 - 0x00007ffab3144000 	C:\Windows\system32\rsaenh.dll
0x00007ffab4020000 - 0x00007ffab404e000 	C:\Windows\SYSTEM32\USERENV.dll
0x00007ffab39e0000 - 0x00007ffab39ec000 	C:\Windows\SYSTEM32\CRYPTBASE.dll
0x00007ffab34d0000 - 0x00007ffab350b000 	C:\Windows\SYSTEM32\IPHLPAPI.DLL
0x00007ffab5f70000 - 0x00007ffab5f78000 	C:\Windows\System32\NSI.dll
0x00007ffaad3c0000 - 0x00007ffaad3d7000 	C:\Windows\SYSTEM32\dhcpcsvc6.DLL
0x00007ffaad190000 - 0x00007ffaad1ad000 	C:\Windows\SYSTEM32\dhcpcsvc.DLL
0x00007ffab3510000 - 0x00007ffab35da000 	C:\Windows\SYSTEM32\DNSAPI.dll
0x00007ffa9f080000 - 0x00007ffa9f089000 	C:\Program Files\Android\Android Studio\jbr\bin\extnet.dll
0x00007ffaa0a60000 - 0x00007ffaa0a67000 	C:\Windows\system32\wshunix.dll

dbghelp: loaded successfully - version: 4.0.5 - missing functions: none
symbol engine: initialized successfully - sym options: 0x614 - pdb path: .;C:\Program Files\Android\Android Studio\jbr\bin;C:\Windows\SYSTEM32;C:\Windows\WinSxS\amd64_microsoft.windows.common-controls_6595b64144ccf1df_6.0.19041.4355_none_60b8b9eb71f62e16;C:\Program Files\Android\Android Studio\jbr\bin\server;C:\Users\Developer\.gradle\native\e1d6ef7f7dcc3fd88c89a11ec53ec762bb8ba0a96d01ffa2cd45eb1d1d8dd5c5\windows-amd64;C:\Users\Developer\.gradle\native\0d407fdbe67a94daf76414ababcb853783967236a71b16ec16e742cd7a986fd3\windows-amd64

VM Arguments:
jvm_args: -XX:MaxMetaspaceSize=512m --add-opens=java.base/java.util=ALL-UNNAMED --add-opens=java.base/java.lang=ALL-UNNAMED --add-opens=java.base/java.lang.invoke=ALL-UNNAMED --add-opens=java.base/java.util=ALL-UNNAMED --add-opens=java.prefs/java.util.prefs=ALL-UNNAMED --add-opens=java.prefs/java.util.prefs=ALL-UNNAMED --add-opens=java.base/java.nio.charset=ALL-UNNAMED --add-opens=java.base/java.net=ALL-UNNAMED --add-opens=java.base/java.util.concurrent.atomic=ALL-UNNAMED -Xmx2048m -Dfile.encoding=windows-1252 -Duser.country=US -Duser.language=en -Duser.variant 
java_command: org.gradle.launcher.daemon.bootstrap.GradleDaemon 7.5
java_class_path (initial): C:\Users\Developer\.gradle\wrapper\dists\gradle-7.5-bin\f1w0cc9nuo0eivz97x2xlu9sv\gradle-7.5\lib\gradle-launcher-7.5.jar
Launcher Type: SUN_STANDARD

[Global flags]
     intx CICompilerCount                          = 3                                         {product} {ergonomic}
   size_t CompressedClassSpaceSize                 = 436207616                                 {product} {ergonomic}
     uint ConcGCThreads                            = 1                                         {product} {ergonomic}
     uint G1ConcRefinementThreads                  = 4                                         {product} {ergonomic}
   size_t G1HeapRegionSize                         = 1048576                                   {product} {ergonomic}
    uintx GCDrainStackTargetSize                   = 64                                        {product} {ergonomic}
   size_t InitialHeapSize                          = 65011712                                  {product} {ergonomic}
   size_t MarkStackSize                            = 4194304                                   {product} {ergonomic}
   size_t MaxHeapSize                              = 2147483648                                {product} {command line}
   size_t MaxMetaspaceSize                         = 536870912                                 {product} {command line}
   size_t MaxNewSize                               = 1287651328                                {product} {ergonomic}
   size_t MinHeapDeltaBytes                        = 1048576                                   {product} {ergonomic}
   size_t MinHeapSize                              = 8388608                                   {product} {ergonomic}
    uintx NonNMethodCodeHeapSize                   = 5832780                                {pd product} {ergonomic}
    uintx NonProfiledCodeHeapSize                  = 122912730                              {pd product} {ergonomic}
    uintx ProfiledCodeHeapSize                     = 122912730                              {pd product} {ergonomic}
    uintx ReservedCodeCacheSize                    = 251658240                              {pd product} {ergonomic}
     bool SegmentedCodeCache                       = true                                      {product} {ergonomic}
   size_t SoftMaxHeapSize                          = 2147483648                             {manageable} {ergonomic}
     bool UseCompressedClassPointers               = true                           {product lp64_product} {ergonomic}
     bool UseCompressedOops                        = true                           {product lp64_product} {ergonomic}
     bool UseG1GC                                  = true                                      {product} {ergonomic}
     bool UseLargePagesIndividualAllocation        = false                                  {pd product} {ergonomic}

Logging:
Log output configuration:
 #0: stdout all=warning uptime,level,tags
 #1: stderr all=off uptime,level,tags

Environment Variables:
JAVA_HOME=C:\Program Files\Java\jdk-17
PATH=C:\Program Files\Common Files\Oracle\Java\javapath;C:\Program Files\Microsoft\jdk-17.0.13.11-hotspot\bin;C:\Python312\Scripts\;C:\Python312\;C:\Windows\system32;C:\Windows;C:\Windows\System32\Wbem;C:\Windows\System32\WindowsPowerShell\v1.0\;C:\Windows\System32\OpenSSH\;C:\ProgramData\chocolatey\bin;%LOCALAPPDATA%\Android\Sdk\platform-tools;C:\Program Files\nodejs\;C:\Program Files\Git\cmd;C:\Users\Developer\AppData\Local\Microsoft\WindowsApps;C:\Users\Developer\AppData\Local\Programs\Microsoft VS Code\bin;C:\Users\Developer\AppData\Roaming\npm;C:\Users\Developer\AppData\Local\Android\Sdk\platform-tools;
USERNAME=Developer
OS=Windows_NT
PROCESSOR_IDENTIFIER=Intel64 Family 6 Model 58 Stepping 9, GenuineIntel
TMP=C:\Users\DEVELO~1\AppData\Local\Temp
TEMP=C:\Users\DEVELO~1\AppData\Local\Temp



Periodic native trim disabled

JNI global refs:
JNI global refs: 22, weak refs: 3

JNI global refs memory usage: 843, weak refs: 841

Process memory usage:
Resident Set Size: 202108K (5% of 3977716K total physical memory with 90912K free physical memory)

OOME stack traces (most recent first):
Classloader memory used:
Loader org.gradle.internal.classloader.VisitableURLClassLoader                         : 2462K
Loader bootstrap                                                                       : 2301K
Loader org.gradle.initialization.MixInLegacyTypesClassLoader                           : 410K
Loader jdk.internal.loader.ClassLoaders$PlatformClassLoader                            : 64966B
Loader jdk.internal.loader.ClassLoaders$AppClassLoader                                 : 25675B
Loader org.gradle.groovy.scripts.internal.DefaultScriptCompilationHandler$ScriptClassLoader: 4066B
Loader jdk.internal.reflect.DelegatingClassLoader                                      : 3024B
Loader org.codehaus.groovy.runtime.callsite.CallSiteClassLoader                        : 2140B

Classes loaded by more than one classloader:
Class org.gradle.internal.installation.GradleInstallation                             : loaded 2 times (x 73B)
Class org.gradle.internal.classpath.ClassPath                                         : loaded 2 times (x 68B)
Class org.gradle.api.internal.classpath.DefaultModuleRegistry                         : loaded 2 times (x 84B)
Class org.gradle.api.Action                                                           : loaded 2 times (x 68B)
Class org.gradle.api.internal.DefaultClassPathProvider                                : loaded 2 times (x 74B)
Class org.gradle.internal.installation.GradleInstallation$1                           : loaded 2 times (x 73B)
Class org.gradle.internal.classloader.FilteringClassLoader                            : loaded 2 times (x 103B)
Class org.gradle.internal.classpath.DefaultClassPath$ImmutableUniqueList$Builder      : loaded 2 times (x 73B)
Class org.gradle.internal.classloader.ClassLoaderVisitor                              : loaded 2 times (x 74B)
Class org.gradle.internal.service.DefaultServiceLocator                               : loaded 2 times (x 81B)
Class org.gradle.internal.service.UnknownServiceException                             : loaded 2 times (x 81B)
Class org.gradle.internal.classloader.DefaultClassLoaderFactory                       : loaded 2 times (x 80B)
Class org.gradle.internal.classloader.VisitableURLClassLoader$Spec                    : loaded 2 times (x 72B)
Class org.gradle.api.GradleException                                                  : loaded 2 times (x 80B)
Class org.gradle.api.internal.classpath.ModuleRegistry                                : loaded 2 times (x 68B)
Class org.gradle.api.internal.ClassPathProvider                                       : loaded 2 times (x 68B)
Class org.gradle.internal.classloader.ClasspathUtil$1                                 : loaded 2 times (x 74B)
Class org.gradle.internal.classloader.ClassLoaderFactory                              : loaded 2 times (x 68B)
Class org.gradle.api.internal.classpath.ManifestUtil                                  : loaded 2 times (x 69B)
Class org.gradle.api.specs.Spec                                                       : loaded 2 times (x 68B)
Class org.gradle.internal.IoActions                                                   : loaded 2 times (x 69B)
Class org.gradle.api.internal.classpath.EffectiveClassPath                            : loaded 2 times (x 88B)
Class org.gradle.internal.installation.CurrentGradleInstallation                      : loaded 2 times (x 71B)
Class org.gradle.internal.installation.CurrentGradleInstallationLocator               : loaded 2 times (x 69B)
Class org.gradle.api.internal.classpath.Module                                        : loaded 2 times (x 68B)
Class org.gradle.internal.service.CachingServiceLocator                               : loaded 2 times (x 80B)
Class org.gradle.internal.classpath.DefaultClassPath                                  : loaded 2 times (x 88B)
Class org.gradle.api.Transformer                                                      : loaded 2 times (x 68B)
Class org.gradle.internal.classloader.SystemClassLoaderSpec                           : loaded 2 times (x 69B)
Class org.gradle.api.UncheckedIOException                                             : loaded 2 times (x 80B)
Class org.gradle.internal.classloader.ClasspathUtil                                   : loaded 2 times (x 69B)
Class org.gradle.api.internal.DefaultClassPathRegistry                                : loaded 2 times (x 74B)
Class org.gradle.api.internal.classpath.DefaultModuleRegistry$DefaultModule           : loaded 2 times (x 84B)
Class org.gradle.api.internal.classpath.UnknownModuleException                        : loaded 2 times (x 80B)
Class org.gradle.internal.service.ServiceLookupException                              : loaded 2 times (x 80B)
Class org.gradle.cache.GlobalCache                                                    : loaded 2 times (x 68B)
Class [Lorg.gradle.api.internal.ClassPathProvider;                                    : loaded 2 times (x 67B)
Class org.gradle.util.internal.GUtil                                                  : loaded 2 times (x 69B)
Class org.gradle.internal.classloader.ClassLoaderSpec                                 : loaded 2 times (x 69B)
Class org.gradle.internal.classloader.VisitableURLClassLoader                         : loaded 2 times (x 115B)
Class org.gradle.internal.Cast                                                        : loaded 2 times (x 69B)
Class org.gradle.api.internal.ClassPathRegistry                                       : loaded 2 times (x 68B)
Class org.gradle.internal.classloader.ClassLoaderHierarchy                            : loaded 2 times (x 68B)
Class org.gradle.internal.service.ServiceLocator                                      : loaded 2 times (x 68B)
Class org.gradle.internal.classpath.DefaultClassPath$ImmutableUniqueList              : loaded 2 times (x 159B)


---------------  S Y S T E M  ---------------

OS:
 Windows 10 , 64 bit Build 19041 (10.0.19041.5438)
OS uptime: 0 days 14:57 hours

CPU: total 4 (initial active 4) (2 cores per cpu, 2 threads per core) family 6 model 58 stepping 9 microcode 0x21, cx8, cmov, fxsr, ht, mmx, sse, sse2, sse3, ssse3, sse4.1, sse4.2, popcnt, tsc, tscinvbit, avx, erms, clmul, vzeroupper, clflush
Processor Information for all 4 processors :
  Max Mhz: 3300, Current Mhz: 3300, Mhz Limit: 3300

Memory: 4k page, system-wide physical 3884M (87M free)
TotalPageFile size 15660M (AvailPageFile size 7M)
current process WorkingSet (physical memory assigned to process): 197M, peak: 197M
current process commit charge ("private bytes"): 223M, peak: 225M

vm_info: OpenJDK 64-Bit Server VM (17.0.11+0--11852314) for windows-amd64 JRE (17.0.11+0--11852314), built on May 16 2024 21:29:20 by "androidbuild" with MS VC++ 16.10 / 16.11 (VS2019)

END.
