#
# There is insufficient memory for the Java Runtime Environment to continue.
# Native memory allocation (malloc) failed to allocate 1776496 bytes. Error detail: Chunk::new
# Possible reasons:
#   The system is out of physical RAM or swap space
#   This process is running with CompressedOops enabled, and the Java Heap may be blocking the growth of the native heap
# Possible solutions:
#   Reduce memory load on the system
#   Increase physical memory or swap space
#   Check if swap backing store is full
#   Decrease Java heap size (-Xmx/-Xms)
#   Decrease number of Java threads
#   Decrease Java thread stack sizes (-Xss)
#   Set larger code cache with -XX:ReservedCodeCacheSize=
#   JVM is running with Unscaled Compressed Oops mode in which the Java heap is
#     placed in the first 4GB address space. The Java Heap base address is the
#     maximum limit for the native heap growth. Please use -XX:HeapBaseMinAddress
#     to set the Java Heap base and to place the Java Heap above 4GB virtual address.
# This output file may be truncated or incomplete.
#
#  Out of Memory Error (arena.cpp:191), pid=11496, tid=9792
#
# JRE version: OpenJDK Runtime Environment (17.0.11) (build 17.0.11+0--11852314)
# Java VM: OpenJDK 64-Bit Server VM (17.0.11+0--11852314, mixed mode, tiered, compressed oops, compressed class ptrs, g1 gc, windows-amd64)
# No core dump will be written. Minidumps are not enabled by default on client versions of Windows
#

---------------  S U M M A R Y ------------

Command Line: org.jetbrains.kotlin.cli.jvm.K2JVMCompiler @D:\mydumbbells-app\node_modules\react-native-screens\android\build\20241118_16017209273265380966.compiler.options

Host: Intel(R) Core(TM) i3-3220 CPU @ 3.30GHz, 4 cores, 3G,  Windows 10 , 64 bit Build 19041 (10.0.19041.5072)
Time: Mon Nov 18 20:28:20 2024 India Standard Time elapsed time: 138.042006 seconds (0d 0h 2m 18s)

---------------  T H R E A D  ---------------

Current thread (0x0000029bfe55c110):  JavaThread "C2 CompilerThread0" daemon [_thread_in_native, id=9792, stack(0x000000c317f00000,0x000000c318000000)]


Current CompileTask:
C2: 138043 23400       4       org.jetbrains.kotlin.backend.jvm.mapping.MethodSignatureMapper::mapFunctionName (342 bytes)

Stack: [0x000000c317f00000,0x000000c318000000]
Native frames: (J=compiled Java code, j=interpreted, Vv=VM code, C=native code)
V  [jvm.dll+0x687bb9]
V  [jvm.dll+0x84142a]
V  [jvm.dll+0x8430ae]
V  [jvm.dll+0x843713]
V  [jvm.dll+0x24a35f]
V  [jvm.dll+0xac544]
V  [jvm.dll+0xacb8c]
V  [jvm.dll+0x369be2]
V  [jvm.dll+0x33416a]
V  [jvm.dll+0x33360a]
V  [jvm.dll+0x21bed1]
V  [jvm.dll+0x21b311]
V  [jvm.dll+0x1a63ed]
V  [jvm.dll+0x22b1ee]
V  [jvm.dll+0x229375]
V  [jvm.dll+0x7f5647]
V  [jvm.dll+0x7efa4a]
V  [jvm.dll+0x686a35]
C  [ucrtbase.dll+0x21bb2]
C  [KERNEL32.DLL+0x17374]
C  [ntdll.dll+0x4cc91]


---------------  P R O C E S S  ---------------

Threads class SMR info:
_java_thread_list=0x0000029b84a3a090, length=12, elements={
0x0000029be57d2410, 0x0000029bfe4ec990, 0x0000029bfe4ed810, 0x0000029bfe53e910,
0x0000029bfe53f4d0, 0x0000029bfe545eb0, 0x0000029bfe558010, 0x0000029bfe55c110,
0x0000029bfe566e40, 0x0000029bfe56a380, 0x0000029bfe8fa340, 0x0000029bfe909550
}

Java Threads: ( => current thread )
  0x0000029be57d2410 JavaThread "main" [_thread_in_Java, id=13012, stack(0x000000c317200000,0x000000c317300000)]
  0x0000029bfe4ec990 JavaThread "Reference Handler" daemon [_thread_blocked, id=5440, stack(0x000000c317900000,0x000000c317a00000)]
  0x0000029bfe4ed810 JavaThread "Finalizer" daemon [_thread_blocked, id=7296, stack(0x000000c317a00000,0x000000c317b00000)]
  0x0000029bfe53e910 JavaThread "Signal Dispatcher" daemon [_thread_blocked, id=11772, stack(0x000000c317b00000,0x000000c317c00000)]
  0x0000029bfe53f4d0 JavaThread "Attach Listener" daemon [_thread_blocked, id=2364, stack(0x000000c317c00000,0x000000c317d00000)]
  0x0000029bfe545eb0 JavaThread "Service Thread" daemon [_thread_blocked, id=1716, stack(0x000000c317d00000,0x000000c317e00000)]
  0x0000029bfe558010 JavaThread "Monitor Deflation Thread" daemon [_thread_blocked, id=8092, stack(0x000000c317e00000,0x000000c317f00000)]
=>0x0000029bfe55c110 JavaThread "C2 CompilerThread0" daemon [_thread_in_native, id=9792, stack(0x000000c317f00000,0x000000c318000000)]
  0x0000029bfe566e40 JavaThread "C1 CompilerThread0" daemon [_thread_in_native, id=7396, stack(0x000000c318000000,0x000000c318100000)]
  0x0000029bfe56a380 JavaThread "Sweeper thread" daemon [_thread_blocked, id=7832, stack(0x000000c318100000,0x000000c318200000)]
  0x0000029bfe8fa340 JavaThread "Notification Thread" daemon [_thread_blocked, id=6440, stack(0x000000c318200000,0x000000c318300000)]
  0x0000029bfe909550 JavaThread "Common-Cleaner" daemon [_thread_blocked, id=5300, stack(0x000000c318400000,0x000000c318500000)]

Other Threads:
  0x0000029be588ec00 VMThread "VM Thread" [stack: 0x000000c317800000,0x000000c317900000] [id=12444]
  0x0000029bfe8fd040 WatcherThread [stack: 0x000000c318300000,0x000000c318400000] [id=12408]
  0x0000029be580ac40 GCTaskThread "GC Thread#0" [stack: 0x000000c317300000,0x000000c317400000] [id=6020]
  0x0000029bfecd8200 GCTaskThread "GC Thread#1" [stack: 0x000000c318500000,0x000000c318600000] [id=9908]
  0x0000029bfecee6b0 GCTaskThread "GC Thread#2" [stack: 0x000000c318600000,0x000000c318700000] [id=9396]
  0x0000029bfecee970 GCTaskThread "GC Thread#3" [stack: 0x000000c318700000,0x000000c318800000] [id=3116]
  0x0000029be5813510 ConcurrentGCThread "G1 Main Marker" [stack: 0x000000c317400000,0x000000c317500000] [id=12048]
  0x0000029be5813f30 ConcurrentGCThread "G1 Conc#0" [stack: 0x000000c317500000,0x000000c317600000] [id=10904]
  0x0000029be58579a0 ConcurrentGCThread "G1 Refine#0" [stack: 0x000000c317600000,0x000000c317700000] [id=1928]
  0x0000029b84929030 ConcurrentGCThread "G1 Refine#1" [stack: 0x000000c318800000,0x000000c318900000] [id=10332]
  0x0000029b849278b0 ConcurrentGCThread "G1 Refine#2" [stack: 0x000000c316f00000,0x000000c317000000] [id=10980]
  0x0000029b8458b5a0 ConcurrentGCThread "G1 Refine#3" [stack: 0x000000c317000000,0x000000c317100000] [id=1760]
  0x0000029be58583d0 ConcurrentGCThread "G1 Service" [stack: 0x000000c317700000,0x000000c317800000] [id=3068]

Threads with active compile tasks:
C2 CompilerThread0   138122 23400       4       org.jetbrains.kotlin.backend.jvm.mapping.MethodSignatureMapper::mapFunctionName (342 bytes)
C1 CompilerThread0   138122 23610       2       org.jetbrains.kotlin.backend.jvm.codegen.IrCodegenUtilsKt::isDeprecatedFunction (120 bytes)

VM state: not at safepoint (normal execution)

VM Mutex/Monitor currently owned by a thread:  ([mutex/lock_event])
[0x0000029be57d0030] MethodCompileQueue_lock - owner thread: 0x0000000000000000

Heap address: 0x00000000c3400000, size: 972 MB, Compressed Oops mode: 32-bit

CDS archive(s) not mapped
Compressed class space mapped at: 0x0000000100000000-0x0000000140000000, reserved size: 1073741824
Narrow klass base: 0x0000000000000000, Narrow klass shift: 3, Narrow klass range: 0x140000000

GC Precious Log:
 CPUs: 4 total, 4 available
 Memory: 3884M
 Large Page Support: Disabled
 NUMA Support: Disabled
 Compressed Oops: Enabled (32-bit)
 Heap Region Size: 1M
 Heap Min Capacity: 8M
 Heap Initial Capacity: 62M
 Heap Max Capacity: 972M
 Pre-touch: Disabled
 Parallel Workers: 4
 Concurrent Workers: 1
 Concurrent Refinement Workers: 4
 Periodic GC: Disabled

Heap:
 garbage-first heap   total 299008K, used 170401K [0x00000000c3400000, 0x0000000100000000)
  region size 1024K, 12 young (12288K), 11 survivors (11264K)
 Metaspace       used 97022K, committed 97344K, reserved 1179648K
  class space    used 10247K, committed 10368K, reserved 1048576K

Heap Regions: E=young(eden), S=young(survivor), O=old, HS=humongous(starts), HC=humongous(continues), CS=collection set, F=free, OA=open archive, CA=closed archive, TAMS=top-at-mark-start (previous, next)
|   0|0x00000000c3400000, 0x00000000c3500000, 0x00000000c3500000|100%|HS|  |TAMS 0x00000000c3500000, 0x00000000c3400000| Complete 
|   1|0x00000000c3500000, 0x00000000c3600000, 0x00000000c3600000|100%|HC|  |TAMS 0x00000000c3600000, 0x00000000c3500000| Complete 
|   2|0x00000000c3600000, 0x00000000c3700000, 0x00000000c3700000|100%|HC|  |TAMS 0x00000000c3700000, 0x00000000c3600000| Complete 
|   3|0x00000000c3700000, 0x00000000c3800000, 0x00000000c3800000|100%|HC|  |TAMS 0x00000000c3800000, 0x00000000c3700000| Complete 
|   4|0x00000000c3800000, 0x00000000c3900000, 0x00000000c3900000|100%| O|  |TAMS 0x00000000c3900000, 0x00000000c3800000| Untracked 
|   5|0x00000000c3900000, 0x00000000c3a00000, 0x00000000c3a00000|100%| O|  |TAMS 0x00000000c3a00000, 0x00000000c3900000| Untracked 
|   6|0x00000000c3a00000, 0x00000000c3b00000, 0x00000000c3b00000|100%| O|  |TAMS 0x00000000c3b00000, 0x00000000c3a00000| Untracked 
|   7|0x00000000c3b00000, 0x00000000c3c00000, 0x00000000c3c00000|100%|HS|  |TAMS 0x00000000c3c00000, 0x00000000c3b00000| Complete 
|   8|0x00000000c3c00000, 0x00000000c3d00000, 0x00000000c3d00000|100%|HC|  |TAMS 0x00000000c3d00000, 0x00000000c3c00000| Complete 
|   9|0x00000000c3d00000, 0x00000000c3e00000, 0x00000000c3e00000|100%|HC|  |TAMS 0x00000000c3e00000, 0x00000000c3d00000| Complete 
|  10|0x00000000c3e00000, 0x00000000c3f00000, 0x00000000c3f00000|100%|HC|  |TAMS 0x00000000c3f00000, 0x00000000c3e00000| Complete 
|  11|0x00000000c3f00000, 0x00000000c4000000, 0x00000000c4000000|100%| O|  |TAMS 0x00000000c4000000, 0x00000000c3f00000| Untracked 
|  12|0x00000000c4000000, 0x00000000c4100000, 0x00000000c4100000|100%| O|  |TAMS 0x00000000c4100000, 0x00000000c4000000| Untracked 
|  13|0x00000000c4100000, 0x00000000c4200000, 0x00000000c4200000|100%| O|  |TAMS 0x00000000c4200000, 0x00000000c4100000| Untracked 
|  14|0x00000000c4200000, 0x00000000c4300000, 0x00000000c4300000|100%| O|  |TAMS 0x00000000c4300000, 0x00000000c4200000| Untracked 
|  15|0x00000000c4300000, 0x00000000c4400000, 0x00000000c4400000|100%| O|  |TAMS 0x00000000c4400000, 0x00000000c4300000| Untracked 
|  16|0x00000000c4400000, 0x00000000c4500000, 0x00000000c4500000|100%| O|  |TAMS 0x00000000c4500000, 0x00000000c4400000| Untracked 
|  17|0x00000000c4500000, 0x00000000c4600000, 0x00000000c4600000|100%| O|  |TAMS 0x00000000c4600000, 0x00000000c4500000| Untracked 
|  18|0x00000000c4600000, 0x00000000c4700000, 0x00000000c4700000|100%| O|  |TAMS 0x00000000c4700000, 0x00000000c4600000| Untracked 
|  19|0x00000000c4700000, 0x00000000c4800000, 0x00000000c4800000|100%| O|  |TAMS 0x00000000c4800000, 0x00000000c4700000| Untracked 
|  20|0x00000000c4800000, 0x00000000c4900000, 0x00000000c4900000|100%| O|  |TAMS 0x00000000c4900000, 0x00000000c4800000| Untracked 
|  21|0x00000000c4900000, 0x00000000c4a00000, 0x00000000c4a00000|100%| O|  |TAMS 0x00000000c4a00000, 0x00000000c4900000| Untracked 
|  22|0x00000000c4a00000, 0x00000000c4b00000, 0x00000000c4b00000|100%| O|  |TAMS 0x00000000c4b00000, 0x00000000c4a00000| Untracked 
|  23|0x00000000c4b00000, 0x00000000c4c00000, 0x00000000c4c00000|100%| O|  |TAMS 0x00000000c4c00000, 0x00000000c4b00000| Untracked 
|  24|0x00000000c4c00000, 0x00000000c4d00000, 0x00000000c4d00000|100%| O|  |TAMS 0x00000000c4d00000, 0x00000000c4c00000| Untracked 
|  25|0x00000000c4d00000, 0x00000000c4e00000, 0x00000000c4e00000|100%| O|  |TAMS 0x00000000c4e00000, 0x00000000c4d00000| Untracked 
|  26|0x00000000c4e00000, 0x00000000c4f00000, 0x00000000c4f00000|100%| O|  |TAMS 0x00000000c4f00000, 0x00000000c4e00000| Untracked 
|  27|0x00000000c4f00000, 0x00000000c5000000, 0x00000000c5000000|100%| O|  |TAMS 0x00000000c5000000, 0x00000000c4f00000| Untracked 
|  28|0x00000000c5000000, 0x00000000c5100000, 0x00000000c5100000|100%| O|  |TAMS 0x00000000c5100000, 0x00000000c5000000| Untracked 
|  29|0x00000000c5100000, 0x00000000c5200000, 0x00000000c5200000|100%| O|  |TAMS 0x00000000c5200000, 0x00000000c5100000| Untracked 
|  30|0x00000000c5200000, 0x00000000c5300000, 0x00000000c5300000|100%| O|  |TAMS 0x00000000c5300000, 0x00000000c5200000| Untracked 
|  31|0x00000000c5300000, 0x00000000c5400000, 0x00000000c5400000|100%| O|  |TAMS 0x00000000c5400000, 0x00000000c5300000| Untracked 
|  32|0x00000000c5400000, 0x00000000c5500000, 0x00000000c5500000|100%|HS|  |TAMS 0x00000000c5500000, 0x00000000c5400000| Complete 
|  33|0x00000000c5500000, 0x00000000c5600000, 0x00000000c5600000|100%|HC|  |TAMS 0x00000000c5600000, 0x00000000c5500000| Complete 
|  34|0x00000000c5600000, 0x00000000c5700000, 0x00000000c5700000|100%| O|  |TAMS 0x00000000c5700000, 0x00000000c5600000| Untracked 
|  35|0x00000000c5700000, 0x00000000c5800000, 0x00000000c5800000|100%| O|  |TAMS 0x00000000c5800000, 0x00000000c5700000| Untracked 
|  36|0x00000000c5800000, 0x00000000c5900000, 0x00000000c5900000|100%| O|  |TAMS 0x00000000c5900000, 0x00000000c5800000| Untracked 
|  37|0x00000000c5900000, 0x00000000c5a00000, 0x00000000c5a00000|100%| O|  |TAMS 0x00000000c5a00000, 0x00000000c5900000| Untracked 
|  38|0x00000000c5a00000, 0x00000000c5b00000, 0x00000000c5b00000|100%| O|  |TAMS 0x00000000c5b00000, 0x00000000c5a00000| Untracked 
|  39|0x00000000c5b00000, 0x00000000c5c00000, 0x00000000c5c00000|100%| O|  |TAMS 0x00000000c5c00000, 0x00000000c5b00000| Untracked 
|  40|0x00000000c5c00000, 0x00000000c5d00000, 0x00000000c5d00000|100%| O|  |TAMS 0x00000000c5d00000, 0x00000000c5c00000| Untracked 
|  41|0x00000000c5d00000, 0x00000000c5e00000, 0x00000000c5e00000|100%| O|  |TAMS 0x00000000c5d00000, 0x00000000c5d00000| Untracked 
|  42|0x00000000c5e00000, 0x00000000c5f00000, 0x00000000c5f00000|100%| O|  |TAMS 0x00000000c5f00000, 0x00000000c5e00000| Untracked 
|  43|0x00000000c5f00000, 0x00000000c6000000, 0x00000000c6000000|100%| O|  |TAMS 0x00000000c6000000, 0x00000000c5f00000| Untracked 
|  44|0x00000000c6000000, 0x00000000c6100000, 0x00000000c6100000|100%| O|  |TAMS 0x00000000c6100000, 0x00000000c6000000| Untracked 
|  45|0x00000000c6100000, 0x00000000c6200000, 0x00000000c6200000|100%| O|  |TAMS 0x00000000c6200000, 0x00000000c6100000| Untracked 
|  46|0x00000000c6200000, 0x00000000c6300000, 0x00000000c6300000|100%| O|  |TAMS 0x00000000c6300000, 0x00000000c6200000| Untracked 
|  47|0x00000000c6300000, 0x00000000c6400000, 0x00000000c6400000|100%| O|  |TAMS 0x00000000c6400000, 0x00000000c6300000| Untracked 
|  48|0x00000000c6400000, 0x00000000c6500000, 0x00000000c6500000|100%| O|  |TAMS 0x00000000c6500000, 0x00000000c6400000| Untracked 
|  49|0x00000000c6500000, 0x00000000c6600000, 0x00000000c6600000|100%| O|  |TAMS 0x00000000c6600000, 0x00000000c6500000| Untracked 
|  50|0x00000000c6600000, 0x00000000c6700000, 0x00000000c6700000|100%| O|  |TAMS 0x00000000c6700000, 0x00000000c6600000| Untracked 
|  51|0x00000000c6700000, 0x00000000c6800000, 0x00000000c6800000|100%| O|  |TAMS 0x00000000c6800000, 0x00000000c6700000| Untracked 
|  52|0x00000000c6800000, 0x00000000c6900000, 0x00000000c6900000|100%| O|  |TAMS 0x00000000c6900000, 0x00000000c6800000| Untracked 
|  53|0x00000000c6900000, 0x00000000c6a00000, 0x00000000c6a00000|100%| O|  |TAMS 0x00000000c6a00000, 0x00000000c6900000| Untracked 
|  54|0x00000000c6a00000, 0x00000000c6b00000, 0x00000000c6b00000|100%| O|  |TAMS 0x00000000c6b00000, 0x00000000c6a00000| Untracked 
|  55|0x00000000c6b00000, 0x00000000c6c00000, 0x00000000c6c00000|100%| O|  |TAMS 0x00000000c6c00000, 0x00000000c6b00000| Untracked 
|  56|0x00000000c6c00000, 0x00000000c6d00000, 0x00000000c6d00000|100%| O|  |TAMS 0x00000000c6d00000, 0x00000000c6c00000| Untracked 
|  57|0x00000000c6d00000, 0x00000000c6e00000, 0x00000000c6e00000|100%| O|  |TAMS 0x00000000c6e00000, 0x00000000c6d00000| Untracked 
|  58|0x00000000c6e00000, 0x00000000c6f00000, 0x00000000c6f00000|100%| O|  |TAMS 0x00000000c6f00000, 0x00000000c6e00000| Untracked 
|  59|0x00000000c6f00000, 0x00000000c7000000, 0x00000000c7000000|100%| O|  |TAMS 0x00000000c7000000, 0x00000000c6f00000| Untracked 
|  60|0x00000000c7000000, 0x00000000c7100000, 0x00000000c7100000|100%| O|  |TAMS 0x00000000c7100000, 0x00000000c7000000| Untracked 
|  61|0x00000000c7100000, 0x00000000c7200000, 0x00000000c7200000|100%| O|  |TAMS 0x00000000c7200000, 0x00000000c7100000| Untracked 
|  62|0x00000000c7200000, 0x00000000c7300000, 0x00000000c7300000|100%| O|  |TAMS 0x00000000c7300000, 0x00000000c7200000| Untracked 
|  63|0x00000000c7300000, 0x00000000c7400000, 0x00000000c7400000|100%| O|  |TAMS 0x00000000c7400000, 0x00000000c7300000| Untracked 
|  64|0x00000000c7400000, 0x00000000c7500000, 0x00000000c7500000|100%| O|  |TAMS 0x00000000c7500000, 0x00000000c7400000| Untracked 
|  65|0x00000000c7500000, 0x00000000c7600000, 0x00000000c7600000|100%| O|  |TAMS 0x00000000c7600000, 0x00000000c7500000| Untracked 
|  66|0x00000000c7600000, 0x00000000c7700000, 0x00000000c7700000|100%| O|  |TAMS 0x00000000c7700000, 0x00000000c7600000| Untracked 
|  67|0x00000000c7700000, 0x00000000c7800000, 0x00000000c7800000|100%| O|  |TAMS 0x00000000c7800000, 0x00000000c7700000| Untracked 
|  68|0x00000000c7800000, 0x00000000c7900000, 0x00000000c7900000|100%| O|  |TAMS 0x00000000c7800000, 0x00000000c7800000| Untracked 
|  69|0x00000000c7900000, 0x00000000c7a00000, 0x00000000c7a00000|100%| O|  |TAMS 0x00000000c7a00000, 0x00000000c7900000| Untracked 
|  70|0x00000000c7a00000, 0x00000000c7b00000, 0x00000000c7b00000|100%| O|  |TAMS 0x00000000c7b00000, 0x00000000c7a00000| Untracked 
|  71|0x00000000c7b00000, 0x00000000c7c00000, 0x00000000c7c00000|100%| O|  |TAMS 0x00000000c7c00000, 0x00000000c7b00000| Untracked 
|  72|0x00000000c7c00000, 0x00000000c7d00000, 0x00000000c7d00000|100%| O|  |TAMS 0x00000000c7d00000, 0x00000000c7c00000| Untracked 
|  73|0x00000000c7d00000, 0x00000000c7e00000, 0x00000000c7e00000|100%| O|  |TAMS 0x00000000c7e00000, 0x00000000c7d00000| Untracked 
|  74|0x00000000c7e00000, 0x00000000c7f00000, 0x00000000c7f00000|100%| O|  |TAMS 0x00000000c7f00000, 0x00000000c7e00000| Untracked 
|  75|0x00000000c7f00000, 0x00000000c8000000, 0x00000000c8000000|100%| O|  |TAMS 0x00000000c8000000, 0x00000000c7f00000| Untracked 
|  76|0x00000000c8000000, 0x00000000c8100000, 0x00000000c8100000|100%| O|  |TAMS 0x00000000c8100000, 0x00000000c8000000| Untracked 
|  77|0x00000000c8100000, 0x00000000c8200000, 0x00000000c8200000|100%| O|  |TAMS 0x00000000c8200000, 0x00000000c8100000| Untracked 
|  78|0x00000000c8200000, 0x00000000c8300000, 0x00000000c8300000|100%| O|  |TAMS 0x00000000c8300000, 0x00000000c8200000| Untracked 
|  79|0x00000000c8300000, 0x00000000c8400000, 0x00000000c8400000|100%| O|  |TAMS 0x00000000c8400000, 0x00000000c8300000| Untracked 
|  80|0x00000000c8400000, 0x00000000c8500000, 0x00000000c8500000|100%|HS|  |TAMS 0x00000000c8500000, 0x00000000c8400000| Complete 
|  81|0x00000000c8500000, 0x00000000c8600000, 0x00000000c8600000|100%|HC|  |TAMS 0x00000000c8600000, 0x00000000c8500000| Complete 
|  82|0x00000000c8600000, 0x00000000c8700000, 0x00000000c8700000|100%| O|  |TAMS 0x00000000c8700000, 0x00000000c8600000| Untracked 
|  83|0x00000000c8700000, 0x00000000c8800000, 0x00000000c8800000|100%| O|  |TAMS 0x00000000c8800000, 0x00000000c8700000| Untracked 
|  84|0x00000000c8800000, 0x00000000c8900000, 0x00000000c8900000|100%| O|  |TAMS 0x00000000c8900000, 0x00000000c8800000| Untracked 
|  85|0x00000000c8900000, 0x00000000c8a00000, 0x00000000c8a00000|100%| O|  |TAMS 0x00000000c8a00000, 0x00000000c8900000| Untracked 
|  86|0x00000000c8a00000, 0x00000000c8b00000, 0x00000000c8b00000|100%| O|  |TAMS 0x00000000c8b00000, 0x00000000c8a00000| Untracked 
|  87|0x00000000c8b00000, 0x00000000c8c00000, 0x00000000c8c00000|100%| O|  |TAMS 0x00000000c8c00000, 0x00000000c8b00000| Untracked 
|  88|0x00000000c8c00000, 0x00000000c8d00000, 0x00000000c8d00000|100%| O|  |TAMS 0x00000000c8d00000, 0x00000000c8c00000| Untracked 
|  89|0x00000000c8d00000, 0x00000000c8e00000, 0x00000000c8e00000|100%| O|  |TAMS 0x00000000c8e00000, 0x00000000c8d00000| Untracked 
|  90|0x00000000c8e00000, 0x00000000c8f00000, 0x00000000c8f00000|100%| O|  |TAMS 0x00000000c8f00000, 0x00000000c8e00000| Untracked 
|  91|0x00000000c8f00000, 0x00000000c9000000, 0x00000000c9000000|100%| O|  |TAMS 0x00000000c9000000, 0x00000000c8f00000| Untracked 
|  92|0x00000000c9000000, 0x00000000c9100000, 0x00000000c9100000|100%| O|  |TAMS 0x00000000c9100000, 0x00000000c9000000| Untracked 
|  93|0x00000000c9100000, 0x00000000c9200000, 0x00000000c9200000|100%| O|  |TAMS 0x00000000c9200000, 0x00000000c9100000| Untracked 
|  94|0x00000000c9200000, 0x00000000c9300000, 0x00000000c9300000|100%| O|  |TAMS 0x00000000c9300000, 0x00000000c9200000| Untracked 
|  95|0x00000000c9300000, 0x00000000c9400000, 0x00000000c9400000|100%| O|  |TAMS 0x00000000c9400000, 0x00000000c9300000| Untracked 
|  96|0x00000000c9400000, 0x00000000c9500000, 0x00000000c9500000|100%| O|  |TAMS 0x00000000c9500000, 0x00000000c9400000| Untracked 
|  97|0x00000000c9500000, 0x00000000c9600000, 0x00000000c9600000|100%| O|  |TAMS 0x00000000c9600000, 0x00000000c9500000| Untracked 
|  98|0x00000000c9600000, 0x00000000c9700000, 0x00000000c9700000|100%| O|  |TAMS 0x00000000c9600000, 0x00000000c9600000| Untracked 
|  99|0x00000000c9700000, 0x00000000c9800000, 0x00000000c9800000|100%| O|  |TAMS 0x00000000c9800000, 0x00000000c9700000| Untracked 
| 100|0x00000000c9800000, 0x00000000c9900000, 0x00000000c9900000|100%| O|  |TAMS 0x00000000c9900000, 0x00000000c9800000| Untracked 
| 101|0x00000000c9900000, 0x00000000c9a00000, 0x00000000c9a00000|100%| O|  |TAMS 0x00000000c9a00000, 0x00000000c9900000| Untracked 
| 102|0x00000000c9a00000, 0x00000000c9b00000, 0x00000000c9b00000|100%| O|  |TAMS 0x00000000c9b00000, 0x00000000c9a00000| Untracked 
| 103|0x00000000c9b00000, 0x00000000c9c00000, 0x00000000c9c00000|100%| O|  |TAMS 0x00000000c9c00000, 0x00000000c9b00000| Untracked 
| 104|0x00000000c9c00000, 0x00000000c9d00000, 0x00000000c9d00000|100%| O|  |TAMS 0x00000000c9d00000, 0x00000000c9c00000| Untracked 
| 105|0x00000000c9d00000, 0x00000000c9e00000, 0x00000000c9e00000|100%| O|  |TAMS 0x00000000c9e00000, 0x00000000c9d00000| Untracked 
| 106|0x00000000c9e00000, 0x00000000c9f00000, 0x00000000c9f00000|100%| O|  |TAMS 0x00000000c9f00000, 0x00000000c9e00000| Untracked 
| 107|0x00000000c9f00000, 0x00000000ca000000, 0x00000000ca000000|100%| O|  |TAMS 0x00000000ca000000, 0x00000000c9f00000| Untracked 
| 108|0x00000000ca000000, 0x00000000ca100000, 0x00000000ca100000|100%| O|  |TAMS 0x00000000ca100000, 0x00000000ca000000| Untracked 
| 109|0x00000000ca100000, 0x00000000ca200000, 0x00000000ca200000|100%| O|  |TAMS 0x00000000ca200000, 0x00000000ca100000| Untracked 
| 110|0x00000000ca200000, 0x00000000ca300000, 0x00000000ca300000|100%| O|  |TAMS 0x00000000ca300000, 0x00000000ca200000| Untracked 
| 111|0x00000000ca300000, 0x00000000ca400000, 0x00000000ca400000|100%| O|  |TAMS 0x00000000ca36c800, 0x00000000ca300000| Untracked 
| 112|0x00000000ca400000, 0x00000000ca500000, 0x00000000ca500000|100%| O|  |TAMS 0x00000000ca400000, 0x00000000ca400000| Untracked 
| 113|0x00000000ca500000, 0x00000000ca600000, 0x00000000ca600000|100%| O|  |TAMS 0x00000000ca500000, 0x00000000ca500000| Untracked 
| 114|0x00000000ca600000, 0x00000000ca700000, 0x00000000ca700000|100%| O|  |TAMS 0x00000000ca600000, 0x00000000ca600000| Untracked 
| 115|0x00000000ca700000, 0x00000000ca800000, 0x00000000ca800000|100%| O|  |TAMS 0x00000000ca700000, 0x00000000ca700000| Untracked 
| 116|0x00000000ca800000, 0x00000000ca900000, 0x00000000ca900000|100%| O|  |TAMS 0x00000000ca800000, 0x00000000ca800000| Untracked 
| 117|0x00000000ca900000, 0x00000000caa00000, 0x00000000caa00000|100%| O|  |TAMS 0x00000000ca900000, 0x00000000ca900000| Untracked 
| 118|0x00000000caa00000, 0x00000000cab00000, 0x00000000cab00000|100%| O|  |TAMS 0x00000000caa00000, 0x00000000caa00000| Untracked 
| 119|0x00000000cab00000, 0x00000000cac00000, 0x00000000cac00000|100%| O|  |TAMS 0x00000000cab00000, 0x00000000cab00000| Untracked 
| 120|0x00000000cac00000, 0x00000000cad00000, 0x00000000cad00000|100%| O|  |TAMS 0x00000000cac00000, 0x00000000cac00000| Untracked 
| 121|0x00000000cad00000, 0x00000000cae00000, 0x00000000cae00000|100%| O|  |TAMS 0x00000000cad00000, 0x00000000cad00000| Untracked 
| 122|0x00000000cae00000, 0x00000000caf00000, 0x00000000caf00000|100%| O|  |TAMS 0x00000000cae00000, 0x00000000cae00000| Untracked 
| 123|0x00000000caf00000, 0x00000000cb000000, 0x00000000cb000000|100%| O|  |TAMS 0x00000000caf00000, 0x00000000caf00000| Untracked 
| 124|0x00000000cb000000, 0x00000000cb100000, 0x00000000cb100000|100%| O|  |TAMS 0x00000000cb000000, 0x00000000cb000000| Untracked 
| 125|0x00000000cb100000, 0x00000000cb200000, 0x00000000cb200000|100%| O|  |TAMS 0x00000000cb100000, 0x00000000cb100000| Untracked 
| 126|0x00000000cb200000, 0x00000000cb300000, 0x00000000cb300000|100%| O|  |TAMS 0x00000000cb200000, 0x00000000cb200000| Untracked 
| 127|0x00000000cb300000, 0x00000000cb400000, 0x00000000cb400000|100%| O|  |TAMS 0x00000000cb300000, 0x00000000cb300000| Untracked 
| 128|0x00000000cb400000, 0x00000000cb500000, 0x00000000cb500000|100%| O|  |TAMS 0x00000000cb400000, 0x00000000cb400000| Untracked 
| 129|0x00000000cb500000, 0x00000000cb600000, 0x00000000cb600000|100%| O|  |TAMS 0x00000000cb500000, 0x00000000cb500000| Untracked 
| 130|0x00000000cb600000, 0x00000000cb700000, 0x00000000cb700000|100%| O|  |TAMS 0x00000000cb600000, 0x00000000cb600000| Untracked 
| 131|0x00000000cb700000, 0x00000000cb800000, 0x00000000cb800000|100%| O|  |TAMS 0x00000000cb700000, 0x00000000cb700000| Untracked 
| 132|0x00000000cb800000, 0x00000000cb900000, 0x00000000cb900000|100%| O|  |TAMS 0x00000000cb800000, 0x00000000cb800000| Untracked 
| 133|0x00000000cb900000, 0x00000000cba00000, 0x00000000cba00000|100%| O|  |TAMS 0x00000000cb900000, 0x00000000cb900000| Untracked 
| 134|0x00000000cba00000, 0x00000000cbb00000, 0x00000000cbb00000|100%| O|  |TAMS 0x00000000cba00000, 0x00000000cba00000| Untracked 
| 135|0x00000000cbb00000, 0x00000000cbc00000, 0x00000000cbc00000|100%| O|  |TAMS 0x00000000cbb00000, 0x00000000cbb00000| Untracked 
| 136|0x00000000cbc00000, 0x00000000cbd00000, 0x00000000cbd00000|100%| O|  |TAMS 0x00000000cbc00000, 0x00000000cbc00000| Untracked 
| 137|0x00000000cbd00000, 0x00000000cbe00000, 0x00000000cbe00000|100%| O|  |TAMS 0x00000000cbd00000, 0x00000000cbd00000| Untracked 
| 138|0x00000000cbe00000, 0x00000000cbf00000, 0x00000000cbf00000|100%| O|  |TAMS 0x00000000cbe00000, 0x00000000cbe00000| Untracked 
| 139|0x00000000cbf00000, 0x00000000cc000000, 0x00000000cc000000|100%| O|  |TAMS 0x00000000cbf00000, 0x00000000cbf00000| Untracked 
| 140|0x00000000cc000000, 0x00000000cc100000, 0x00000000cc100000|100%| O|  |TAMS 0x00000000cc000000, 0x00000000cc000000| Untracked 
| 141|0x00000000cc100000, 0x00000000cc200000, 0x00000000cc200000|100%| O|  |TAMS 0x00000000cc100000, 0x00000000cc100000| Untracked 
| 142|0x00000000cc200000, 0x00000000cc300000, 0x00000000cc300000|100%| O|  |TAMS 0x00000000cc200000, 0x00000000cc200000| Untracked 
| 143|0x00000000cc300000, 0x00000000cc400000, 0x00000000cc400000|100%| O|  |TAMS 0x00000000cc300000, 0x00000000cc300000| Untracked 
| 144|0x00000000cc400000, 0x00000000cc500000, 0x00000000cc500000|100%| O|  |TAMS 0x00000000cc400000, 0x00000000cc400000| Untracked 
| 145|0x00000000cc500000, 0x00000000cc600000, 0x00000000cc600000|100%| O|  |TAMS 0x00000000cc500000, 0x00000000cc500000| Untracked 
| 146|0x00000000cc600000, 0x00000000cc700000, 0x00000000cc700000|100%| O|  |TAMS 0x00000000cc600000, 0x00000000cc600000| Untracked 
| 147|0x00000000cc700000, 0x00000000cc800000, 0x00000000cc800000|100%| O|  |TAMS 0x00000000cc700000, 0x00000000cc700000| Untracked 
| 148|0x00000000cc800000, 0x00000000cc900000, 0x00000000cc900000|100%| O|  |TAMS 0x00000000cc800000, 0x00000000cc800000| Untracked 
| 149|0x00000000cc900000, 0x00000000cca00000, 0x00000000cca00000|100%| O|  |TAMS 0x00000000cc900000, 0x00000000cc900000| Untracked 
| 150|0x00000000cca00000, 0x00000000ccb00000, 0x00000000ccb00000|100%| O|  |TAMS 0x00000000cca00000, 0x00000000cca00000| Untracked 
| 151|0x00000000ccb00000, 0x00000000ccc00000, 0x00000000ccc00000|100%| O|  |TAMS 0x00000000ccb00000, 0x00000000ccb00000| Untracked 
| 152|0x00000000ccc00000, 0x00000000ccd00000, 0x00000000ccd00000|100%| O|  |TAMS 0x00000000ccc00000, 0x00000000ccc00000| Untracked 
| 153|0x00000000ccd00000, 0x00000000cce00000, 0x00000000cce00000|100%| O|  |TAMS 0x00000000ccd00000, 0x00000000ccd00000| Untracked 
| 154|0x00000000cce00000, 0x00000000ccf00000, 0x00000000ccf00000|100%| O|  |TAMS 0x00000000cce00000, 0x00000000cce00000| Untracked 
| 155|0x00000000ccf00000, 0x00000000ccfce000, 0x00000000cd000000| 80%| O|  |TAMS 0x00000000ccf00000, 0x00000000ccf00000| Untracked 
| 156|0x00000000cd000000, 0x00000000cd000000, 0x00000000cd100000|  0%| F|  |TAMS 0x00000000cd000000, 0x00000000cd000000| Untracked 
| 157|0x00000000cd100000, 0x00000000cd100000, 0x00000000cd200000|  0%| F|  |TAMS 0x00000000cd100000, 0x00000000cd100000| Untracked 
| 158|0x00000000cd200000, 0x00000000cd200000, 0x00000000cd300000|  0%| F|  |TAMS 0x00000000cd200000, 0x00000000cd200000| Untracked 
| 159|0x00000000cd300000, 0x00000000cd300000, 0x00000000cd400000|  0%| F|  |TAMS 0x00000000cd300000, 0x00000000cd300000| Untracked 
| 160|0x00000000cd400000, 0x00000000cd400000, 0x00000000cd500000|  0%| F|  |TAMS 0x00000000cd400000, 0x00000000cd400000| Untracked 
| 161|0x00000000cd500000, 0x00000000cd500000, 0x00000000cd600000|  0%| F|  |TAMS 0x00000000cd500000, 0x00000000cd500000| Untracked 
| 162|0x00000000cd600000, 0x00000000cd600000, 0x00000000cd700000|  0%| F|  |TAMS 0x00000000cd600000, 0x00000000cd600000| Untracked 
| 163|0x00000000cd700000, 0x00000000cd700000, 0x00000000cd800000|  0%| F|  |TAMS 0x00000000cd700000, 0x00000000cd700000| Untracked 
| 164|0x00000000cd800000, 0x00000000cd800000, 0x00000000cd900000|  0%| F|  |TAMS 0x00000000cd800000, 0x00000000cd800000| Untracked 
| 165|0x00000000cd900000, 0x00000000cd900000, 0x00000000cda00000|  0%| F|  |TAMS 0x00000000cd900000, 0x00000000cd900000| Untracked 
| 166|0x00000000cda00000, 0x00000000cda00000, 0x00000000cdb00000|  0%| F|  |TAMS 0x00000000cda00000, 0x00000000cda00000| Untracked 
| 167|0x00000000cdb00000, 0x00000000cdb00000, 0x00000000cdc00000|  0%| F|  |TAMS 0x00000000cdb00000, 0x00000000cdb00000| Untracked 
| 168|0x00000000cdc00000, 0x00000000cdc00000, 0x00000000cdd00000|  0%| F|  |TAMS 0x00000000cdc00000, 0x00000000cdc00000| Untracked 
| 169|0x00000000cdd00000, 0x00000000cdd00000, 0x00000000cde00000|  0%| F|  |TAMS 0x00000000cdd00000, 0x00000000cdd00000| Untracked 
| 170|0x00000000cde00000, 0x00000000cde00000, 0x00000000cdf00000|  0%| F|  |TAMS 0x00000000cde00000, 0x00000000cde00000| Untracked 
| 171|0x00000000cdf00000, 0x00000000cdf00000, 0x00000000ce000000|  0%| F|  |TAMS 0x00000000cdf00000, 0x00000000cdf00000| Untracked 
| 172|0x00000000ce000000, 0x00000000ce000000, 0x00000000ce100000|  0%| F|  |TAMS 0x00000000ce000000, 0x00000000ce000000| Untracked 
| 173|0x00000000ce100000, 0x00000000ce100000, 0x00000000ce200000|  0%| F|  |TAMS 0x00000000ce100000, 0x00000000ce100000| Untracked 
| 174|0x00000000ce200000, 0x00000000ce200000, 0x00000000ce300000|  0%| F|  |TAMS 0x00000000ce200000, 0x00000000ce200000| Untracked 
| 175|0x00000000ce300000, 0x00000000ce300000, 0x00000000ce400000|  0%| F|  |TAMS 0x00000000ce300000, 0x00000000ce300000| Untracked 
| 176|0x00000000ce400000, 0x00000000ce400000, 0x00000000ce500000|  0%| F|  |TAMS 0x00000000ce400000, 0x00000000ce400000| Untracked 
| 177|0x00000000ce500000, 0x00000000ce500000, 0x00000000ce600000|  0%| F|  |TAMS 0x00000000ce500000, 0x00000000ce500000| Untracked 
| 178|0x00000000ce600000, 0x00000000ce600000, 0x00000000ce700000|  0%| F|  |TAMS 0x00000000ce600000, 0x00000000ce600000| Untracked 
| 179|0x00000000ce700000, 0x00000000ce700000, 0x00000000ce800000|  0%| F|  |TAMS 0x00000000ce700000, 0x00000000ce700000| Untracked 
| 180|0x00000000ce800000, 0x00000000ce800000, 0x00000000ce900000|  0%| F|  |TAMS 0x00000000ce800000, 0x00000000ce800000| Untracked 
| 181|0x00000000ce900000, 0x00000000ce900000, 0x00000000cea00000|  0%| F|  |TAMS 0x00000000ce900000, 0x00000000ce900000| Untracked 
| 182|0x00000000cea00000, 0x00000000cea00000, 0x00000000ceb00000|  0%| F|  |TAMS 0x00000000cea00000, 0x00000000cea00000| Untracked 
| 183|0x00000000ceb00000, 0x00000000ceb00000, 0x00000000cec00000|  0%| F|  |TAMS 0x00000000ceb00000, 0x00000000ceb00000| Untracked 
| 184|0x00000000cec00000, 0x00000000cec00000, 0x00000000ced00000|  0%| F|  |TAMS 0x00000000cec00000, 0x00000000cec00000| Untracked 
| 185|0x00000000ced00000, 0x00000000ced00000, 0x00000000cee00000|  0%| F|  |TAMS 0x00000000ced00000, 0x00000000ced00000| Untracked 
| 186|0x00000000cee00000, 0x00000000cee00000, 0x00000000cef00000|  0%| F|  |TAMS 0x00000000cee00000, 0x00000000cee00000| Untracked 
| 187|0x00000000cef00000, 0x00000000cef00000, 0x00000000cf000000|  0%| F|  |TAMS 0x00000000cef00000, 0x00000000cef00000| Untracked 
| 188|0x00000000cf000000, 0x00000000cf000000, 0x00000000cf100000|  0%| F|  |TAMS 0x00000000cf000000, 0x00000000cf000000| Untracked 
| 189|0x00000000cf100000, 0x00000000cf100000, 0x00000000cf200000|  0%| F|  |TAMS 0x00000000cf100000, 0x00000000cf100000| Untracked 
| 190|0x00000000cf200000, 0x00000000cf200000, 0x00000000cf300000|  0%| F|  |TAMS 0x00000000cf200000, 0x00000000cf200000| Untracked 
| 191|0x00000000cf300000, 0x00000000cf39a610, 0x00000000cf400000| 60%| S|CS|TAMS 0x00000000cf300000, 0x00000000cf300000| Complete 
| 192|0x00000000cf400000, 0x00000000cf500000, 0x00000000cf500000|100%| S|CS|TAMS 0x00000000cf400000, 0x00000000cf400000| Complete 
| 193|0x00000000cf500000, 0x00000000cf600000, 0x00000000cf600000|100%| S|CS|TAMS 0x00000000cf500000, 0x00000000cf500000| Complete 
| 194|0x00000000cf600000, 0x00000000cf700000, 0x00000000cf700000|100%| S|CS|TAMS 0x00000000cf600000, 0x00000000cf600000| Complete 
| 195|0x00000000cf700000, 0x00000000cf800000, 0x00000000cf800000|100%| S|CS|TAMS 0x00000000cf700000, 0x00000000cf700000| Complete 
| 196|0x00000000cf800000, 0x00000000cf800000, 0x00000000cf900000|  0%| F|  |TAMS 0x00000000cf800000, 0x00000000cf800000| Untracked 
| 197|0x00000000cf900000, 0x00000000cf900000, 0x00000000cfa00000|  0%| F|  |TAMS 0x00000000cf900000, 0x00000000cf900000| Untracked 
| 198|0x00000000cfa00000, 0x00000000cfb00000, 0x00000000cfb00000|100%| S|CS|TAMS 0x00000000cfa00000, 0x00000000cfa00000| Complete 
| 199|0x00000000cfb00000, 0x00000000cfc00000, 0x00000000cfc00000|100%| S|CS|TAMS 0x00000000cfb00000, 0x00000000cfb00000| Complete 
| 200|0x00000000cfc00000, 0x00000000cfd00000, 0x00000000cfd00000|100%| S|CS|TAMS 0x00000000cfc00000, 0x00000000cfc00000| Complete 
| 201|0x00000000cfd00000, 0x00000000cfe00000, 0x00000000cfe00000|100%| S|CS|TAMS 0x00000000cfd00000, 0x00000000cfd00000| Complete 
| 202|0x00000000cfe00000, 0x00000000cfe00000, 0x00000000cff00000|  0%| F|  |TAMS 0x00000000cfe00000, 0x00000000cfe00000| Untracked 
| 203|0x00000000cff00000, 0x00000000cff00000, 0x00000000d0000000|  0%| F|  |TAMS 0x00000000cff00000, 0x00000000cff00000| Untracked 
| 204|0x00000000d0000000, 0x00000000d0000000, 0x00000000d0100000|  0%| F|  |TAMS 0x00000000d0000000, 0x00000000d0000000| Untracked 
| 205|0x00000000d0100000, 0x00000000d0100000, 0x00000000d0200000|  0%| F|  |TAMS 0x00000000d0100000, 0x00000000d0100000| Untracked 
| 206|0x00000000d0200000, 0x00000000d0200000, 0x00000000d0300000|  0%| F|  |TAMS 0x00000000d0200000, 0x00000000d0200000| Untracked 
| 207|0x00000000d0300000, 0x00000000d0300000, 0x00000000d0400000|  0%| F|  |TAMS 0x00000000d0300000, 0x00000000d0300000| Untracked 
| 208|0x00000000d0400000, 0x00000000d0500000, 0x00000000d0500000|100%| S|CS|TAMS 0x00000000d0400000, 0x00000000d0400000| Complete 
| 209|0x00000000d0500000, 0x00000000d0600000, 0x00000000d0600000|100%| S|CS|TAMS 0x00000000d0500000, 0x00000000d0500000| Complete 
| 210|0x00000000d0600000, 0x00000000d0600000, 0x00000000d0700000|  0%| F|  |TAMS 0x00000000d0600000, 0x00000000d0600000| Untracked 
| 211|0x00000000d0700000, 0x00000000d0700000, 0x00000000d0800000|  0%| F|  |TAMS 0x00000000d0700000, 0x00000000d0700000| Untracked 
| 212|0x00000000d0800000, 0x00000000d0800000, 0x00000000d0900000|  0%| F|  |TAMS 0x00000000d0800000, 0x00000000d0800000| Untracked 
| 213|0x00000000d0900000, 0x00000000d0900000, 0x00000000d0a00000|  0%| F|  |TAMS 0x00000000d0900000, 0x00000000d0900000| Untracked 
| 214|0x00000000d0a00000, 0x00000000d0a00000, 0x00000000d0b00000|  0%| F|  |TAMS 0x00000000d0a00000, 0x00000000d0a00000| Untracked 
| 215|0x00000000d0b00000, 0x00000000d0b00000, 0x00000000d0c00000|  0%| F|  |TAMS 0x00000000d0b00000, 0x00000000d0b00000| Untracked 
| 216|0x00000000d0c00000, 0x00000000d0c00000, 0x00000000d0d00000|  0%| F|  |TAMS 0x00000000d0c00000, 0x00000000d0c00000| Untracked 
| 217|0x00000000d0d00000, 0x00000000d0d00000, 0x00000000d0e00000|  0%| F|  |TAMS 0x00000000d0d00000, 0x00000000d0d00000| Untracked 
| 218|0x00000000d0e00000, 0x00000000d0e00000, 0x00000000d0f00000|  0%| F|  |TAMS 0x00000000d0e00000, 0x00000000d0e00000| Untracked 
| 219|0x00000000d0f00000, 0x00000000d0f00000, 0x00000000d1000000|  0%| F|  |TAMS 0x00000000d0f00000, 0x00000000d0f00000| Untracked 
| 220|0x00000000d1000000, 0x00000000d1000000, 0x00000000d1100000|  0%| F|  |TAMS 0x00000000d1000000, 0x00000000d1000000| Untracked 
| 221|0x00000000d1100000, 0x00000000d1100000, 0x00000000d1200000|  0%| F|  |TAMS 0x00000000d1100000, 0x00000000d1100000| Untracked 
| 222|0x00000000d1200000, 0x00000000d1200000, 0x00000000d1300000|  0%| F|  |TAMS 0x00000000d1200000, 0x00000000d1200000| Untracked 
| 223|0x00000000d1300000, 0x00000000d1300000, 0x00000000d1400000|  0%| F|  |TAMS 0x00000000d1300000, 0x00000000d1300000| Untracked 
| 224|0x00000000d1400000, 0x00000000d1400000, 0x00000000d1500000|  0%| F|  |TAMS 0x00000000d1400000, 0x00000000d1400000| Untracked 
| 225|0x00000000d1500000, 0x00000000d1500000, 0x00000000d1600000|  0%| F|  |TAMS 0x00000000d1500000, 0x00000000d1500000| Untracked 
| 226|0x00000000d1600000, 0x00000000d1600000, 0x00000000d1700000|  0%| F|  |TAMS 0x00000000d1600000, 0x00000000d1600000| Untracked 
| 227|0x00000000d1700000, 0x00000000d1700000, 0x00000000d1800000|  0%| F|  |TAMS 0x00000000d1700000, 0x00000000d1700000| Untracked 
| 228|0x00000000d1800000, 0x00000000d1800000, 0x00000000d1900000|  0%| F|  |TAMS 0x00000000d1800000, 0x00000000d1800000| Untracked 
| 229|0x00000000d1900000, 0x00000000d1900000, 0x00000000d1a00000|  0%| F|  |TAMS 0x00000000d1900000, 0x00000000d1900000| Untracked 
| 230|0x00000000d1a00000, 0x00000000d1a00000, 0x00000000d1b00000|  0%| F|  |TAMS 0x00000000d1a00000, 0x00000000d1a00000| Untracked 
| 231|0x00000000d1b00000, 0x00000000d1b00000, 0x00000000d1c00000|  0%| F|  |TAMS 0x00000000d1b00000, 0x00000000d1b00000| Untracked 
| 232|0x00000000d1c00000, 0x00000000d1c00000, 0x00000000d1d00000|  0%| F|  |TAMS 0x00000000d1c00000, 0x00000000d1c00000| Untracked 
| 233|0x00000000d1d00000, 0x00000000d1d00000, 0x00000000d1e00000|  0%| F|  |TAMS 0x00000000d1d00000, 0x00000000d1d00000| Untracked 
| 234|0x00000000d1e00000, 0x00000000d1e00000, 0x00000000d1f00000|  0%| F|  |TAMS 0x00000000d1e00000, 0x00000000d1e00000| Untracked 
| 235|0x00000000d1f00000, 0x00000000d1f00000, 0x00000000d2000000|  0%| F|  |TAMS 0x00000000d1f00000, 0x00000000d1f00000| Untracked 
| 236|0x00000000d2000000, 0x00000000d2000000, 0x00000000d2100000|  0%| F|  |TAMS 0x00000000d2000000, 0x00000000d2000000| Untracked 
| 237|0x00000000d2100000, 0x00000000d2100000, 0x00000000d2200000|  0%| F|  |TAMS 0x00000000d2100000, 0x00000000d2100000| Untracked 
| 238|0x00000000d2200000, 0x00000000d2200000, 0x00000000d2300000|  0%| F|  |TAMS 0x00000000d2200000, 0x00000000d2200000| Untracked 
| 239|0x00000000d2300000, 0x00000000d2300000, 0x00000000d2400000|  0%| F|  |TAMS 0x00000000d2300000, 0x00000000d2300000| Untracked 
| 240|0x00000000d2400000, 0x00000000d2400000, 0x00000000d2500000|  0%| F|  |TAMS 0x00000000d2400000, 0x00000000d2400000| Untracked 
| 241|0x00000000d2500000, 0x00000000d2500000, 0x00000000d2600000|  0%| F|  |TAMS 0x00000000d2500000, 0x00000000d2500000| Untracked 
| 242|0x00000000d2600000, 0x00000000d2600000, 0x00000000d2700000|  0%| F|  |TAMS 0x00000000d2600000, 0x00000000d2600000| Untracked 
| 243|0x00000000d2700000, 0x00000000d2700000, 0x00000000d2800000|  0%| F|  |TAMS 0x00000000d2700000, 0x00000000d2700000| Untracked 
| 244|0x00000000d2800000, 0x00000000d2800000, 0x00000000d2900000|  0%| F|  |TAMS 0x00000000d2800000, 0x00000000d2800000| Untracked 
| 245|0x00000000d2900000, 0x00000000d2900000, 0x00000000d2a00000|  0%| F|  |TAMS 0x00000000d2900000, 0x00000000d2900000| Untracked 
| 246|0x00000000d2a00000, 0x00000000d2a00000, 0x00000000d2b00000|  0%| F|  |TAMS 0x00000000d2a00000, 0x00000000d2a00000| Untracked 
| 247|0x00000000d2b00000, 0x00000000d2b00000, 0x00000000d2c00000|  0%| F|  |TAMS 0x00000000d2b00000, 0x00000000d2b00000| Untracked 
| 248|0x00000000d2c00000, 0x00000000d2c00000, 0x00000000d2d00000|  0%| F|  |TAMS 0x00000000d2c00000, 0x00000000d2c00000| Untracked 
| 249|0x00000000d2d00000, 0x00000000d2d00000, 0x00000000d2e00000|  0%| F|  |TAMS 0x00000000d2d00000, 0x00000000d2d00000| Untracked 
| 250|0x00000000d2e00000, 0x00000000d2e00000, 0x00000000d2f00000|  0%| F|  |TAMS 0x00000000d2e00000, 0x00000000d2e00000| Untracked 
| 251|0x00000000d2f00000, 0x00000000d2f00000, 0x00000000d3000000|  0%| F|  |TAMS 0x00000000d2f00000, 0x00000000d2f00000| Untracked 
| 252|0x00000000d3000000, 0x00000000d3000000, 0x00000000d3100000|  0%| F|  |TAMS 0x00000000d3000000, 0x00000000d3000000| Untracked 
| 253|0x00000000d3100000, 0x00000000d3100000, 0x00000000d3200000|  0%| F|  |TAMS 0x00000000d3100000, 0x00000000d3100000| Untracked 
| 254|0x00000000d3200000, 0x00000000d3200000, 0x00000000d3300000|  0%| F|  |TAMS 0x00000000d3200000, 0x00000000d3200000| Untracked 
| 255|0x00000000d3300000, 0x00000000d3300000, 0x00000000d3400000|  0%| F|  |TAMS 0x00000000d3300000, 0x00000000d3300000| Untracked 
| 256|0x00000000d3400000, 0x00000000d3400000, 0x00000000d3500000|  0%| F|  |TAMS 0x00000000d3400000, 0x00000000d3400000| Untracked 
| 257|0x00000000d3500000, 0x00000000d3500000, 0x00000000d3600000|  0%| F|  |TAMS 0x00000000d3500000, 0x00000000d3500000| Untracked 
| 258|0x00000000d3600000, 0x00000000d3600000, 0x00000000d3700000|  0%| F|  |TAMS 0x00000000d3600000, 0x00000000d3600000| Untracked 
| 259|0x00000000d3700000, 0x00000000d3700000, 0x00000000d3800000|  0%| F|  |TAMS 0x00000000d3700000, 0x00000000d3700000| Untracked 
| 260|0x00000000d3800000, 0x00000000d3800000, 0x00000000d3900000|  0%| F|  |TAMS 0x00000000d3800000, 0x00000000d3800000| Untracked 
| 261|0x00000000d3900000, 0x00000000d3900000, 0x00000000d3a00000|  0%| F|  |TAMS 0x00000000d3900000, 0x00000000d3900000| Untracked 
| 262|0x00000000d3a00000, 0x00000000d3a00000, 0x00000000d3b00000|  0%| F|  |TAMS 0x00000000d3a00000, 0x00000000d3a00000| Untracked 
| 263|0x00000000d3b00000, 0x00000000d3b00000, 0x00000000d3c00000|  0%| F|  |TAMS 0x00000000d3b00000, 0x00000000d3b00000| Untracked 
| 264|0x00000000d3c00000, 0x00000000d3c00000, 0x00000000d3d00000|  0%| F|  |TAMS 0x00000000d3c00000, 0x00000000d3c00000| Untracked 
| 265|0x00000000d3d00000, 0x00000000d3d00000, 0x00000000d3e00000|  0%| F|  |TAMS 0x00000000d3d00000, 0x00000000d3d00000| Untracked 
| 266|0x00000000d3e00000, 0x00000000d3e00000, 0x00000000d3f00000|  0%| F|  |TAMS 0x00000000d3e00000, 0x00000000d3e00000| Untracked 
| 267|0x00000000d3f00000, 0x00000000d3f00000, 0x00000000d4000000|  0%| F|  |TAMS 0x00000000d3f00000, 0x00000000d3f00000| Untracked 
| 268|0x00000000d4000000, 0x00000000d4000000, 0x00000000d4100000|  0%| F|  |TAMS 0x00000000d4000000, 0x00000000d4000000| Untracked 
| 269|0x00000000d4100000, 0x00000000d4100000, 0x00000000d4200000|  0%| F|  |TAMS 0x00000000d4100000, 0x00000000d4100000| Untracked 
| 270|0x00000000d4200000, 0x00000000d4200000, 0x00000000d4300000|  0%| F|  |TAMS 0x00000000d4200000, 0x00000000d4200000| Untracked 
| 271|0x00000000d4300000, 0x00000000d4300000, 0x00000000d4400000|  0%| F|  |TAMS 0x00000000d4300000, 0x00000000d4300000| Untracked 
| 272|0x00000000d4400000, 0x00000000d4400000, 0x00000000d4500000|  0%| F|  |TAMS 0x00000000d4400000, 0x00000000d4400000| Untracked 
| 273|0x00000000d4500000, 0x00000000d4500000, 0x00000000d4600000|  0%| F|  |TAMS 0x00000000d4500000, 0x00000000d4500000| Untracked 
| 274|0x00000000d4600000, 0x00000000d4600000, 0x00000000d4700000|  0%| F|  |TAMS 0x00000000d4600000, 0x00000000d4600000| Untracked 
| 275|0x00000000d4700000, 0x00000000d4700000, 0x00000000d4800000|  0%| F|  |TAMS 0x00000000d4700000, 0x00000000d4700000| Untracked 
| 276|0x00000000d4800000, 0x00000000d4800000, 0x00000000d4900000|  0%| F|  |TAMS 0x00000000d4800000, 0x00000000d4800000| Untracked 
| 277|0x00000000d4900000, 0x00000000d4900000, 0x00000000d4a00000|  0%| F|  |TAMS 0x00000000d4900000, 0x00000000d4900000| Untracked 
| 278|0x00000000d4a00000, 0x00000000d4a00000, 0x00000000d4b00000|  0%| F|  |TAMS 0x00000000d4a00000, 0x00000000d4a00000| Untracked 
| 279|0x00000000d4b00000, 0x00000000d4b00000, 0x00000000d4c00000|  0%| F|  |TAMS 0x00000000d4b00000, 0x00000000d4b00000| Untracked 
| 280|0x00000000d4c00000, 0x00000000d4c00000, 0x00000000d4d00000|  0%| F|  |TAMS 0x00000000d4c00000, 0x00000000d4c00000| Untracked 
| 281|0x00000000d4d00000, 0x00000000d4d00000, 0x00000000d4e00000|  0%| F|  |TAMS 0x00000000d4d00000, 0x00000000d4d00000| Untracked 
| 282|0x00000000d4e00000, 0x00000000d4e00000, 0x00000000d4f00000|  0%| F|  |TAMS 0x00000000d4e00000, 0x00000000d4e00000| Untracked 
| 283|0x00000000d4f00000, 0x00000000d4f00000, 0x00000000d5000000|  0%| F|  |TAMS 0x00000000d4f00000, 0x00000000d4f00000| Untracked 
| 284|0x00000000d5000000, 0x00000000d5000000, 0x00000000d5100000|  0%| F|  |TAMS 0x00000000d5000000, 0x00000000d5000000| Untracked 
| 285|0x00000000d5100000, 0x00000000d5100000, 0x00000000d5200000|  0%| F|  |TAMS 0x00000000d5100000, 0x00000000d5100000| Untracked 
| 286|0x00000000d5200000, 0x00000000d5200000, 0x00000000d5300000|  0%| F|  |TAMS 0x00000000d5200000, 0x00000000d5200000| Untracked 
| 287|0x00000000d5300000, 0x00000000d5300000, 0x00000000d5400000|  0%| F|  |TAMS 0x00000000d5300000, 0x00000000d5300000| Untracked 
| 288|0x00000000d5400000, 0x00000000d5400000, 0x00000000d5500000|  0%| F|  |TAMS 0x00000000d5400000, 0x00000000d5400000| Untracked 
| 289|0x00000000d5500000, 0x00000000d5500000, 0x00000000d5600000|  0%| F|  |TAMS 0x00000000d5500000, 0x00000000d5500000| Untracked 
| 290|0x00000000d5600000, 0x00000000d5600800, 0x00000000d5700000|  0%| E|  |TAMS 0x00000000d5600000, 0x00000000d5600000| Complete 
| 291|0x00000000d5700000, 0x00000000d5800000, 0x00000000d5800000|100%| E|CS|TAMS 0x00000000d5700000, 0x00000000d5700000| Complete 

Card table byte_map: [0x0000029bf9ce0000,0x0000029bf9ed0000] _byte_map_base: 0x0000029bf96c6000

Marking Bits (Prev, Next): (CMBitMap*) 0x0000029be580b2a0, (CMBitMap*) 0x0000029be580b260
 Prev Bits: [0x0000029bfaff0000, 0x0000029bfbf20000)
 Next Bits: [0x0000029bfa0c0000, 0x0000029bfaff0000)

Polling page: 0x0000029be5890000

Metaspace:

Usage:
  Non-class:     84.74 MB used.
      Class:     10.01 MB used.
       Both:     94.75 MB used.

Virtual space:
  Non-class space:      128.00 MB reserved,      84.94 MB ( 66%) committed,  2 nodes.
      Class space:        1.00 GB reserved,      10.12 MB ( <1%) committed,  1 nodes.
             Both:        1.12 GB reserved,      95.06 MB (  8%) committed. 

Chunk freelists:
   Non-Class:  10.91 MB
       Class:  5.81 MB
        Both:  16.72 MB

MaxMetaspaceSize: unlimited
CompressedClassSpaceSize: 1.00 GB
Initial GC threshold: 21.00 MB
Current GC threshold: 118.44 MB
CDS: off
MetaspaceReclaimPolicy: balanced
 - commit_granule_bytes: 65536.
 - commit_granule_words: 8192.
 - virtual_space_node_default_size: 8388608.
 - enlarge_chunks_in_place: 1.
 - new_chunks_are_fully_committed: 0.
 - uncommit_free_chunks: 1.
 - use_allocation_guard: 0.
 - handle_deallocations: 1.


Internal statistics:

num_allocs_failed_limit: 3.
num_arena_births: 426.
num_arena_deaths: 0.
num_vsnodes_births: 3.
num_vsnodes_deaths: 0.
num_space_committed: 1519.
num_space_uncommitted: 0.
num_chunks_returned_to_freelist: 3.
num_chunks_taken_from_freelist: 3627.
num_chunk_merges: 3.
num_chunk_splits: 2905.
num_chunks_enlarged: 2553.
num_inconsistent_stats: 0.

CodeHeap 'non-profiled nmethods': size=120000Kb used=11990Kb max_used=12201Kb free=108009Kb
 bounds [0x0000029bf1f90000, 0x0000029bf2b80000, 0x0000029bf94c0000]
CodeHeap 'profiled nmethods': size=120000Kb used=52545Kb max_used=52545Kb free=67454Kb
 bounds [0x0000029bea4c0000, 0x0000029bed820000, 0x0000029bf19f0000]
CodeHeap 'non-nmethods': size=5760Kb used=1424Kb max_used=1474Kb free=4335Kb
 bounds [0x0000029bf19f0000, 0x0000029bf1c60000, 0x0000029bf1f90000]
 total_blobs=18834 nmethods=18083 adapters=657
 compilation: enabled
              stopped_count=0, restarted_count=0
 full_count=0

Compilation events (20 events):
Event: 137.911 Thread 0x0000029bfe566e40 23591       2       org.jetbrains.kotlin.codegen.optimization.LabelNormalizationMethodTransformer$TransformerForMethod::transform (27 bytes)
Event: 137.911 Thread 0x0000029bfe566e40 nmethod 23591 0x0000029bed803510 code [0x0000029bed8036e0, 0x0000029bed8038a8]
Event: 137.913 Thread 0x0000029bfe566e40 23592       2       org.jetbrains.org.objectweb.asm.Label::addForwardReference (102 bytes)
Event: 137.913 Thread 0x0000029bfe566e40 nmethod 23592 0x0000029bed803990 code [0x0000029bed803b40, 0x0000029bed803fc8]
Event: 137.914 Thread 0x0000029bfe566e40 23593       2       org.jetbrains.org.objectweb.asm.Frame::putAbstractType (379 bytes)
Event: 137.916 Thread 0x0000029bfe566e40 nmethod 23593 0x0000029bed804190 code [0x0000029bed8044c0, 0x0000029bed804e18]
Event: 137.917 Thread 0x0000029bfe566e40 23594       2       org.jetbrains.kotlin.backend.jvm.codegen.ClassCodegen::getParentClassCodegen (15 bytes)
Event: 137.917 Thread 0x0000029bfe566e40 nmethod 23594 0x0000029bed805610 code [0x0000029bed8057c0, 0x0000029bed805928]
Event: 137.917 Thread 0x0000029bfe566e40 23595       2       org.jetbrains.org.objectweb.asm.SymbolTable::addConstantIntegerOrFloat (100 bytes)
Event: 137.918 Thread 0x0000029bfe566e40 nmethod 23595 0x0000029bed805a10 code [0x0000029bed805be0, 0x0000029bed805f38]
Event: 137.921 Thread 0x0000029bfe566e40 23596       2       org.jetbrains.kotlin.serialization.DescriptorSerializer::createChildSerializer (41 bytes)
Event: 137.922 Thread 0x0000029bfe566e40 nmethod 23596 0x0000029bed806190 code [0x0000029bed806340, 0x0000029bed8065b8]
Event: 137.923 Thread 0x0000029bfe566e40 23597       1       org.jetbrains.kotlin.metadata.ProtoBuf$Function$Builder::getFlags (5 bytes)
Event: 137.923 Thread 0x0000029bfe566e40 nmethod 23597 0x0000029bf22cfc90 code [0x0000029bf22cfe20, 0x0000029bf22cfef8]
Event: 137.948 Thread 0x0000029bfe566e40 23598       2       org.jetbrains.kotlin.codegen.serialization.JvmSerializerExtension$SignatureSerializer::<init> (10 bytes)
Event: 137.948 Thread 0x0000029bfe566e40 nmethod 23598 0x0000029bed806710 code [0x0000029bed8068a0, 0x0000029bed8069f8]
Event: 137.950 Thread 0x0000029bfe566e40 23599       2       org.jetbrains.kotlin.serialization.DescriptorSerializer::isSuspendOrHasSuspendTypesInSignature (112 bytes)
Event: 137.951 Thread 0x0000029bfe566e40 nmethod 23599 0x0000029bed806a90 code [0x0000029bed806d00, 0x0000029bed8073c8]
Event: 137.954 Thread 0x0000029bfe566e40 23600       2       org.jetbrains.kotlin.serialization.DescriptorSerializer::hasInlineClassTypesInSignature (91 bytes)
Event: 137.955 Thread 0x0000029bfe566e40 nmethod 23600 0x0000029bed807710 code [0x0000029bed807960, 0x0000029bed807ef8]

GC Heap History (20 events):
Event: 87.189 GC heap after
{Heap after GC invocations=82 (full 0):
 garbage-first heap   total 201728K, used 114876K [0x00000000c3400000, 0x0000000100000000)
  region size 1024K, 1 young (1024K), 1 survivors (1024K)
 Metaspace       used 72446K, committed 72768K, reserved 1114112K
  class space    used 8098K, committed 8256K, reserved 1048576K
}
Event: 95.111 GC heap before
{Heap before GC invocations=83 (full 0):
 garbage-first heap   total 201728K, used 173244K [0x00000000c3400000, 0x0000000100000000)
  region size 1024K, 58 young (59392K), 1 survivors (1024K)
 Metaspace       used 72727K, committed 73088K, reserved 1114112K
  class space    used 8101K, committed 8256K, reserved 1048576K
}
Event: 95.123 GC heap after
{Heap after GC invocations=84 (full 0):
 garbage-first heap   total 201728K, used 118864K [0x00000000c3400000, 0x0000000100000000)
  region size 1024K, 5 young (5120K), 5 survivors (5120K)
 Metaspace       used 72727K, committed 73088K, reserved 1114112K
  class space    used 8101K, committed 8256K, reserved 1048576K
}
Event: 95.406 GC heap before
{Heap before GC invocations=84 (full 0):
 garbage-first heap   total 201728K, used 122960K [0x00000000c3400000, 0x0000000100000000)
  region size 1024K, 9 young (9216K), 5 survivors (5120K)
 Metaspace       used 72731K, committed 73088K, reserved 1114112K
  class space    used 8101K, committed 8256K, reserved 1048576K
}
Event: 95.419 GC heap after
{Heap after GC invocations=85 (full 0):
 garbage-first heap   total 201728K, used 118355K [0x00000000c3400000, 0x0000000100000000)
  region size 1024K, 2 young (2048K), 2 survivors (2048K)
 Metaspace       used 72731K, committed 73088K, reserved 1114112K
  class space    used 8101K, committed 8256K, reserved 1048576K
}
Event: 99.330 GC heap before
{Heap before GC invocations=85 (full 0):
 garbage-first heap   total 201728K, used 169555K [0x00000000c3400000, 0x0000000100000000)
  region size 1024K, 52 young (53248K), 2 survivors (2048K)
 Metaspace       used 73383K, committed 73728K, reserved 1179648K
  class space    used 8149K, committed 8320K, reserved 1048576K
}
Event: 99.338 GC heap after
{Heap after GC invocations=86 (full 0):
 garbage-first heap   total 299008K, used 119267K [0x00000000c3400000, 0x0000000100000000)
  region size 1024K, 3 young (3072K), 3 survivors (3072K)
 Metaspace       used 73383K, committed 73728K, reserved 1179648K
  class space    used 8149K, committed 8320K, reserved 1048576K
}
Event: 109.887 GC heap before
{Heap before GC invocations=86 (full 0):
 garbage-first heap   total 299008K, used 242147K [0x00000000c3400000, 0x0000000100000000)
  region size 1024K, 123 young (125952K), 3 survivors (3072K)
 Metaspace       used 80061K, committed 80384K, reserved 1179648K
  class space    used 8747K, committed 8896K, reserved 1048576K
}
Event: 109.928 GC heap after
{Heap after GC invocations=87 (full 0):
 garbage-first heap   total 299008K, used 138240K [0x00000000c3400000, 0x0000000100000000)
  region size 1024K, 16 young (16384K), 16 survivors (16384K)
 Metaspace       used 80061K, committed 80384K, reserved 1179648K
  class space    used 8747K, committed 8896K, reserved 1048576K
}
Event: 116.149 GC heap before
{Heap before GC invocations=87 (full 0):
 garbage-first heap   total 299008K, used 228352K [0x00000000c3400000, 0x0000000100000000)
  region size 1024K, 104 young (106496K), 16 survivors (16384K)
 Metaspace       used 87536K, committed 87872K, reserved 1179648K
  class space    used 9552K, committed 9728K, reserved 1048576K
}
Event: 116.226 GC heap after
{Heap after GC invocations=88 (full 0):
 garbage-first heap   total 299008K, used 152165K [0x00000000c3400000, 0x0000000100000000)
  region size 1024K, 13 young (13312K), 13 survivors (13312K)
 Metaspace       used 87536K, committed 87872K, reserved 1179648K
  class space    used 9552K, committed 9728K, reserved 1048576K
}
Event: 121.833 GC heap before
{Heap before GC invocations=88 (full 0):
 garbage-first heap   total 299008K, used 229989K [0x00000000c3400000, 0x0000000100000000)
  region size 1024K, 89 young (91136K), 13 survivors (13312K)
 Metaspace       used 90511K, committed 90816K, reserved 1179648K
  class space    used 9802K, committed 9920K, reserved 1048576K
}
Event: 121.915 GC heap after
{Heap after GC invocations=89 (full 0):
 garbage-first heap   total 299008K, used 157184K [0x00000000c3400000, 0x0000000100000000)
  region size 1024K, 4 young (4096K), 4 survivors (4096K)
 Metaspace       used 90511K, committed 90816K, reserved 1179648K
  class space    used 9802K, committed 9920K, reserved 1048576K
}
Event: 124.866 GC heap before
{Heap before GC invocations=89 (full 0):
 garbage-first heap   total 299008K, used 238080K [0x00000000c3400000, 0x0000000100000000)
  region size 1024K, 83 young (84992K), 4 survivors (4096K)
 Metaspace       used 91096K, committed 91392K, reserved 1179648K
  class space    used 9843K, committed 9984K, reserved 1048576K
}
Event: 124.889 GC heap after
{Heap after GC invocations=90 (full 0):
 garbage-first heap   total 299008K, used 160083K [0x00000000c3400000, 0x0000000100000000)
  region size 1024K, 7 young (7168K), 7 survivors (7168K)
 Metaspace       used 91096K, committed 91392K, reserved 1179648K
  class space    used 9843K, committed 9984K, reserved 1048576K
}
Event: 127.197 GC heap before
{Heap before GC invocations=90 (full 0):
 garbage-first heap   total 299008K, used 243027K [0x00000000c3400000, 0x0000000100000000)
  region size 1024K, 88 young (90112K), 7 survivors (7168K)
 Metaspace       used 91465K, committed 91776K, reserved 1179648K
  class space    used 9855K, committed 9984K, reserved 1048576K
}
Event: 127.226 GC heap after
{Heap after GC invocations=91 (full 0):
 garbage-first heap   total 299008K, used 162604K [0x00000000c3400000, 0x0000000100000000)
  region size 1024K, 6 young (6144K), 6 survivors (6144K)
 Metaspace       used 91465K, committed 91776K, reserved 1179648K
  class space    used 9855K, committed 9984K, reserved 1048576K
}
Event: 130.088 GC heap before
{Heap before GC invocations=91 (full 0):
 garbage-first heap   total 299008K, used 246572K [0x00000000c3400000, 0x0000000100000000)
  region size 1024K, 88 young (90112K), 6 survivors (6144K)
 Metaspace       used 92136K, committed 92416K, reserved 1179648K
  class space    used 9906K, committed 10048K, reserved 1048576K
}
Event: 130.109 GC heap after
{Heap after GC invocations=92 (full 0):
 garbage-first heap   total 299008K, used 164443K [0x00000000c3400000, 0x0000000100000000)
  region size 1024K, 8 young (8192K), 8 survivors (8192K)
 Metaspace       used 92136K, committed 92416K, reserved 1179648K
  class space    used 9906K, committed 10048K, reserved 1048576K
}
Event: 138.016 GC heap before
{Heap before GC invocations=92 (full 0):
 garbage-first heap   total 299008K, used 247387K [0x00000000c3400000, 0x0000000100000000)
  region size 1024K, 90 young (92160K), 8 survivors (8192K)
 Metaspace       used 97010K, committed 97344K, reserved 1179648K
  class space    used 10247K, committed 10368K, reserved 1048576K
}

Dll operation events (2 events):
Event: 0.032 Loaded shared library C:\Program Files\Android\Android Studio\jbr\bin\java.dll
Event: 3.415 Loaded shared library C:\Program Files\Android\Android Studio\jbr\bin\verify.dll

Deoptimization events (20 events):
Event: 136.254 Thread 0x0000029be57d2410 DEOPT PACKING pc=0x0000029bf2acb18c sp=0x000000c3172fdbe0
Event: 136.254 Thread 0x0000029be57d2410 DEOPT UNPACKING pc=0x0000029bf1a469a3 sp=0x000000c3172fda78 mode 2
Event: 136.275 Thread 0x0000029be57d2410 Uncommon trap: trap_request=0xffffff66 fr.pc=0x0000029bf2acb18c relative=0x0000000000006b4c
Event: 136.275 Thread 0x0000029be57d2410 Uncommon trap: reason=speculate_class_check action=maybe_recompile pc=0x0000029bf2acb18c method=org.jetbrains.kotlin.ir.util.AdditionalIrUtilsKt.isGetter(Lorg/jetbrains/kotlin/ir/declarations/IrDeclaration;)Z @ 15 c2
Event: 136.275 Thread 0x0000029be57d2410 DEOPT PACKING pc=0x0000029bf2acb18c sp=0x000000c3172fdbe0
Event: 136.275 Thread 0x0000029be57d2410 DEOPT UNPACKING pc=0x0000029bf1a469a3 sp=0x000000c3172fda78 mode 2
Event: 136.704 Thread 0x0000029be57d2410 Uncommon trap: trap_request=0xfffffff4 fr.pc=0x0000029bf29fb77c relative=0x000000000000087c
Event: 136.704 Thread 0x0000029be57d2410 Uncommon trap: reason=null_check action=make_not_entrant pc=0x0000029bf29fb77c method=org.jetbrains.kotlin.backend.jvm.mapping.MethodSignatureMapper.getDifferentNameForJvmBuiltinFunction(Lorg/jetbrains/kotlin/ir/declarations/IrSimpleFunction;)Ljava/lang/S
Event: 136.704 Thread 0x0000029be57d2410 DEOPT PACKING pc=0x0000029bf29fb77c sp=0x000000c3172fca60
Event: 136.704 Thread 0x0000029be57d2410 DEOPT UNPACKING pc=0x0000029bf1a469a3 sp=0x000000c3172fc990 mode 2
Event: 137.267 Thread 0x0000029be57d2410 Uncommon trap: trap_request=0xffffff45 fr.pc=0x0000029bf2932e4c relative=0x000000000000012c
Event: 137.267 Thread 0x0000029be57d2410 Uncommon trap: reason=unstable_if action=reinterpret pc=0x0000029bf2932e4c method=org.jetbrains.kotlin.codegen.optimization.DeadCodeEliminationMethodTransformer.shouldRemove(Lorg/jetbrains/org/objectweb/asm/tree/AbstractInsnNode;I[Z)Z @ 95 c2
Event: 137.267 Thread 0x0000029be57d2410 DEOPT PACKING pc=0x0000029bf2932e4c sp=0x000000c3172fdd60
Event: 137.267 Thread 0x0000029be57d2410 DEOPT UNPACKING pc=0x0000029bf1a469a3 sp=0x000000c3172fdce0 mode 2
Event: 137.291 Thread 0x0000029be57d2410 DEOPT PACKING pc=0x0000029bed63fac8 sp=0x000000c3172fd8f0
Event: 137.291 Thread 0x0000029be57d2410 DEOPT UNPACKING pc=0x0000029bf1a47143 sp=0x000000c3172fce78 mode 0
Event: 137.916 Thread 0x0000029be57d2410 Uncommon trap: trap_request=0xffffffde fr.pc=0x0000029bf29cd1c8 relative=0x0000000000000828
Event: 137.916 Thread 0x0000029be57d2410 Uncommon trap: reason=class_check action=maybe_recompile pc=0x0000029bf29cd1c8 method=org.jetbrains.kotlin.codegen.signature.JvmSignatureWriter.writeAsmType(Lorg/jetbrains/org/objectweb/asm/Type;)V @ 51 c2
Event: 137.916 Thread 0x0000029be57d2410 DEOPT PACKING pc=0x0000029bf29cd1c8 sp=0x000000c3172fdcb0
Event: 137.916 Thread 0x0000029be57d2410 DEOPT UNPACKING pc=0x0000029bf1a469a3 sp=0x000000c3172fdca0 mode 2

Classes unloaded (0 events):
No events

Classes redefined (0 events):
No events

Internal exceptions (20 events):
Event: 47.348 Thread 0x0000029be57d2410 Exception <a 'java/lang/NoSuchMethodError'{0x00000000cafb2458}: 'int java.lang.invoke.DirectMethodHandle$Holder.invokeStaticInit(java.lang.Object, int)'> (0x00000000cafb2458) 
thrown [s\src\hotspot\share\interpreter\linkResolver.cpp, line 771]
Event: 50.538 Thread 0x0000029be57d2410 Exception <a 'java/lang/NoSuchMethodError'{0x00000000ca591290}: 'java.lang.Object java.lang.invoke.DirectMethodHandle$Holder.invokeInterface(java.lang.Object, java.lang.Object, java.lang.Object)'> (0x00000000ca591290) 
thrown [s\src\hotspot\share\interpreter\linkResolver.cpp, line 771]
Event: 50.538 Thread 0x0000029be57d2410 Exception <a 'java/lang/IncompatibleClassChangeError'{0x00000000ca594c00}: Found class java.lang.Object, but interface was expected> (0x00000000ca594c00) 
thrown [s\src\hotspot\share\interpreter\linkResolver.cpp, line 838]
Event: 50.814 Thread 0x0000029be57d2410 Implicit null exception at 0x0000029bf234bc2f to 0x0000029bf234c124
Event: 51.074 Thread 0x0000029be57d2410 Implicit null exception at 0x0000029bf24516db to 0x0000029bf2452ddc
Event: 51.082 Thread 0x0000029be57d2410 Implicit null exception at 0x0000029bf244a6fc to 0x0000029bf244a9a8
Event: 59.119 Thread 0x0000029be57d2410 Exception <a 'java/lang/NoSuchMethodError'{0x00000000ca535340}: 'void java.lang.invoke.DirectMethodHandle$Holder.invokeStatic(java.lang.Object, java.lang.Object, java.lang.Object)'> (0x00000000ca535340) 
thrown [s\src\hotspot\share\interpreter\linkResolver.cpp, line 771]
Event: 62.486 Thread 0x0000029be57d2410 Implicit null exception at 0x0000029bf25689f5 to 0x0000029bf2569090
Event: 62.510 Thread 0x0000029be57d2410 Implicit null exception at 0x0000029bf2541772 to 0x0000029bf2541e0c
Event: 90.833 Thread 0x0000029be57d2410 Implicit null exception at 0x0000029bf23c36b4 to 0x0000029bf23c3741
Event: 102.067 Thread 0x0000029be57d2410 Exception <a 'java/lang/NoSuchMethodError'{0x00000000d3d3b3b8}: 'java.lang.Object java.lang.invoke.DirectMethodHandle$Holder.invokeStaticInit(java.lang.Object, java.lang.Object, java.lang.Object, java.lang.Object)'> (0x00000000d3d3b3b8) 
thrown [s\src\hotspot\share\interpreter\linkResolver.cpp, line 771]
Event: 103.080 Thread 0x0000029be57d2410 Exception <a 'java/lang/NoSuchMethodError'{0x00000000d31a6de8}: 'java.lang.Object java.lang.invoke.DirectMethodHandle$Holder.newInvokeSpecial(java.lang.Object, java.lang.Object, java.lang.Object, int, int)'> (0x00000000d31a6de8) 
thrown [s\src\hotspot\share\interpreter\linkResolver.cpp, line 771]
Event: 103.081 Thread 0x0000029be57d2410 Exception <a 'java/lang/NoSuchMethodError'{0x00000000d31aac28}: 'java.lang.Object java.lang.invoke.DirectMethodHandle$Holder.invokeSpecial(java.lang.Object, java.lang.Object, java.lang.Object, java.lang.Object, int, int)'> (0x00000000d31aac28) 
thrown [s\src\hotspot\share\interpreter\linkResolver.cpp, line 771]
Event: 103.281 Thread 0x0000029be57d2410 Exception <a 'java/lang/NoSuchMethodError'{0x00000000d2e77910}: 'java.lang.Object java.lang.invoke.DirectMethodHandle$Holder.invokeSpecial(java.lang.Object, java.lang.Object, int, int, java.lang.Object, java.lang.Object, java.lang.Object, java.lang.Object, java.lang.Object)'> (0x00000000d2e77910) 
thrown [s\src\hotspot\share\interpreter\linkResolver.cpp, line 771]
Event: 105.450 Thread 0x0000029be57d2410 Exception <a 'java/lang/NoSuchMethodError'{0x00000000d1c5f740}: 'java.lang.Object java.lang.invoke.DirectMethodHandle$Holder.invokeStatic(java.lang.Object, java.lang.Object, java.lang.Object, int, int, java.lang.Object, java.lang.Object, java.lang.Object, java.lang.Object)'> (0x00000000d1c5f740) 
thrown [s\src\hotspot\share\interpreter\linkResolver.cpp, line 771]
Event: 105.453 Thread 0x0000029be57d2410 Exception <a 'java/lang/NoSuchMethodError'{0x00000000d1c69a08}: 'java.lang.Object java.lang.invoke.DirectMethodHandle$Holder.newInvokeSpecial(java.lang.Object, java.lang.Object, java.lang.Object, int, int, java.lang.Object)'> (0x00000000d1c69a08) 
thrown [s\src\hotspot\share\interpreter\linkResolver.cpp, line 771]
Event: 105.455 Thread 0x0000029be57d2410 Exception <a 'java/lang/NoSuchMethodError'{0x00000000d1c713a8}: 'java.lang.Object java.lang.invoke.Invokers$Holder.linkToTargetMethod(java.lang.Object, java.lang.Object, int, int, java.lang.Object, java.lang.Object)'> (0x00000000d1c713a8) 
thrown [s\src\hotspot\share\interpreter\linkResolver.cpp, line 771]
Event: 128.891 Thread 0x0000029be57d2410 Implicit null exception at 0x0000029bf2ac05f4 to 0x0000029bf2ac7c90
Event: 132.333 Thread 0x0000029be57d2410 Implicit null exception at 0x0000029bf2b296de to 0x0000029bf2b2dd04
Event: 136.704 Thread 0x0000029be57d2410 Implicit null exception at 0x0000029bf29fb4dc to 0x0000029bf29fb768

VM Operations (20 events):
Event: 133.041 Executing VM operation: ICBufferFull done
Event: 133.116 Executing VM operation: HandshakeAllThreads
Event: 133.116 Executing VM operation: HandshakeAllThreads done
Event: 133.662 Executing VM operation: HandshakeAllThreads
Event: 133.717 Executing VM operation: HandshakeAllThreads done
Event: 133.786 Executing VM operation: ICBufferFull
Event: 133.786 Executing VM operation: ICBufferFull done
Event: 133.787 Executing VM operation: HandshakeAllThreads
Event: 133.788 Executing VM operation: HandshakeAllThreads done
Event: 134.487 Executing VM operation: ICBufferFull
Event: 134.487 Executing VM operation: ICBufferFull done
Event: 135.021 Executing VM operation: ICBufferFull
Event: 135.021 Executing VM operation: ICBufferFull done
Event: 135.768 Executing VM operation: ICBufferFull
Event: 135.768 Executing VM operation: ICBufferFull done
Event: 136.780 Executing VM operation: Cleanup
Event: 136.795 Executing VM operation: Cleanup done
Event: 137.802 Executing VM operation: Cleanup
Event: 137.819 Executing VM operation: Cleanup done
Event: 138.016 Executing VM operation: G1CollectForAllocation

Events (20 events):
Event: 133.865 Thread 0x0000029bfe56a380 flushing nmethod 0x0000029bed504e10
Event: 133.865 Thread 0x0000029bfe56a380 flushing nmethod 0x0000029bed507a10
Event: 133.865 Thread 0x0000029bfe56a380 flushing nmethod 0x0000029bed509a10
Event: 133.865 Thread 0x0000029bfe56a380 flushing nmethod 0x0000029bed513510
Event: 133.865 Thread 0x0000029bfe56a380 flushing nmethod 0x0000029bed51f990
Event: 133.865 Thread 0x0000029bfe56a380 flushing nmethod 0x0000029bed52cd10
Event: 133.866 Thread 0x0000029bfe56a380 flushing nmethod 0x0000029bed546610
Event: 133.866 Thread 0x0000029bfe56a380 flushing nmethod 0x0000029bed546990
Event: 133.866 Thread 0x0000029bfe56a380 flushing nmethod 0x0000029bed54c890
Event: 133.866 Thread 0x0000029bfe56a380 flushing nmethod 0x0000029bed565510
Event: 133.866 Thread 0x0000029bfe56a380 flushing nmethod 0x0000029bed568b90
Event: 133.866 Thread 0x0000029bfe56a380 flushing nmethod 0x0000029bed57b810
Event: 133.866 Thread 0x0000029bfe56a380 flushing nmethod 0x0000029bed594e90
Event: 133.866 Thread 0x0000029bfe56a380 flushing nmethod 0x0000029bed5ac510
Event: 133.866 Thread 0x0000029bfe56a380 flushing nmethod 0x0000029bed5ad410
Event: 133.866 Thread 0x0000029bfe56a380 flushing nmethod 0x0000029bed5bfb10
Event: 133.866 Thread 0x0000029bfe56a380 flushing nmethod 0x0000029bed5d9890
Event: 133.866 Thread 0x0000029bfe56a380 flushing nmethod 0x0000029bed5de190
Event: 133.867 Thread 0x0000029bfe56a380 flushing nmethod 0x0000029bed5fce90
Event: 133.867 Thread 0x0000029bfe56a380 flushing nmethod 0x0000029bed625990


Dynamic libraries:
0x00007ff631850000 - 0x00007ff63185a000 	C:\Program Files\Android\Android Studio\jbr\bin\java.exe
0x00007ff964790000 - 0x00007ff964988000 	C:\Windows\SYSTEM32\ntdll.dll
0x00007ff9627b0000 - 0x00007ff962872000 	C:\Windows\System32\KERNEL32.DLL
0x00007ff9620e0000 - 0x00007ff9623de000 	C:\Windows\System32\KERNELBASE.dll
0x00007ff961f90000 - 0x00007ff962090000 	C:\Windows\System32\ucrtbase.dll
0x00007ff94f380000 - 0x00007ff94f397000 	C:\Program Files\Android\Android Studio\jbr\bin\jli.dll
0x00007ff94e960000 - 0x00007ff94e97b000 	C:\Program Files\Android\Android Studio\jbr\bin\VCRUNTIME140.dll
0x00007ff9641d0000 - 0x00007ff96436d000 	C:\Windows\System32\USER32.dll
0x00007ff962780000 - 0x00007ff9627a2000 	C:\Windows\System32\win32u.dll
0x00007ff963a70000 - 0x00007ff963a9b000 	C:\Windows\System32\GDI32.dll
0x00007ff962500000 - 0x00007ff962617000 	C:\Windows\System32\gdi32full.dll
0x00007ff961ef0000 - 0x00007ff961f8d000 	C:\Windows\System32\msvcp_win.dll
0x00007ff950630000 - 0x00007ff9508ca000 	C:\Windows\WinSxS\amd64_microsoft.windows.common-controls_6595b64144ccf1df_6.0.19041.4355_none_60b8b9eb71f62e16\COMCTL32.dll
0x00007ff963e90000 - 0x00007ff963f2e000 	C:\Windows\System32\msvcrt.dll
0x00007ff963f30000 - 0x00007ff963f5f000 	C:\Windows\System32\IMM32.DLL
0x00007ff94b8f0000 - 0x00007ff94b8fc000 	C:\Program Files\Android\Android Studio\jbr\bin\vcruntime140_1.dll
0x00007ff923e50000 - 0x00007ff923edd000 	C:\Program Files\Android\Android Studio\jbr\bin\msvcp140.dll
0x00007ff93d850000 - 0x00007ff93e4d3000 	C:\Program Files\Android\Android Studio\jbr\bin\server\jvm.dll
0x00007ff962d50000 - 0x00007ff962e01000 	C:\Windows\System32\ADVAPI32.dll
0x00007ff963cb0000 - 0x00007ff963d4f000 	C:\Windows\System32\sechost.dll
0x00007ff963d60000 - 0x00007ff963e83000 	C:\Windows\System32\RPCRT4.dll
0x00007ff961ec0000 - 0x00007ff961ee7000 	C:\Windows\System32\bcrypt.dll
0x00007ff95d0e0000 - 0x00007ff95d0e9000 	C:\Windows\SYSTEM32\WSOCK32.dll
0x00007ff963230000 - 0x00007ff96329b000 	C:\Windows\System32\WS2_32.dll
0x00007ff961c90000 - 0x00007ff961cdb000 	C:\Windows\SYSTEM32\POWRPROF.dll
0x00007ff950b40000 - 0x00007ff950b67000 	C:\Windows\SYSTEM32\WINMM.dll
0x00007ff9524b0000 - 0x00007ff9524ba000 	C:\Windows\SYSTEM32\VERSION.dll
0x00007ff961c70000 - 0x00007ff961c82000 	C:\Windows\SYSTEM32\UMPDC.dll
0x00007ff95fcd0000 - 0x00007ff95fce2000 	C:\Windows\SYSTEM32\kernel.appcore.dll
0x00007ff9560d0000 - 0x00007ff9560da000 	C:\Program Files\Android\Android Studio\jbr\bin\jimage.dll
0x00007ff94eba0000 - 0x00007ff94ed84000 	C:\Windows\SYSTEM32\DBGHELP.DLL
0x00007ff94eb60000 - 0x00007ff94eb94000 	C:\Windows\SYSTEM32\dbgcore.DLL
0x00007ff961e30000 - 0x00007ff961eb2000 	C:\Windows\System32\bcryptPrimitives.dll
0x00007ff953170000 - 0x00007ff953195000 	C:\Program Files\Android\Android Studio\jbr\bin\java.dll
0x00007ff952010000 - 0x00007ff952028000 	C:\Program Files\Android\Android Studio\jbr\bin\zip.dll
0x00007ff9632a0000 - 0x00007ff963a0d000 	C:\Windows\System32\SHELL32.dll
0x00007ff95fed0000 - 0x00007ff960674000 	C:\Windows\SYSTEM32\windows.storage.dll
0x00007ff962e10000 - 0x00007ff963163000 	C:\Windows\System32\combase.dll
0x00007ff961790000 - 0x00007ff9617be000 	C:\Windows\SYSTEM32\Wldp.dll
0x00007ff963b00000 - 0x00007ff963bcd000 	C:\Windows\System32\OLEAUT32.dll
0x00007ff963f60000 - 0x00007ff96400d000 	C:\Windows\System32\SHCORE.dll
0x00007ff963bd0000 - 0x00007ff963c25000 	C:\Windows\System32\shlwapi.dll
0x00007ff961d60000 - 0x00007ff961d84000 	C:\Windows\SYSTEM32\profapi.dll
0x00007ff9503a0000 - 0x00007ff9503b9000 	C:\Program Files\Android\Android Studio\jbr\bin\net.dll
0x00007ff95b950000 - 0x00007ff95ba5d000 	C:\Windows\SYSTEM32\WINHTTP.dll
0x00007ff9614f0000 - 0x00007ff96155a000 	C:\Windows\system32\mswsock.dll
0x00007ff950380000 - 0x00007ff950396000 	C:\Program Files\Android\Android Studio\jbr\bin\nio.dll
0x00007ff953490000 - 0x00007ff9534a0000 	C:\Program Files\Android\Android Studio\jbr\bin\verify.dll

dbghelp: loaded successfully - version: 4.0.5 - missing functions: none
symbol engine: initialized successfully - sym options: 0x614 - pdb path: .;C:\Program Files\Android\Android Studio\jbr\bin;C:\Windows\SYSTEM32;C:\Windows\WinSxS\amd64_microsoft.windows.common-controls_6595b64144ccf1df_6.0.19041.4355_none_60b8b9eb71f62e16;C:\Program Files\Android\Android Studio\jbr\bin\server

VM Arguments:
java_command: org.jetbrains.kotlin.cli.jvm.K2JVMCompiler @D:\mydumbbells-app\node_modules\react-native-screens\android\build\20241118_16017209273265380966.compiler.options
java_class_path (initial): C:\Users\Developer\.gradle\caches\modules-2\files-2.1\org.jetbrains.kotlin\kotlin-compiler-embeddable\1.8.0\eb9118d4bcceaa2a94b2ae2a33a4ddba7c9a947f\kotlin-compiler-embeddable-1.8.0.jar;C:\Users\Developer\.gradle\caches\modules-2\files-2.1\org.jetbrains.kotlin\kotlin-stdlib\1.8.0\1796921c7a3e2e2665a83e6c8d33399336cd39bc\kotlin-stdlib-1.8.0.jar;C:\Users\Developer\.gradle\caches\modules-2\files-2.1\org.jetbrains.kotlin\kotlin-script-runtime\1.8.0\b2f7e760d283cb339974851c222a4c1d48f2d3d\kotlin-script-runtime-1.8.0.jar;C:\Users\Developer\.gradle\caches\modules-2\files-2.1\org.jetbrains.kotlin\kotlin-reflect\1.6.10\1cbe9c92c12a94eea200d23c2bbaedaf3daf5132\kotlin-reflect-1.6.10.jar;C:\Users\Developer\.gradle\caches\modules-2\files-2.1\org.jetbrains.kotlin\kotlin-daemon-embeddable\1.8.0\d255216c551685dc3a7e852b53617f5f01aaaa5c\kotlin-daemon-embeddable-1.8.0.jar;C:\Users\Developer\.gradle\caches\modules-2\files-2.1\org.jetbrains.intellij.deps\trove4j\1.0.20200330\3afb14d5f9ceb459d724e907a21145e8ff394f02\trove4j-1.0.20200330.jar;C:\Users\Developer\.gradle\caches\modules-2\files-2.1\net.java.dev.jna\jna\5.6.0\330f2244e9030119ab3030fc3fededc86713d9cc\jna-5.6.0.jar;C:\Users\Developer\.gradle\caches\modules-2\files-2.1\org.jetbrains.kotlin\kotlin-stdlib-common\1.8.0\f7197e7cc76453ac59f8b0f8d5137cc600becd36\kotlin-stdlib-common-1.8.0.jar;C:\Users\Developer\.gradle\caches\modules-2\files-2.1\org.jetbrains\annotations\13.0\919f0dfe192fb4e063e7dacadee7f8bb9a2672a9\annotations-13.0.jar
Launcher Type: SUN_STANDARD

[Global flags]
     intx CICompilerCount                          = 3                                         {product} {ergonomic}
     uint ConcGCThreads                            = 1                                         {product} {ergonomic}
     uint G1ConcRefinementThreads                  = 4                                         {product} {ergonomic}
   size_t G1HeapRegionSize                         = 1048576                                   {product} {ergonomic}
    uintx GCDrainStackTargetSize                   = 64                                        {product} {ergonomic}
   size_t InitialHeapSize                          = 65011712                                  {product} {ergonomic}
   size_t MarkStackSize                            = 4194304                                   {product} {ergonomic}
   size_t MaxHeapSize                              = 1019215872                                {product} {ergonomic}
   size_t MaxNewSize                               = 611319808                                 {product} {ergonomic}
   size_t MinHeapDeltaBytes                        = 1048576                                   {product} {ergonomic}
   size_t MinHeapSize                              = 8388608                                   {product} {ergonomic}
    uintx NonNMethodCodeHeapSize                   = 5832780                                {pd product} {ergonomic}
    uintx NonProfiledCodeHeapSize                  = 122912730                              {pd product} {ergonomic}
    uintx ProfiledCodeHeapSize                     = 122912730                              {pd product} {ergonomic}
    uintx ReservedCodeCacheSize                    = 251658240                              {pd product} {ergonomic}
     bool SegmentedCodeCache                       = true                                      {product} {ergonomic}
   size_t SoftMaxHeapSize                          = 1019215872                             {manageable} {ergonomic}
     bool UseCompressedClassPointers               = true                           {product lp64_product} {ergonomic}
     bool UseCompressedOops                        = true                           {product lp64_product} {ergonomic}
     bool UseG1GC                                  = true                                      {product} {ergonomic}
     bool UseLargePagesIndividualAllocation        = false                                  {pd product} {ergonomic}

Logging:
Log output configuration:
 #0: stdout all=warning uptime,level,tags
 #1: stderr all=off uptime,level,tags

Environment Variables:
JAVA_HOME=C:\Program Files\Java\jdk-17
PATH=C:\Program Files\Common Files\Oracle\Java\javapath;C:\Program Files\Microsoft\jdk-17.0.13.11-hotspot\bin;C:\Python312\Scripts\;C:\Python312\;C:\Windows\system32;C:\Windows;C:\Windows\System32\Wbem;C:\Windows\System32\WindowsPowerShell\v1.0\;C:\Windows\System32\OpenSSH\;C:\ProgramData\chocolatey\bin;C:\Users\Developer\AppData\Local\Android\Sdk\platform-tools;C:\Program Files\nodejs\;C:\Program Files\Git\cmd;C:\Users\Developer\AppData\Local\Microsoft\WindowsApps;C:\Users\Developer\AppData\Local\Programs\Microsoft VS Code\bin;C:\Users\Developer\AppData\Roaming\npm;C:\Users\Developer\AppData\Local\Android\Sdk\platform-tools;
USERNAME=Developer
OS=Windows_NT
PROCESSOR_IDENTIFIER=Intel64 Family 6 Model 58 Stepping 9, GenuineIntel
TMP=C:\Users\DEVELO~1\AppData\Local\Temp
TEMP=C:\Users\DEVELO~1\AppData\Local\Temp



Periodic native trim disabled

JNI global refs:
JNI global refs: 9, weak refs: 20

JNI global refs memory usage: 843, weak refs: 841

Process memory usage:
Resident Set Size: 379588K (9% of 3977716K total physical memory with 221944K free physical memory)

OOME stack traces (most recent first):
Classloader memory used:
Loader jdk.internal.loader.ClassLoaders$AppClassLoader                                 : 10364K
Loader bootstrap                                                                       : 1697K
Loader jdk.internal.loader.ClassLoaders$PlatformClassLoader                            : 34451B
Loader jdk.internal.reflect.DelegatingClassLoader                                      : 32530B


---------------  S Y S T E M  ---------------

OS:
 Windows 10 , 64 bit Build 19041 (10.0.19041.5072)
OS uptime: 1 days 8:06 hours

CPU: total 4 (initial active 4) (2 cores per cpu, 2 threads per core) family 6 model 58 stepping 9 microcode 0x21, cx8, cmov, fxsr, ht, mmx, sse, sse2, sse3, ssse3, sse4.1, sse4.2, popcnt, tsc, tscinvbit, avx, erms, clmul, vzeroupper, clflush
Processor Information for all 4 processors :
  Max Mhz: 3300, Current Mhz: 3300, Mhz Limit: 3300

Memory: 4k page, system-wide physical 3884M (202M free)
TotalPageFile size 15660M (AvailPageFile size 7M)
current process WorkingSet (physical memory assigned to process): 373M, peak: 453M
current process commit charge ("private bytes"): 588M, peak: 596M

vm_info: OpenJDK 64-Bit Server VM (17.0.11+0--11852314) for windows-amd64 JRE (17.0.11+0--11852314), built on May 16 2024 21:29:20 by "androidbuild" with MS VC++ 16.10 / 16.11 (VS2019)

END.
