#
# There is insufficient memory for the Java Runtime Environment to continue.
# Native memory allocation (malloc) failed to allocate 1068736 bytes. Error detail: Chunk::new
# Possible reasons:
#   The system is out of physical RAM or swap space
#   This process is running with CompressedOops enabled, and the Java Heap may be blocking the growth of the native heap
# Possible solutions:
#   Reduce memory load on the system
#   Increase physical memory or swap space
#   Check if swap backing store is full
#   Decrease Java heap size (-Xmx/-Xms)
#   Decrease number of Java threads
#   Decrease Java thread stack sizes (-Xss)
#   Set larger code cache with -XX:ReservedCodeCacheSize=
#   JVM is running with Unscaled Compressed Oops mode in which the Java heap is
#     placed in the first 4GB address space. The Java Heap base address is the
#     maximum limit for the native heap growth. Please use -XX:HeapBaseMinAddress
#     to set the Java Heap base and to place the Java Heap above 4GB virtual address.
# This output file may be truncated or incomplete.
#
#  Out of Memory Error (arena.cpp:150), pid=5496, tid=6460
#
# JRE version: Java(TM) SE Runtime Environment (22.0.2+9) (build 22.0.2+9-70)
# Java VM: Java HotSpot(TM) 64-Bit Server VM (22.0.2+9-70, mixed mode, sharing, tiered, compressed oops, compressed class ptrs, g1 gc, windows-amd64)
# No core dump will be written. Minidumps are not enabled by default on client versions of Windows
#

---------------  S U M M A R Y ------------

Command Line: -XX:MaxMetaspaceSize=512m --add-opens=java.base/java.util=ALL-UNNAMED --add-opens=java.base/java.lang=ALL-UNNAMED --add-opens=java.base/java.lang.invoke=ALL-UNNAMED --add-opens=java.base/java.util=ALL-UNNAMED --add-opens=java.prefs/java.util.prefs=ALL-UNNAMED --add-opens=java.prefs/java.util.prefs=ALL-UNNAMED --add-opens=java.base/java.nio.charset=ALL-UNNAMED --add-opens=java.base/java.net=ALL-UNNAMED --add-opens=java.base/java.util.concurrent.atomic=ALL-UNNAMED -Xmx2048m -Dfile.encoding=UTF-8 -Duser.country=IN -Duser.language=en -Duser.variant org.gradle.launcher.daemon.bootstrap.GradleDaemon 7.5

Host: Intel(R) Core(TM) i3-3220 CPU @ 3.30GHz, 4 cores, 3G,  Windows 10 , 64 bit Build 19041 (10.0.19041.1889)
Time: Mon Nov 11 17:25:49 2024 India Standard Time elapsed time: 6.659507 seconds (0d 0h 0m 6s)

---------------  T H R E A D  ---------------

Current thread (0x000001bc9b1af210):  JavaThread "C2 CompilerThread0" daemon [_thread_in_native, id=6460, stack(0x0000006e3d000000,0x0000006e3d100000) (1024K)]


Current CompileTask:
C2:6659 2859       4       java.lang.invoke.MethodType::methodType (69 bytes)

Stack: [0x0000006e3d000000,0x0000006e3d100000]
Native frames: (J=compiled Java code, j=interpreted, Vv=VM code, C=native code)
V  [jvm.dll+0x6e26e9]  (no source info available)
V  [jvm.dll+0x875753]  (no source info available)
V  [jvm.dll+0x877b7e]  (no source info available)
V  [jvm.dll+0x878253]  (no source info available)
V  [jvm.dll+0x27fc86]  (no source info available)
V  [jvm.dll+0xc3d0f]  (no source info available)
V  [jvm.dll+0xc3f6b]  (no source info available)
V  [jvm.dll+0x2f3c7f]  (no source info available)
V  [jvm.dll+0x60c0fa]  (no source info available)
V  [jvm.dll+0x250c92]  (no source info available)
V  [jvm.dll+0x24937c]  (no source info available)
V  [jvm.dll+0x246da6]  (no source info available)
V  [jvm.dll+0x1c4e80]  (no source info available)
V  [jvm.dll+0x2568f3]  (no source info available)
V  [jvm.dll+0x254baa]  (no source info available)
V  [jvm.dll+0x3f57a6]  (no source info available)
V  [jvm.dll+0x81dc0b]  (no source info available)
V  [jvm.dll+0x6e0d85]  (no source info available)
C  [ucrtbase.dll+0x21bb2]  (no source info available)
C  [KERNEL32.DLL+0x17034]  (no source info available)
C  [ntdll.dll+0x526a1]  (no source info available)


---------------  P R O C E S S  ---------------

Threads class SMR info:
_java_thread_list=0x000001bca256aa00, length=28, elements={
0x000001bcd3fad940, 0x000001bc9b196c70, 0x000001bc9b1976d0, 0x000001bc9b1a1580,
0x000001bc9b1a2260, 0x000001bc9b1a2cc0, 0x000001bc9b1a5730, 0x000001bc9b1af210,
0x000001bc9b1b18e0, 0x000001bc9b4039c0, 0x000001bc9b4041f0, 0x000001bca00f0e50,
0x000001bca09db7c0, 0x000001bca0a16020, 0x000001bca0c39f30, 0x000001bca0c3b3e0,
0x000001bca0b4db90, 0x000001bca0b4fc60, 0x000001bca0b4ef40, 0x000001bca0b4e8b0,
0x000001bca0b4e220, 0x000001bca0b4f5d0, 0x000001bca0b50980, 0x000001bca0b502f0,
0x000001bca169fd30, 0x000001bca16a1770, 0x000001bca169f6a0, 0x000001bca16a10e0
}

Java Threads: ( => current thread )
  0x000001bcd3fad940 JavaThread "main"                              [_thread_blocked, id=3220, stack(0x0000006e3c200000,0x0000006e3c300000) (1024K)]
  0x000001bc9b196c70 JavaThread "Reference Handler"          daemon [_thread_blocked, id=11708, stack(0x0000006e3ca00000,0x0000006e3cb00000) (1024K)]
  0x000001bc9b1976d0 JavaThread "Finalizer"                  daemon [_thread_blocked, id=12184, stack(0x0000006e3cb00000,0x0000006e3cc00000) (1024K)]
  0x000001bc9b1a1580 JavaThread "Signal Dispatcher"          daemon [_thread_blocked, id=904, stack(0x0000006e3cc00000,0x0000006e3cd00000) (1024K)]
  0x000001bc9b1a2260 JavaThread "Attach Listener"            daemon [_thread_blocked, id=5588, stack(0x0000006e3cd00000,0x0000006e3ce00000) (1024K)]
  0x000001bc9b1a2cc0 JavaThread "Service Thread"             daemon [_thread_blocked, id=11696, stack(0x0000006e3ce00000,0x0000006e3cf00000) (1024K)]
  0x000001bc9b1a5730 JavaThread "Monitor Deflation Thread"   daemon [_thread_blocked, id=8324, stack(0x0000006e3cf00000,0x0000006e3d000000) (1024K)]
=>0x000001bc9b1af210 JavaThread "C2 CompilerThread0"         daemon [_thread_in_native, id=6460, stack(0x0000006e3d000000,0x0000006e3d100000) (1024K)]
  0x000001bc9b1b18e0 JavaThread "C1 CompilerThread0"         daemon [_thread_blocked, id=3512, stack(0x0000006e3d100000,0x0000006e3d200000) (1024K)]
  0x000001bc9b4039c0 JavaThread "Common-Cleaner"             daemon [_thread_blocked, id=8796, stack(0x0000006e3d200000,0x0000006e3d300000) (1024K)]
  0x000001bc9b4041f0 JavaThread "Notification Thread"        daemon [_thread_blocked, id=9012, stack(0x0000006e3d300000,0x0000006e3d400000) (1024K)]
  0x000001bca00f0e50 JavaThread "Daemon health stats"               [_thread_blocked, id=7252, stack(0x0000006e3d700000,0x0000006e3d800000) (1024K)]
  0x000001bca09db7c0 JavaThread "Incoming local TCP Connector on port 55320"        [_thread_in_native, id=7892, stack(0x0000006e3d800000,0x0000006e3d900000) (1024K)]
  0x000001bca0a16020 JavaThread "Daemon periodic checks"            [_thread_blocked, id=10136, stack(0x0000006e3d900000,0x0000006e3da00000) (1024K)]
  0x000001bca0c39f30 JavaThread "Daemon"                            [_thread_blocked, id=10892, stack(0x0000006e3da00000,0x0000006e3db00000) (1024K)]
  0x000001bca0c3b3e0 JavaThread "Handler for socket connection from /127.0.0.1:55320 to /127.0.0.1:55321"        [_thread_in_native, id=8664, stack(0x0000006e3db00000,0x0000006e3dc00000) (1024K)]
  0x000001bca0b4db90 JavaThread "Cancel handler"                    [_thread_blocked, id=11544, stack(0x0000006e3dc00000,0x0000006e3dd00000) (1024K)]
  0x000001bca0b4fc60 JavaThread "Daemon worker"                     [_thread_in_native, id=9668, stack(0x0000006e3dd00000,0x0000006e3de00000) (1024K)]
  0x000001bca0b4ef40 JavaThread "Asynchronous log dispatcher for DefaultDaemonConnection: socket connection from /127.0.0.1:55320 to /127.0.0.1:55321"        [_thread_blocked, id=824, stack(0x0000006e3de00000,0x0000006e3df00000) (1024K)]
  0x000001bca0b4e8b0 JavaThread "Stdin handler"                     [_thread_blocked, id=7524, stack(0x0000006e3df00000,0x0000006e3e000000) (1024K)]
  0x000001bca0b4e220 JavaThread "Daemon client event forwarder"        [_thread_blocked, id=11512, stack(0x0000006e3e000000,0x0000006e3e100000) (1024K)]
  0x000001bca0b4f5d0 JavaThread "Cache worker for journal cache (C:\Users\Developer\.gradle\caches\journal-1)"        [_thread_blocked, id=2708, stack(0x0000006e3e100000,0x0000006e3e200000) (1024K)]
  0x000001bca0b50980 JavaThread "File lock request listener"        [_thread_in_native, id=8816, stack(0x0000006e3e200000,0x0000006e3e300000) (1024K)]
  0x000001bca0b502f0 JavaThread "Cache worker for file hash cache (C:\Users\Developer\.gradle\caches\7.5\fileHashes)"        [_thread_blocked, id=8496, stack(0x0000006e3e300000,0x0000006e3e400000) (1024K)]
  0x000001bca169fd30 JavaThread "File watcher server"        daemon [_thread_in_native, id=1984, stack(0x0000006e3e400000,0x0000006e3e500000) (1024K)]
  0x000001bca16a1770 JavaThread "File watcher consumer"      daemon [_thread_blocked, id=12000, stack(0x0000006e3e500000,0x0000006e3e600000) (1024K)]
  0x000001bca169f6a0 JavaThread "Cache worker for checksums cache (D:\mydumbbells-app\android\.gradle\7.5\checksums)"        [_thread_blocked, id=2112, stack(0x0000006e3e600000,0x0000006e3e700000) (1024K)]
  0x000001bca16a10e0 JavaThread "Cache worker for cache directory md-rule (C:\Users\Developer\.gradle\caches\7.5\md-rule)"        [_thread_blocked, id=12036, stack(0x0000006e3e700000,0x0000006e3e800000) (1024K)]
Total: 28

Other Threads:
  0x000001bc9b17a100 VMThread "VM Thread"                           [id=7612, stack(0x0000006e3c900000,0x0000006e3ca00000) (1024K)]
  0x000001bc9b163ac0 WatcherThread "VM Periodic Task Thread"        [id=10748, stack(0x0000006e3c800000,0x0000006e3c900000) (1024K)]
  0x000001bcd4005ec0 WorkerThread "GC Thread#0"                     [id=5796, stack(0x0000006e3c300000,0x0000006e3c400000) (1024K)]
  0x000001bc9b72e6f0 WorkerThread "GC Thread#1"                     [id=5728, stack(0x0000006e3d400000,0x0000006e3d500000) (1024K)]
  0x000001bc9b9faca0 WorkerThread "GC Thread#2"                     [id=10852, stack(0x0000006e3d500000,0x0000006e3d600000) (1024K)]
  0x000001bc9bd507b0 WorkerThread "GC Thread#3"                     [id=10964, stack(0x0000006e3d600000,0x0000006e3d700000) (1024K)]
  0x000001bcd4016d50 ConcurrentGCThread "G1 Main Marker"            [id=10840, stack(0x0000006e3c400000,0x0000006e3c500000) (1024K)]
  0x000001bcd4017700 WorkerThread "G1 Conc#0"                       [id=4896, stack(0x0000006e3c500000,0x0000006e3c600000) (1024K)]
  0x000001bcd40725f0 ConcurrentGCThread "G1 Refine#0"               [id=9972, stack(0x0000006e3c600000,0x0000006e3c700000) (1024K)]
  0x000001bcd4073010 ConcurrentGCThread "G1 Service"                [id=11624, stack(0x0000006e3c700000,0x0000006e3c800000) (1024K)]
Total: 10

Threads with active compile tasks:
C2 CompilerThread0  6833 2859       4       java.lang.invoke.MethodType::methodType (69 bytes)
Total: 1

VM state: not at safepoint (normal execution)

VM Mutex/Monitor currently owned by a thread: None

Heap address: 0x0000000080000000, size: 2048 MB, Compressed Oops mode: 32-bit

CDS archive(s) mapped at: [0x000001bc80000000-0x000001bc80c60000-0x000001bc80c60000), size 12976128, SharedBaseAddress: 0x000001bc80000000, ArchiveRelocationMode: 1.
Compressed class space mapped at: 0x000001bc81000000-0x000001bc9b000000, reserved size: 436207616
Narrow klass base: 0x000001bc80000000, Narrow klass shift: 0, Narrow klass range: 0x1b000000

GC Precious Log:
 CardTable entry size: 512
 Card Set container configuration: InlinePtr #cards 5 size 8 Array Of Cards #cards 12 size 40 Howl #buckets 4 coarsen threshold 1843 Howl Bitmap #cards 512 size 80 coarsen threshold 460 Card regions per heap region 1 cards per card region 2048
 CPUs: 4 total, 4 available
 Memory: 3884M
 Large Page Support: Disabled
 NUMA Support: Disabled
 Compressed Oops: Enabled (32-bit)
 Heap Region Size: 1M
 Heap Min Capacity: 8M
 Heap Initial Capacity: 62M
 Heap Max Capacity: 2G
 Pre-touch: Disabled
 Parallel Workers: 4
 Concurrent Workers: 1
 Concurrent Refinement Workers: 4
 Periodic GC: Disabled

Heap:
 garbage-first heap   total reserved 2097152K, committed 63488K, used 40189K [0x0000000080000000, 0x0000000100000000)
  region size 1024K, 23 young (23552K), 3 survivors (3072K)
 Metaspace       used 20727K, committed 21504K, reserved 491520K
  class space    used 3126K, committed 3456K, reserved 425984K

Heap Regions: E=young(eden), S=young(survivor), O=old, HS=humongous(starts), HC=humongous(continues), CS=collection set, F=free, TAMS=top-at-mark-start, PB=parsable bottom
|   0|0x0000000080000000, 0x0000000080100000, 0x0000000080100000|100%|HS|  |TAMS 0x0000000080000000| PB 0x0000000080000000| Complete |  0
|   1|0x0000000080100000, 0x0000000080200000, 0x0000000080200000|100%|HC|  |TAMS 0x0000000080100000| PB 0x0000000080100000| Complete |  0
|   2|0x0000000080200000, 0x0000000080300000, 0x0000000080300000|100%|HC|  |TAMS 0x0000000080200000| PB 0x0000000080200000| Complete |  0
|   3|0x0000000080300000, 0x0000000080400000, 0x0000000080400000|100%| O|  |TAMS 0x0000000080300000| PB 0x0000000080300000| Untracked |  0
|   4|0x0000000080400000, 0x0000000080500000, 0x0000000080500000|100%| O|  |TAMS 0x0000000080400000| PB 0x0000000080400000| Untracked |  0
|   5|0x0000000080500000, 0x0000000080600000, 0x0000000080600000|100%| O|  |TAMS 0x0000000080500000| PB 0x0000000080500000| Untracked |  0
|   6|0x0000000080600000, 0x0000000080700000, 0x0000000080700000|100%| O|  |TAMS 0x0000000080600000| PB 0x0000000080600000| Untracked |  0
|   7|0x0000000080700000, 0x0000000080800000, 0x0000000080800000|100%| O|  |TAMS 0x0000000080700000| PB 0x0000000080700000| Untracked |  0
|   8|0x0000000080800000, 0x0000000080900000, 0x0000000080900000|100%| O|  |TAMS 0x0000000080800000| PB 0x0000000080800000| Untracked |  0
|   9|0x0000000080900000, 0x0000000080a00000, 0x0000000080a00000|100%| O|  |TAMS 0x0000000080900000| PB 0x0000000080900000| Untracked |  0
|  10|0x0000000080a00000, 0x0000000080b00000, 0x0000000080b00000|100%| O|  |TAMS 0x0000000080a00000| PB 0x0000000080a00000| Untracked |  0
|  11|0x0000000080b00000, 0x0000000080c00000, 0x0000000080c00000|100%| O|  |TAMS 0x0000000080b00000| PB 0x0000000080b00000| Untracked |  0
|  12|0x0000000080c00000, 0x0000000080d00000, 0x0000000080d00000|100%| O|  |TAMS 0x0000000080c00000| PB 0x0000000080c00000| Untracked |  0
|  13|0x0000000080d00000, 0x0000000080e00000, 0x0000000080e00000|100%| O|  |TAMS 0x0000000080d00000| PB 0x0000000080d00000| Untracked |  0
|  14|0x0000000080e00000, 0x0000000080f00000, 0x0000000080f00000|100%| O|  |TAMS 0x0000000080e00000| PB 0x0000000080e00000| Untracked |  0
|  15|0x0000000080f00000, 0x0000000081000000, 0x0000000081000000|100%| O|  |TAMS 0x0000000080f00000| PB 0x0000000080f00000| Untracked |  0
|  16|0x0000000081000000, 0x0000000081100000, 0x0000000081100000|100%| O|  |TAMS 0x0000000081000000| PB 0x0000000081000000| Untracked |  0
|  17|0x0000000081100000, 0x00000000811cb640, 0x0000000081200000| 79%| O|  |TAMS 0x0000000081100000| PB 0x0000000081100000| Untracked |  0
|  18|0x0000000081200000, 0x0000000081200000, 0x0000000081300000|  0%| F|  |TAMS 0x0000000081200000| PB 0x0000000081200000| Untracked |  0
|  19|0x0000000081300000, 0x0000000081300000, 0x0000000081400000|  0%| F|  |TAMS 0x0000000081300000| PB 0x0000000081300000| Untracked |  0
|  20|0x0000000081400000, 0x0000000081400000, 0x0000000081500000|  0%| F|  |TAMS 0x0000000081400000| PB 0x0000000081400000| Untracked |  0
|  21|0x0000000081500000, 0x0000000081500000, 0x0000000081600000|  0%| F|  |TAMS 0x0000000081500000| PB 0x0000000081500000| Untracked |  0
|  22|0x0000000081600000, 0x0000000081600000, 0x0000000081700000|  0%| F|  |TAMS 0x0000000081600000| PB 0x0000000081600000| Untracked |  0
|  23|0x0000000081700000, 0x0000000081700000, 0x0000000081800000|  0%| F|  |TAMS 0x0000000081700000| PB 0x0000000081700000| Untracked |  0
|  24|0x0000000081800000, 0x0000000081800000, 0x0000000081900000|  0%| F|  |TAMS 0x0000000081800000| PB 0x0000000081800000| Untracked |  0
|  25|0x0000000081900000, 0x0000000081900000, 0x0000000081a00000|  0%| F|  |TAMS 0x0000000081900000| PB 0x0000000081900000| Untracked |  0
|  26|0x0000000081a00000, 0x0000000081a00000, 0x0000000081b00000|  0%| F|  |TAMS 0x0000000081a00000| PB 0x0000000081a00000| Untracked |  0
|  27|0x0000000081b00000, 0x0000000081b00000, 0x0000000081c00000|  0%| F|  |TAMS 0x0000000081b00000| PB 0x0000000081b00000| Untracked |  0
|  28|0x0000000081c00000, 0x0000000081c00000, 0x0000000081d00000|  0%| F|  |TAMS 0x0000000081c00000| PB 0x0000000081c00000| Untracked |  0
|  29|0x0000000081d00000, 0x0000000081d00000, 0x0000000081e00000|  0%| F|  |TAMS 0x0000000081d00000| PB 0x0000000081d00000| Untracked |  0
|  30|0x0000000081e00000, 0x0000000081e00000, 0x0000000081f00000|  0%| F|  |TAMS 0x0000000081e00000| PB 0x0000000081e00000| Untracked |  0
|  31|0x0000000081f00000, 0x0000000081f74148, 0x0000000082000000| 45%| S|CS|TAMS 0x0000000081f00000| PB 0x0000000081f00000| Complete |  0
|  32|0x0000000082000000, 0x0000000082100000, 0x0000000082100000|100%| S|CS|TAMS 0x0000000082000000| PB 0x0000000082000000| Complete |  0
|  33|0x0000000082100000, 0x0000000082200000, 0x0000000082200000|100%| S|CS|TAMS 0x0000000082100000| PB 0x0000000082100000| Complete |  0
|  34|0x0000000082200000, 0x0000000082200000, 0x0000000082300000|  0%| F|  |TAMS 0x0000000082200000| PB 0x0000000082200000| Untracked |  0
|  35|0x0000000082300000, 0x0000000082300000, 0x0000000082400000|  0%| F|  |TAMS 0x0000000082300000| PB 0x0000000082300000| Untracked |  0
|  36|0x0000000082400000, 0x0000000082400000, 0x0000000082500000|  0%| F|  |TAMS 0x0000000082400000| PB 0x0000000082400000| Untracked |  0
|  37|0x0000000082500000, 0x0000000082500000, 0x0000000082600000|  0%| F|  |TAMS 0x0000000082500000| PB 0x0000000082500000| Untracked |  0
|  38|0x0000000082600000, 0x0000000082600000, 0x0000000082700000|  0%| F|  |TAMS 0x0000000082600000| PB 0x0000000082600000| Untracked |  0
|  39|0x0000000082700000, 0x0000000082700000, 0x0000000082800000|  0%| F|  |TAMS 0x0000000082700000| PB 0x0000000082700000| Untracked |  0
|  40|0x0000000082800000, 0x0000000082800000, 0x0000000082900000|  0%| F|  |TAMS 0x0000000082800000| PB 0x0000000082800000| Untracked |  0
|  41|0x0000000082900000, 0x0000000082900000, 0x0000000082a00000|  0%| F|  |TAMS 0x0000000082900000| PB 0x0000000082900000| Untracked |  0
|  42|0x0000000082a00000, 0x0000000082a5ad80, 0x0000000082b00000| 35%| E|  |TAMS 0x0000000082a00000| PB 0x0000000082a00000| Complete |  0
|  43|0x0000000082b00000, 0x0000000082c00000, 0x0000000082c00000|100%| E|CS|TAMS 0x0000000082b00000| PB 0x0000000082b00000| Complete |  0
|  44|0x0000000082c00000, 0x0000000082d00000, 0x0000000082d00000|100%| E|CS|TAMS 0x0000000082c00000| PB 0x0000000082c00000| Complete |  0
|  45|0x0000000082d00000, 0x0000000082e00000, 0x0000000082e00000|100%| E|CS|TAMS 0x0000000082d00000| PB 0x0000000082d00000| Complete |  0
|  46|0x0000000082e00000, 0x0000000082f00000, 0x0000000082f00000|100%| E|CS|TAMS 0x0000000082e00000| PB 0x0000000082e00000| Complete |  0
|  47|0x0000000082f00000, 0x0000000083000000, 0x0000000083000000|100%| E|CS|TAMS 0x0000000082f00000| PB 0x0000000082f00000| Complete |  0
|  48|0x0000000083000000, 0x0000000083100000, 0x0000000083100000|100%| E|CS|TAMS 0x0000000083000000| PB 0x0000000083000000| Complete |  0
|  49|0x0000000083100000, 0x0000000083200000, 0x0000000083200000|100%| E|CS|TAMS 0x0000000083100000| PB 0x0000000083100000| Complete |  0
|  50|0x0000000083200000, 0x0000000083300000, 0x0000000083300000|100%| E|CS|TAMS 0x0000000083200000| PB 0x0000000083200000| Complete |  0
|  51|0x0000000083300000, 0x0000000083400000, 0x0000000083400000|100%| E|CS|TAMS 0x0000000083300000| PB 0x0000000083300000| Complete |  0
|  52|0x0000000083400000, 0x0000000083500000, 0x0000000083500000|100%| E|CS|TAMS 0x0000000083400000| PB 0x0000000083400000| Complete |  0
|  53|0x0000000083500000, 0x0000000083600000, 0x0000000083600000|100%| E|CS|TAMS 0x0000000083500000| PB 0x0000000083500000| Complete |  0
|  54|0x0000000083600000, 0x0000000083700000, 0x0000000083700000|100%| E|CS|TAMS 0x0000000083600000| PB 0x0000000083600000| Complete |  0
|  55|0x0000000083700000, 0x0000000083800000, 0x0000000083800000|100%| E|CS|TAMS 0x0000000083700000| PB 0x0000000083700000| Complete |  0
|  56|0x0000000083800000, 0x0000000083900000, 0x0000000083900000|100%| E|CS|TAMS 0x0000000083800000| PB 0x0000000083800000| Complete |  0
|  57|0x0000000083900000, 0x0000000083a00000, 0x0000000083a00000|100%| E|CS|TAMS 0x0000000083900000| PB 0x0000000083900000| Complete |  0
|  58|0x0000000083a00000, 0x0000000083b00000, 0x0000000083b00000|100%| E|CS|TAMS 0x0000000083a00000| PB 0x0000000083a00000| Complete |  0
|  59|0x0000000083b00000, 0x0000000083c00000, 0x0000000083c00000|100%| E|CS|TAMS 0x0000000083b00000| PB 0x0000000083b00000| Complete |  0
|  60|0x0000000083c00000, 0x0000000083d00000, 0x0000000083d00000|100%| E|CS|TAMS 0x0000000083c00000| PB 0x0000000083c00000| Complete |  0
|  61|0x0000000083d00000, 0x0000000083e00000, 0x0000000083e00000|100%| E|CS|TAMS 0x0000000083d00000| PB 0x0000000083d00000| Complete |  0

Card table byte_map: [0x000001bceb710000,0x000001bcebb10000] _byte_map_base: 0x000001bceb310000

Marking Bits: (CMBitMap*) 0x000001bcd4006470
 Bits: [0x000001bcebb10000, 0x000001bcedb10000)

Polling page: 0x000001bcd3780000

Metaspace:

Usage:
  Non-class:     17.20 MB used.
      Class:      3.06 MB used.
       Both:     20.26 MB used.

Virtual space:
  Non-class space:       64.00 MB reserved,      17.62 MB ( 28%) committed,  1 nodes.
      Class space:      416.00 MB reserved,       3.38 MB ( <1%) committed,  1 nodes.
             Both:      480.00 MB reserved,      21.00 MB (  4%) committed. 

Chunk freelists:
   Non-Class:  14.22 MB
       Class:  12.63 MB
        Both:  26.85 MB

MaxMetaspaceSize: 512.00 MB
CompressedClassSpaceSize: 416.00 MB
Initial GC threshold: 21.00 MB
Current GC threshold: 21.00 MB
CDS: on
 - commit_granule_bytes: 65536.
 - commit_granule_words: 8192.
 - virtual_space_node_default_size: 8388608.
 - enlarge_chunks_in_place: 1.
 - use_allocation_guard: 0.


Internal statistics:

num_allocs_failed_limit: 0.
num_arena_births: 1098.
num_arena_deaths: 0.
num_vsnodes_births: 2.
num_vsnodes_deaths: 0.
num_space_committed: 336.
num_space_uncommitted: 0.
num_chunks_returned_to_freelist: 0.
num_chunks_taken_from_freelist: 1895.
num_chunk_merges: 0.
num_chunk_splits: 1243.
num_chunks_enlarged: 840.
num_inconsistent_stats: 0.

CodeHeap 'non-profiled nmethods': size=120000Kb used=1375Kb max_used=1375Kb free=118624Kb
 bounds [0x000001bce3de0000, 0x000001bce4050000, 0x000001bceb310000]
CodeHeap 'profiled nmethods': size=120000Kb used=5804Kb max_used=5804Kb free=114195Kb
 bounds [0x000001bcdc310000, 0x000001bcdc8c0000, 0x000001bce3840000]
CodeHeap 'non-nmethods': size=5760Kb used=1505Kb max_used=1544Kb free=4254Kb
 bounds [0x000001bce3840000, 0x000001bce3ab0000, 0x000001bce3de0000]
 total_blobs=3495 nmethods=2913 adapters=486
 compilation: enabled
              stopped_count=0, restarted_count=0
 full_count=0

Compilation events (20 events):
Event: 6.477 Thread 0x000001bc9b1af210 nmethod 2641 0x000001bce3f35a10 code [0x000001bce3f35be0, 0x000001bce3f35e00]
Event: 6.477 Thread 0x000001bc9b1af210 2799       4       jdk.internal.org.objectweb.asm.MethodWriter::visitEnd (1 bytes)
Event: 6.477 Thread 0x000001bc9b1af210 nmethod 2799 0x000001bce3f36010 code [0x000001bce3f36180, 0x000001bce3f36208]
Event: 6.482 Thread 0x000001bc9b1af210 2858   !   4       java.lang.invoke.MemberName::getMethodType (213 bytes)
Event: 6.485 Thread 0x000001bc9b1af210 nmethod 2858 0x000001bce3f36310 code [0x000001bce3f364e0, 0x000001bce3f36990]
Event: 6.493 Thread 0x000001bc9b1af210 2859       4       java.lang.invoke.MethodType::methodType (69 bytes)
Event: 6.519 Thread 0x000001bc9b1b18e0 2861       3       java.util.Properties::loadConvert (540 bytes)
Event: 6.521 Thread 0x000001bc9b1b18e0 nmethod 2861 0x000001bcdc890c90 code [0x000001bcdc890f80, 0x000001bcdc8922a0]
Event: 6.549 Thread 0x000001bc9b1b18e0 2862       3       org.gradle.internal.dispatch.ReflectionDispatch::dispatch (9 bytes)
Event: 6.550 Thread 0x000001bc9b1b18e0 nmethod 2862 0x000001bcdc892910 code [0x000001bcdc892ac0, 0x000001bcdc892ce8]
Event: 6.550 Thread 0x000001bc9b1b18e0 2863   !   3       org.gradle.internal.dispatch.ReflectionDispatch::dispatch (42 bytes)
Event: 6.551 Thread 0x000001bc9b1b18e0 nmethod 2863 0x000001bcdc892d90 code [0x000001bcdc893060, 0x000001bcdc893cf0]
Event: 6.579 Thread 0x000001bc9b1b18e0 2864       3       java.lang.invoke.MethodType::genericMethodType (6 bytes)
Event: 6.579 Thread 0x000001bc9b1b18e0 nmethod 2864 0x000001bcdc894390 code [0x000001bcdc894540, 0x000001bcdc894660]
Event: 6.583 Thread 0x000001bc9b1b18e0 2866       3       java.lang.Class::privateGetDeclaredConstructors (79 bytes)
Event: 6.583 Thread 0x000001bc9b1b18e0 nmethod 2866 0x000001bcdc894710 code [0x000001bcdc894900, 0x000001bcdc894e00]
Event: 6.585 Thread 0x000001bc9b1b18e0 2867   !   3       org.gradle.internal.service.DefaultServiceRegistry$FactoryService::bind (283 bytes)
Event: 6.589 Thread 0x000001bc9b1b18e0 nmethod 2867 0x000001bcdc895010 code [0x000001bcdc8956e0, 0x000001bcdc899cb0]
Event: 6.589 Thread 0x000001bc9b1b18e0 2868       3       java.lang.invoke.LambdaFormEditor$Transform::<init> (17 bytes)
Event: 6.590 Thread 0x000001bc9b1b18e0 nmethod 2868 0x000001bcdc89b310 code [0x000001bcdc89b4e0, 0x000001bcdc89b8c0]

GC Heap History (10 events):
Event: 0.618 GC heap before
{Heap before GC invocations=0 (full 0):
 garbage-first heap   total reserved 2097152K, committed 63488K, used 16384K [0x0000000080000000, 0x0000000100000000)
  region size 1024K, 14 young (14336K), 0 survivors (0K)
 Metaspace       used 936K, committed 1088K, reserved 491520K
  class space    used 74K, committed 128K, reserved 425984K
}
Event: 0.622 GC heap after
{Heap after GC invocations=1 (full 0):
 garbage-first heap   total reserved 2097152K, committed 63488K, used 4368K [0x0000000080000000, 0x0000000100000000)
  region size 1024K, 2 young (2048K), 2 survivors (2048K)
 Metaspace       used 936K, committed 1088K, reserved 491520K
  class space    used 74K, committed 128K, reserved 425984K
}
Event: 1.493 GC heap before
{Heap before GC invocations=1 (full 0):
 garbage-first heap   total reserved 2097152K, committed 63488K, used 25872K [0x0000000080000000, 0x0000000100000000)
  region size 1024K, 20 young (20480K), 2 survivors (2048K)
 Metaspace       used 3862K, committed 4032K, reserved 491520K
  class space    used 482K, committed 576K, reserved 425984K
}
Event: 1.503 GC heap after
{Heap after GC invocations=2 (full 0):
 garbage-first heap   total reserved 2097152K, committed 63488K, used 9670K [0x0000000080000000, 0x0000000100000000)
  region size 1024K, 3 young (3072K), 3 survivors (3072K)
 Metaspace       used 3862K, committed 4032K, reserved 491520K
  class space    used 482K, committed 576K, reserved 425984K
}
Event: 3.281 GC heap before
{Heap before GC invocations=2 (full 0):
 garbage-first heap   total reserved 2097152K, committed 63488K, used 34246K [0x0000000080000000, 0x0000000100000000)
  region size 1024K, 26 young (26624K), 3 survivors (3072K)
 Metaspace       used 4169K, committed 4352K, reserved 491520K
  class space    used 525K, committed 640K, reserved 425984K
}
Event: 3.287 GC heap after
{Heap after GC invocations=3 (full 0):
 garbage-first heap   total reserved 2097152K, committed 63488K, used 13898K [0x0000000080000000, 0x0000000100000000)
  region size 1024K, 4 young (4096K), 4 survivors (4096K)
 Metaspace       used 4169K, committed 4352K, reserved 491520K
  class space    used 525K, committed 640K, reserved 425984K
}
Event: 5.251 GC heap before
{Heap before GC invocations=3 (full 0):
 garbage-first heap   total reserved 2097152K, committed 63488K, used 46666K [0x0000000080000000, 0x0000000100000000)
  region size 1024K, 37 young (37888K), 4 survivors (4096K)
 Metaspace       used 12684K, committed 13248K, reserved 491520K
  class space    used 1781K, committed 2048K, reserved 425984K
}
Event: 5.262 GC heap after
{Heap after GC invocations=4 (full 0):
 garbage-first heap   total reserved 2097152K, committed 63488K, used 18385K [0x0000000080000000, 0x0000000100000000)
  region size 1024K, 5 young (5120K), 5 survivors (5120K)
 Metaspace       used 12684K, committed 13248K, reserved 491520K
  class space    used 1781K, committed 2048K, reserved 425984K
}
Event: 6.210 GC heap before
{Heap before GC invocations=4 (full 0):
 garbage-first heap   total reserved 2097152K, committed 63488K, used 47057K [0x0000000080000000, 0x0000000100000000)
  region size 1024K, 33 young (33792K), 5 survivors (5120K)
 Metaspace       used 17679K, committed 18240K, reserved 491520K
  class space    used 2611K, committed 2880K, reserved 425984K
}
Event: 6.221 GC heap after
{Heap after GC invocations=5 (full 0):
 garbage-first heap   total reserved 2097152K, committed 63488K, used 20733K [0x0000000080000000, 0x0000000100000000)
  region size 1024K, 3 young (3072K), 3 survivors (3072K)
 Metaspace       used 17679K, committed 18240K, reserved 491520K
  class space    used 2611K, committed 2880K, reserved 425984K
}

Dll operation events (13 events):
Event: 0.011 Loaded shared library C:\Program Files\Java\jdk-22\bin\java.dll
Event: 0.098 Loaded shared library C:\Program Files\Java\jdk-22\bin\jsvml.dll
Event: 0.141 Loaded shared library C:\Program Files\Java\jdk-22\bin\net.dll
Event: 0.143 Loaded shared library C:\Program Files\Java\jdk-22\bin\nio.dll
Event: 0.150 Loaded shared library C:\Program Files\Java\jdk-22\bin\zip.dll
Event: 0.427 Loaded shared library C:\Program Files\Java\jdk-22\bin\jimage.dll
Event: 0.539 Loaded shared library C:\Program Files\Java\jdk-22\bin\verify.dll
Event: 0.865 Loaded shared library C:\Users\Developer\.gradle\native\e1d6ef7f7dcc3fd88c89a11ec53ec762bb8ba0a96d01ffa2cd45eb1d1d8dd5c5\windows-amd64\native-platform.dll
Event: 0.969 Loaded shared library C:\Users\Developer\.gradle\native\0d407fdbe67a94daf76414ababcb853783967236a71b16ec16e742cd7a986fd3\windows-amd64\native-platform-file-events.dll
Event: 3.721 Loaded shared library C:\Program Files\Java\jdk-22\bin\management.dll
Event: 3.725 Loaded shared library C:\Program Files\Java\jdk-22\bin\management_ext.dll
Event: 4.005 Loaded shared library C:\Program Files\Java\jdk-22\bin\extnet.dll
Event: 4.249 Loaded shared library C:\Program Files\Java\jdk-22\bin\sunmscapi.dll

Deoptimization events (20 events):
Event: 5.758 Thread 0x000001bca0b4fc60 DEOPT PACKING pc=0x000001bce3ecb6b8 sp=0x0000006e3ddfb6e0
Event: 5.758 Thread 0x000001bca0b4fc60 DEOPT UNPACKING pc=0x000001bce38946a2 sp=0x0000006e3ddfb680 mode 2
Event: 5.758 Thread 0x000001bca0b4fc60 Uncommon trap: trap_request=0xffffff45 fr.pc=0x000001bce3f019fc relative=0x00000000000001bc
Event: 5.758 Thread 0x000001bca0b4fc60 Uncommon trap: reason=unstable_if action=reinterpret pc=0x000001bce3f019fc method=java.util.HashMap.getNode(Ljava/lang/Object;)Ljava/util/HashMap$Node; @ 66 c2
Event: 5.758 Thread 0x000001bca0b4fc60 DEOPT PACKING pc=0x000001bce3f019fc sp=0x0000006e3ddfb760
Event: 5.758 Thread 0x000001bca0b4fc60 DEOPT UNPACKING pc=0x000001bce38946a2 sp=0x0000006e3ddfb6e0 mode 2
Event: 5.781 Thread 0x000001bca0b4fc60 Uncommon trap: trap_request=0xffffff45 fr.pc=0x000001bce3e94d18 relative=0x0000000000000258
Event: 5.781 Thread 0x000001bca0b4fc60 Uncommon trap: reason=unstable_if action=reinterpret pc=0x000001bce3e94d18 method=java.util.concurrent.ConcurrentHashMap.get(Ljava/lang/Object;)Ljava/lang/Object; @ 76 c2
Event: 5.781 Thread 0x000001bca0b4fc60 DEOPT PACKING pc=0x000001bce3e94d18 sp=0x0000006e3ddfac70
Event: 5.781 Thread 0x000001bca0b4fc60 DEOPT UNPACKING pc=0x000001bce38946a2 sp=0x0000006e3ddfabd8 mode 2
Event: 6.337 Thread 0x000001bca0b4fc60 DEOPT PACKING pc=0x000001bcdc70f4fe sp=0x0000006e3ddf5bc0
Event: 6.337 Thread 0x000001bca0b4fc60 DEOPT UNPACKING pc=0x000001bce3894e42 sp=0x0000006e3ddf5140 mode 0
Event: 6.375 Thread 0x000001bca0b4fc60 Uncommon trap: trap_request=0xffffff45 fr.pc=0x000001bce3effffc relative=0x0000000000000d5c
Event: 6.375 Thread 0x000001bca0b4fc60 Uncommon trap: reason=unstable_if action=reinterpret pc=0x000001bce3effffc method=jdk.internal.org.objectweb.asm.SymbolTable.addType(Ljava/lang/String;)I @ 33 c2
Event: 6.375 Thread 0x000001bca0b4fc60 DEOPT PACKING pc=0x000001bce3effffc sp=0x0000006e3ddfbcf0
Event: 6.375 Thread 0x000001bca0b4fc60 DEOPT UNPACKING pc=0x000001bce38946a2 sp=0x0000006e3ddfbc28 mode 2
Event: 6.375 Thread 0x000001bca0b4fc60 Uncommon trap: trap_request=0xffffff45 fr.pc=0x000001bce3ef48b8 relative=0x00000000000004d8
Event: 6.375 Thread 0x000001bca0b4fc60 Uncommon trap: reason=unstable_if action=reinterpret pc=0x000001bce3ef48b8 method=jdk.internal.org.objectweb.asm.SymbolTable.addType(Ljava/lang/String;)I @ 33 c2
Event: 6.375 Thread 0x000001bca0b4fc60 DEOPT PACKING pc=0x000001bce3ef48b8 sp=0x0000006e3ddfbdd0
Event: 6.375 Thread 0x000001bca0b4fc60 DEOPT UNPACKING pc=0x000001bce38946a2 sp=0x0000006e3ddfbd58 mode 2

Classes loaded (20 events):
Event: 6.058 Loading class java/util/concurrent/atomic/AtomicReferenceFieldUpdater$AtomicReferenceFieldUpdaterImpl$1
Event: 6.058 Loading class java/util/concurrent/atomic/AtomicReferenceFieldUpdater$AtomicReferenceFieldUpdaterImpl$1 done
Event: 6.058 Loading class sun/reflect/misc/ReflectUtil
Event: 6.059 Loading class sun/reflect/misc/ReflectUtil done
Event: 6.266 Loading class java/util/DualPivotQuicksort
Event: 6.269 Loading class java/util/DualPivotQuicksort done
Event: 6.403 Loading class java/util/function/UnaryOperator
Event: 6.404 Loading class java/util/function/UnaryOperator done
Event: 6.416 Loading class java/util/concurrent/TimeoutException
Event: 6.417 Loading class java/util/concurrent/TimeoutException done
Event: 6.417 Loading class java/util/concurrent/CancellationException
Event: 6.417 Loading class java/util/concurrent/CancellationException done
Event: 6.422 Loading class java/util/ServiceConfigurationError
Event: 6.422 Loading class java/util/ServiceConfigurationError done
Event: 6.456 Loading class java/util/concurrent/locks/AbstractQueuedSynchronizer$SharedNode
Event: 6.456 Loading class java/util/concurrent/locks/AbstractQueuedSynchronizer$SharedNode done
Event: 6.461 Loading class java/io/InterruptedIOException
Event: 6.461 Loading class java/io/InterruptedIOException done
Event: 6.469 Loading class java/util/ArrayDeque$DeqSpliterator
Event: 6.470 Loading class java/util/ArrayDeque$DeqSpliterator done

Classes unloaded (0 events):
No events

Classes redefined (0 events):
No events

Internal exceptions (20 events):
Event: 5.429 Thread 0x000001bca0b4fc60 Exception <a 'java/lang/NoSuchMethodError'{0x000000008397e4b0}: 'java.lang.Object java.lang.invoke.DirectMethodHandle$Holder.invokeInterface(java.lang.Object, java.lang.Object, java.lang.Object)'> (0x000000008397e4b0) 
thrown [s\open\src\hotspot\share\interpreter\linkResolver.cpp, line 774]
Event: 5.430 Thread 0x000001bca0b4fc60 Exception <a 'java/lang/IncompatibleClassChangeError'{0x00000000839820a0}: Found class java.lang.Object, but interface was expected> (0x00000000839820a0) 
thrown [s\open\src\hotspot\share\interpreter\linkResolver.cpp, line 841]
Event: 5.435 Thread 0x000001bca0b4fc60 Exception <a 'java/lang/NoSuchMethodError'{0x00000000839932a0}: 'java.lang.Object java.lang.invoke.DirectMethodHandle$Holder.newInvokeSpecial(java.lang.Object, java.lang.Object, java.lang.Object, java.lang.Object, java.lang.Object, java.lang.Object, java.lang.Object, java.lang.Object, java.lang.Object, java.lang.Object)'> (0x00000000839932a0) 
thrown [s\open\src\hotspot\share\interpreter\linkResolver.cpp, line 774]
Event: 5.513 Thread 0x000001bca0b4fc60 Exception <a 'java/lang/NoSuchMethodError'{0x0000000083646960}: 'int java.lang.invoke.DirectMethodHandle$Holder.invokeStatic(java.lang.Object, java.lang.Object, java.lang.Object, java.lang.Object)'> (0x0000000083646960) 
thrown [s\open\src\hotspot\share\interpreter\linkResolver.cpp, line 774]
Event: 5.533 Thread 0x000001bca0b4fc60 Exception <a 'java/lang/NoSuchMethodError'{0x000000008351a718}: 'java.lang.Object java.lang.invoke.DirectMethodHandle$Holder.invokeVirtual(java.lang.Object, java.lang.Object, java.lang.Object, java.lang.Object, java.lang.Object, java.lang.Object, java.lang.Object, java.lang.Object, java.lang.Object, java.lang.Object, java.lang.Object, java.lang.Object, java.lang.Object, java.lang.Object, java.lang.Object, java.lang.Object, java.lang.Object, java.lang.Object, java.lang.Object, java.lang.Object)'> (0x0000000
Event: 5.534 Thread 0x000001bca0b4fc60 Exception <a 'java/lang/NoSuchMethodError'{0x0000000083520360}: 'java.lang.Object java.lang.invoke.DirectMethodHandle$Holder.invokeSpecial(java.lang.Object, java.lang.Object, java.lang.Object, java.lang.Object, java.lang.Object, java.lang.Object, java.lang.Object, java.lang.Object, java.lang.Object, java.lang.Object, java.lang.Object, java.lang.Object, java.lang.Object, java.lang.Object, java.lang.Object, java.lang.Object, java.lang.Object, java.lang.Object, java.lang.Object, java.lang.Object, java.lang.Ob
Event: 5.534 Thread 0x000001bca0b4fc60 Exception <a 'java/lang/NoSuchMethodError'{0x0000000083525610}: 'java.lang.Object java.lang.invoke.DelegatingMethodHandle$Holder.reinvoke_L(java.lang.Object, java.lang.Object, java.lang.Object, java.lang.Object, java.lang.Object, java.lang.Object, java.lang.Object, java.lang.Object, java.lang.Object, java.lang.Object, java.lang.Object, java.lang.Object, java.lang.Object, java.lang.Object, java.lang.Object, java.lang.Object, java.lang.Object, java.lang.Object, java.lang.Object, java.lang.Object)'> (0x000000
Event: 5.544 Thread 0x000001bca0b4fc60 Exception <a 'java/lang/NoSuchMethodError'{0x00000000835c5928}: 'java.lang.Object java.lang.invoke.DirectMethodHandle$Holder.invokeInterface(java.lang.Object, java.lang.Object)'> (0x00000000835c5928) 
thrown [s\open\src\hotspot\share\interpreter\linkResolver.cpp, line 774]
Event: 5.691 Thread 0x000001bca0b4fc60 Exception <a 'java/lang/NoSuchMethodError'{0x0000000082e198f0}: 'void java.lang.invoke.DirectMethodHandle$Holder.invokeStatic(java.lang.Object, java.lang.Object)'> (0x0000000082e198f0) 
thrown [s\open\src\hotspot\share\interpreter\linkResolver.cpp, line 774]
Event: 5.854 Thread 0x000001bca0b4fc60 Exception <a 'java/lang/NoSuchMethodError'{0x0000000082a6e840}: 'java.lang.Object java.lang.invoke.DirectMethodHandle$Holder.newInvokeSpecial(java.lang.Object, java.lang.Object, java.lang.Object, java.lang.Object, java.lang.Object, java.lang.Object, java.lang.Object)'> (0x0000000082a6e840) 
thrown [s\open\src\hotspot\share\interpreter\linkResolver.cpp, line 774]
Event: 5.882 Thread 0x000001bca0b4fc60 Exception <a 'java/lang/NoSuchMethodError'{0x000000008290f9e8}: 'void java.lang.invoke.DirectMethodHandle$Holder.invokeSpecial(java.lang.Object, java.lang.Object, java.lang.Object, java.lang.Object, java.lang.Object, java.lang.Object, java.lang.Object)'> (0x000000008290f9e8) 
thrown [s\open\src\hotspot\share\interpreter\linkResolver.cpp, line 774]
Event: 5.932 Thread 0x000001bca0b4fc60 Exception <a 'java/lang/NoSuchMethodError'{0x0000000082886ef8}: 'java.lang.Object java.lang.invoke.DirectMethodHandle$Holder.invokeVirtual(java.lang.Object, java.lang.Object, java.lang.Object, java.lang.Object, java.lang.Object, java.lang.Object, java.lang.Object, java.lang.Object, java.lang.Object, java.lang.Object, java.lang.Object, java.lang.Object, java.lang.Object, java.lang.Object, java.lang.Object, java.lang.Object, java.lang.Object, java.lang.Object, java.lang.Object, java.lang.Object, java.lang.Ob
Event: 6.068 Thread 0x000001bca0b4fc60 Exception <a 'java/lang/NoSuchMethodError'{0x000000008242c068}: 'int java.lang.invoke.DirectMethodHandle$Holder.invokeStaticInit(java.lang.Object, java.lang.Object, java.lang.Object)'> (0x000000008242c068) 
thrown [s\open\src\hotspot\share\interpreter\linkResolver.cpp, line 774]
Event: 6.311 Thread 0x000001bca0b4fc60 Exception <a 'java/lang/NoSuchMethodError'{0x0000000083cef2a8}: 'void java.lang.invoke.DirectMethodHandle$Holder.invokeStaticInit(java.lang.Object, java.lang.Object)'> (0x0000000083cef2a8) 
thrown [s\open\src\hotspot\share\interpreter\linkResolver.cpp, line 774]
Event: 6.332 Thread 0x000001bca0b4fc60 Exception <a 'java/lang/NoSuchMethodError'{0x0000000083b96228}: 'java.lang.Object java.lang.invoke.DirectMethodHandle$Holder.newInvokeSpecial(java.lang.Object, java.lang.Object, java.lang.Object, java.lang.Object, java.lang.Object, java.lang.Object, java.lang.Object, java.lang.Object)'> (0x0000000083b96228) 
thrown [s\open\src\hotspot\share\interpreter\linkResolver.cpp, line 774]
Event: 6.354 Thread 0x000001bca0b4fc60 Exception <a 'java/lang/NoSuchMethodError'{0x0000000083a749a0}: 'java.lang.Object java.lang.invoke.DirectMethodHandle$Holder.newInvokeSpecial(java.lang.Object, java.lang.Object, java.lang.Object, java.lang.Object, java.lang.Object, java.lang.Object, java.lang.Object, java.lang.Object, java.lang.Object)'> (0x0000000083a749a0) 
thrown [s\open\src\hotspot\share\interpreter\linkResolver.cpp, line 774]
Event: 6.463 Thread 0x000001bca0b4fc60 Exception <a 'java/lang/NoSuchMethodError'{0x000000008364eae8}: 'void java.lang.invoke.DirectMethodHandle$Holder.invokeStatic(java.lang.Object, java.lang.Object, java.lang.Object, java.lang.Object)'> (0x000000008364eae8) 
thrown [s\open\src\hotspot\share\interpreter\linkResolver.cpp, line 774]
Event: 6.465 Thread 0x000001bca0b4fc60 Exception <a 'java/lang/NoSuchMethodError'{0x000000008365eac8}: 'int java.lang.invoke.DirectMethodHandle$Holder.invokeVirtual(java.lang.Object, java.lang.Object)'> (0x000000008365eac8) 
thrown [s\open\src\hotspot\share\interpreter\linkResolver.cpp, line 774]
Event: 6.467 Thread 0x000001bca0b4fc60 Exception <a 'java/lang/NoSuchMethodError'{0x000000008366f170}: 'java.lang.Object java.lang.invoke.DirectMethodHandle$Holder.invokeStaticInit(java.lang.Object, java.lang.Object, java.lang.Object)'> (0x000000008366f170) 
thrown [s\open\src\hotspot\share\interpreter\linkResolver.cpp, line 774]
Event: 6.472 Thread 0x000001bca0b4fc60 Exception <a 'java/lang/NoSuchMethodError'{0x00000000836a4bd0}: 'int java.lang.invoke.DirectMethodHandle$Holder.invokeVirtual(java.lang.Object, java.lang.Object, java.lang.Object)'> (0x00000000836a4bd0) 
thrown [s\open\src\hotspot\share\interpreter\linkResolver.cpp, line 774]

ZGC Phase Switch (0 events):
No events

VM Operations (20 events):
Event: 3.919 Executing VM operation: HandshakeAllThreads (Deoptimize)
Event: 3.919 Executing VM operation: HandshakeAllThreads (Deoptimize) done
Event: 3.979 Executing VM operation: HandshakeAllThreads (Deoptimize)
Event: 3.979 Executing VM operation: HandshakeAllThreads (Deoptimize) done
Event: 4.184 Executing VM operation: HandshakeAllThreads (Deoptimize)
Event: 4.184 Executing VM operation: HandshakeAllThreads (Deoptimize) done
Event: 4.339 Executing VM operation: ICBufferFull
Event: 4.339 Executing VM operation: ICBufferFull done
Event: 4.547 Executing VM operation: HandshakeAllThreads (Deoptimize)
Event: 4.547 Executing VM operation: HandshakeAllThreads (Deoptimize) done
Event: 5.223 Executing VM operation: HandshakeAllThreads (Deoptimize)
Event: 5.224 Executing VM operation: HandshakeAllThreads (Deoptimize) done
Event: 5.224 Executing VM operation: HandshakeAllThreads (Deoptimize)
Event: 5.224 Executing VM operation: HandshakeAllThreads (Deoptimize) done
Event: 5.251 Executing VM operation: G1CollectForAllocation (G1 Evacuation Pause)
Event: 5.262 Executing VM operation: G1CollectForAllocation (G1 Evacuation Pause) done
Event: 6.121 Executing VM operation: ICBufferFull
Event: 6.121 Executing VM operation: ICBufferFull done
Event: 6.210 Executing VM operation: G1CollectForAllocation (G1 Evacuation Pause)
Event: 6.221 Executing VM operation: G1CollectForAllocation (G1 Evacuation Pause) done

Memory protections (0 events):
No events

Nmethod flushes (0 events):
No events

Events (20 events):
Event: 0.096 Thread 0x000001bcd3fad940 Thread added: 0x000001bc9b1a5730
Event: 0.096 Thread 0x000001bcd3fad940 Thread added: 0x000001bc9b1af210
Event: 0.097 Thread 0x000001bcd3fad940 Thread added: 0x000001bc9b1b18e0
Event: 0.132 Thread 0x000001bcd3fad940 Thread added: 0x000001bc9b4039c0
Event: 0.135 Thread 0x000001bcd3fad940 Thread added: 0x000001bc9b4041f0
Event: 3.772 Thread 0x000001bcd3fad940 Thread added: 0x000001bca00f0e50
Event: 4.057 Thread 0x000001bcd3fad940 Thread added: 0x000001bca09db7c0
Event: 4.147 Thread 0x000001bcd3fad940 Thread added: 0x000001bca0a16020
Event: 4.318 Thread 0x000001bca09db7c0 Thread added: 0x000001bca0c39f30
Event: 4.321 Thread 0x000001bca0c39f30 Thread added: 0x000001bca0c3b3e0
Event: 4.346 Thread 0x000001bca0c39f30 Thread added: 0x000001bca0b4db90
Event: 4.360 Thread 0x000001bca0c39f30 Thread added: 0x000001bca0b4fc60
Event: 4.378 Thread 0x000001bca0b4fc60 Thread added: 0x000001bca0b4ef40
Event: 4.383 Thread 0x000001bca0b4fc60 Thread added: 0x000001bca0b4e8b0
Event: 4.392 Thread 0x000001bca0b4fc60 Thread added: 0x000001bca0b4e220
Event: 4.547 Thread 0x000001bca0b4fc60 Thread added: 0x000001bca0b4f5d0
Event: 4.579 Thread 0x000001bca0b4fc60 Thread added: 0x000001bca0b50980
Event: 5.350 Thread 0x000001bca0b4fc60 Thread added: 0x000001bca0b502f0
Event: 6.456 Thread 0x000001bca0b4fc60 Thread added: 0x000001bca169fd30
Event: 6.464 Thread 0x000001bca0b4fc60 Thread added: 0x000001bca16a1770


Dynamic libraries:
0x00007ff6aac40000 - 0x00007ff6aac50000 	C:\Program Files\Java\jdk-22\bin\java.exe
0x00007ffe994b0000 - 0x00007ffe996a8000 	C:\Windows\SYSTEM32\ntdll.dll
0x00007ffe98f50000 - 0x00007ffe9900d000 	C:\Windows\System32\KERNEL32.DLL
0x00007ffe96de0000 - 0x00007ffe970ae000 	C:\Windows\System32\KERNELBASE.dll
0x00007ffe96c50000 - 0x00007ffe96d50000 	C:\Windows\System32\ucrtbase.dll
0x00007ffe90ea0000 - 0x00007ffe90ebb000 	C:\Program Files\Java\jdk-22\bin\VCRUNTIME140.dll
0x00007ffe92410000 - 0x00007ffe92427000 	C:\Program Files\Java\jdk-22\bin\jli.dll
0x00007ffe99270000 - 0x00007ffe99410000 	C:\Windows\System32\USER32.dll
0x00007ffe96bd0000 - 0x00007ffe96bf2000 	C:\Windows\System32\win32u.dll
0x00007ffe98b50000 - 0x00007ffe98b7a000 	C:\Windows\System32\GDI32.dll
0x00007ffe97350000 - 0x00007ffe9745b000 	C:\Windows\System32\gdi32full.dll
0x00007ffe972b0000 - 0x00007ffe9734d000 	C:\Windows\System32\msvcp_win.dll
0x00007ffe7fd80000 - 0x00007ffe8001a000 	C:\Windows\WinSxS\amd64_microsoft.windows.common-controls_6595b64144ccf1df_6.0.19041.1110_none_60b5254171f9507e\COMCTL32.dll
0x00007ffe97e10000 - 0x00007ffe97eae000 	C:\Windows\System32\msvcrt.dll
0x00007ffe98c70000 - 0x00007ffe98ca0000 	C:\Windows\System32\IMM32.DLL
0x00007ffe93fd0000 - 0x00007ffe93fdc000 	C:\Program Files\Java\jdk-22\bin\vcruntime140_1.dll
0x00007ffe74990000 - 0x00007ffe74a1e000 	C:\Program Files\Java\jdk-22\bin\msvcp140.dll
0x00007ffe52c60000 - 0x00007ffe539a9000 	C:\Program Files\Java\jdk-22\bin\server\jvm.dll
0x00007ffe97610000 - 0x00007ffe976be000 	C:\Windows\System32\ADVAPI32.dll
0x00007ffe97510000 - 0x00007ffe975ac000 	C:\Windows\System32\sechost.dll
0x00007ffe98d10000 - 0x00007ffe98e35000 	C:\Windows\System32\RPCRT4.dll
0x00007ffe98ca0000 - 0x00007ffe98d0b000 	C:\Windows\System32\WS2_32.dll
0x00007ffe96a40000 - 0x00007ffe96a8b000 	C:\Windows\SYSTEM32\POWRPROF.dll
0x00007ffe81f90000 - 0x00007ffe81fb7000 	C:\Windows\SYSTEM32\WINMM.dll
0x00007ffe94bc0000 - 0x00007ffe94bca000 	C:\Windows\SYSTEM32\VERSION.dll
0x00007ffe96a20000 - 0x00007ffe96a32000 	C:\Windows\SYSTEM32\UMPDC.dll
0x00007ffe95470000 - 0x00007ffe95482000 	C:\Windows\SYSTEM32\kernel.appcore.dll
0x00007ffe92530000 - 0x00007ffe9253a000 	C:\Program Files\Java\jdk-22\bin\jimage.dll
0x00007ffe85c90000 - 0x00007ffe85e74000 	C:\Windows\SYSTEM32\DBGHELP.DLL
0x00007ffe85a50000 - 0x00007ffe85a7c000 	C:\Windows\SYSTEM32\dbgcore.DLL
0x00007ffe96d50000 - 0x00007ffe96dd2000 	C:\Windows\System32\bcryptPrimitives.dll
0x00007ffe8e330000 - 0x00007ffe8e34e000 	C:\Program Files\Java\jdk-22\bin\java.dll
0x00007ffe976c0000 - 0x00007ffe97e03000 	C:\Windows\System32\SHELL32.dll
0x00007ffe98190000 - 0x00007ffe982ba000 	C:\Windows\System32\ole32.dll
0x00007ffe98730000 - 0x00007ffe98a84000 	C:\Windows\System32\combase.dll
0x00007ffe94bd0000 - 0x00007ffe95365000 	C:\Windows\SYSTEM32\windows.storage.dll
0x00007ffe96560000 - 0x00007ffe96590000 	C:\Windows\SYSTEM32\Wldp.dll
0x00007ffe98e40000 - 0x00007ffe98eed000 	C:\Windows\System32\SHCORE.dll
0x00007ffe98130000 - 0x00007ffe98185000 	C:\Windows\System32\shlwapi.dll
0x00007ffe96b10000 - 0x00007ffe96b2f000 	C:\Windows\SYSTEM32\profapi.dll
0x00007ffe74530000 - 0x00007ffe74607000 	C:\Program Files\Java\jdk-22\bin\jsvml.dll
0x00007ffe924c0000 - 0x00007ffe924d0000 	C:\Program Files\Java\jdk-22\bin\net.dll
0x00007ffe962c0000 - 0x00007ffe9632a000 	C:\Windows\system32\mswsock.dll
0x00007ffe8e310000 - 0x00007ffe8e326000 	C:\Program Files\Java\jdk-22\bin\nio.dll
0x00007ffe8b9e0000 - 0x00007ffe8b9f7000 	C:\Program Files\Java\jdk-22\bin\zip.dll
0x00007ffe923b0000 - 0x00007ffe923c0000 	C:\Program Files\Java\jdk-22\bin\verify.dll
0x00007ffe92490000 - 0x00007ffe924b7000 	C:\Users\Developer\.gradle\native\e1d6ef7f7dcc3fd88c89a11ec53ec762bb8ba0a96d01ffa2cd45eb1d1d8dd5c5\windows-amd64\native-platform.dll
0x00007ffe725c0000 - 0x00007ffe72704000 	C:\Users\Developer\.gradle\native\0d407fdbe67a94daf76414ababcb853783967236a71b16ec16e742cd7a986fd3\windows-amd64\native-platform-file-events.dll
0x00007ffe8bac0000 - 0x00007ffe8baca000 	C:\Program Files\Java\jdk-22\bin\management.dll
0x00007ffe8b950000 - 0x00007ffe8b95b000 	C:\Program Files\Java\jdk-22\bin\management_ext.dll
0x00007ffe98c60000 - 0x00007ffe98c68000 	C:\Windows\System32\PSAPI.DLL
0x00007ffe964b0000 - 0x00007ffe964c8000 	C:\Windows\SYSTEM32\CRYPTSP.dll
0x00007ffe95c40000 - 0x00007ffe95c74000 	C:\Windows\system32\rsaenh.dll
0x00007ffe970b0000 - 0x00007ffe970d7000 	C:\Windows\System32\bcrypt.dll
0x00007ffe96ad0000 - 0x00007ffe96afe000 	C:\Windows\SYSTEM32\USERENV.dll
0x00007ffe964d0000 - 0x00007ffe964dc000 	C:\Windows\SYSTEM32\CRYPTBASE.dll
0x00007ffe95fb0000 - 0x00007ffe95feb000 	C:\Windows\SYSTEM32\IPHLPAPI.DLL
0x00007ffe98b40000 - 0x00007ffe98b48000 	C:\Windows\System32\NSI.dll
0x00007ffe8b940000 - 0x00007ffe8b949000 	C:\Program Files\Java\jdk-22\bin\extnet.dll
0x00007ffe8b930000 - 0x00007ffe8b93e000 	C:\Program Files\Java\jdk-22\bin\sunmscapi.dll
0x00007ffe97150000 - 0x00007ffe972a6000 	C:\Windows\System32\CRYPT32.dll
0x00007ffe965d0000 - 0x00007ffe965f7000 	C:\Windows\SYSTEM32\ncrypt.dll
0x00007ffe96590000 - 0x00007ffe965cb000 	C:\Windows\SYSTEM32\NTASN1.dll
0x00007ffe8e250000 - 0x00007ffe8e257000 	C:\Windows\system32\wshunix.dll

dbghelp: loaded successfully - version: 4.0.5 - missing functions: none
symbol engine: initialized successfully - sym options: 0x614 - pdb path: .;C:\Program Files\Java\jdk-22\bin;C:\Windows\SYSTEM32;C:\Windows\WinSxS\amd64_microsoft.windows.common-controls_6595b64144ccf1df_6.0.19041.1110_none_60b5254171f9507e;C:\Program Files\Java\jdk-22\bin\server;C:\Users\Developer\.gradle\native\e1d6ef7f7dcc3fd88c89a11ec53ec762bb8ba0a96d01ffa2cd45eb1d1d8dd5c5\windows-amd64;C:\Users\Developer\.gradle\native\0d407fdbe67a94daf76414ababcb853783967236a71b16ec16e742cd7a986fd3\windows-amd64

VM Arguments:
jvm_args: -XX:MaxMetaspaceSize=512m --add-opens=java.base/java.util=ALL-UNNAMED --add-opens=java.base/java.lang=ALL-UNNAMED --add-opens=java.base/java.lang.invoke=ALL-UNNAMED --add-opens=java.base/java.util=ALL-UNNAMED --add-opens=java.prefs/java.util.prefs=ALL-UNNAMED --add-opens=java.prefs/java.util.prefs=ALL-UNNAMED --add-opens=java.base/java.nio.charset=ALL-UNNAMED --add-opens=java.base/java.net=ALL-UNNAMED --add-opens=java.base/java.util.concurrent.atomic=ALL-UNNAMED -Xmx2048m -Dfile.encoding=UTF-8 -Duser.country=IN -Duser.language=en -Duser.variant 
java_command: org.gradle.launcher.daemon.bootstrap.GradleDaemon 7.5
java_class_path (initial): C:\Users\Developer\.gradle\wrapper\dists\gradle-7.5-bin\f1w0cc9nuo0eivz97x2xlu9sv\gradle-7.5\lib\gradle-launcher-7.5.jar
Launcher Type: SUN_STANDARD

[Global flags]
     intx CICompilerCount                          = 3                                         {product} {ergonomic}
   size_t CompressedClassSpaceSize                 = 436207616                                 {product} {ergonomic}
     uint ConcGCThreads                            = 1                                         {product} {ergonomic}
     uint G1ConcRefinementThreads                  = 4                                         {product} {ergonomic}
   size_t G1HeapRegionSize                         = 1048576                                   {product} {ergonomic}
   size_t InitialHeapSize                          = 65011712                                  {product} {ergonomic}
   size_t MarkStackSize                            = 4194304                                   {product} {ergonomic}
   size_t MaxHeapSize                              = 2147483648                                {product} {command line}
   size_t MaxMetaspaceSize                         = 536870912                                 {product} {command line}
   size_t MaxNewSize                               = 1287651328                                {product} {ergonomic}
   size_t MinHeapDeltaBytes                        = 1048576                                   {product} {ergonomic}
   size_t MinHeapSize                              = 8388608                                   {product} {ergonomic}
    uintx NonNMethodCodeHeapSize                   = 5832780                                {pd product} {ergonomic}
    uintx NonProfiledCodeHeapSize                  = 122912730                              {pd product} {ergonomic}
    uintx ProfiledCodeHeapSize                     = 122912730                              {pd product} {ergonomic}
    uintx ReservedCodeCacheSize                    = 251658240                              {pd product} {ergonomic}
     bool SegmentedCodeCache                       = true                                      {product} {ergonomic}
   size_t SoftMaxHeapSize                          = 2147483648                             {manageable} {ergonomic}
     bool UseCompressedOops                        = true                           {product lp64_product} {ergonomic}
     bool UseG1GC                                  = true                                      {product} {ergonomic}
     bool UseLargePagesIndividualAllocation        = false                                  {pd product} {ergonomic}

Logging:
Log output configuration:
 #0: stdout all=warning uptime,level,tags foldmultilines=false
 #1: stderr all=off uptime,level,tags foldmultilines=false

Environment Variables:
JAVA_HOME=C:\Program Files\Java\jdk-22
CLASSPATH=D:\mydumbbells-app\android\\gradle\wrapper\gradle-wrapper.jar
PATH=D:\mydumbbells-app\node_modules\.bin;D:\node_modules\.bin;C:\Users\Developer\AppData\Roaming\npm\node_modules\npm\node_modules\@npmcli\run-script\lib\node-gyp-bin;C:\Program Files\Microsoft\jdk-17.0.13.11-hotspot\bin;C:\Python312\Scripts\;C:\Python312\;C:\Program Files\Common Files\Oracle\Java\javapath;C:\Windows\system32;C:\Windows;C:\Windows\System32\Wbem;C:\Windows\System32\WindowsPowerShell\v1.0\;C:\Windows\System32\OpenSSH\;C:\ProgramData\chocolatey\bin;%LOCALAPPDATA%\Android\Sdk\platform-tools;C:\Program Files\nodejs\;C:\Users\Developer\AppData\Local\Microsoft\WindowsApps;C:\Users\Developer\AppData\Local\Programs\Microsoft VS Code\bin;C:\Users\Developer\AppData\Roaming\npm
USERNAME=Developer
OS=Windows_NT
PROCESSOR_IDENTIFIER=Intel64 Family 6 Model 58 Stepping 9, GenuineIntel
TMP=C:\Users\DEVELO~1\AppData\Local\Temp
TEMP=C:\Users\DEVELO~1\AppData\Local\Temp




Periodic native trim disabled

---------------  S Y S T E M  ---------------

OS:
 Windows 10 , 64 bit Build 19041 (10.0.19041.1889)
OS uptime: 0 days 2:36 hours

CPU: total 4 (initial active 4) (2 cores per cpu, 2 threads per core) family 6 model 58 stepping 9 microcode 0x21, cx8, cmov, fxsr, ht, mmx, sse, sse2, sse3, ssse3, sse4.1, sse4.2, popcnt, tsc, tscinvbit, avx, erms, clmul, vzeroupper, clflush, rdtscp, f16c
Processor Information for all 4 processors :
  Max Mhz: 3300, Current Mhz: 3300, Mhz Limit: 3300

Memory: 4k page, system-wide physical 3884M (107M free)
TotalPageFile size 15660M (AvailPageFile size 2M)
current process WorkingSet (physical memory assigned to process): 171M, peak: 171M
current process commit charge ("private bytes"): 209M, peak: 210M

vm_info: Java HotSpot(TM) 64-Bit Server VM (22.0.2+9-70) for windows-amd64 JRE (22.0.2+9-70), built on 2024-06-04T16:52:23Z by "mach5one" with MS VC++ 17.6 (VS2022)

END.
