#
# There is insufficient memory for the Java Runtime Environment to continue.
# Native memory allocation (malloc) failed to allocate 32744 bytes for ChunkPool::allocate
# Possible reasons:
#   The system is out of physical RAM or swap space
#   The process is running with CompressedOops enabled, and the Java Heap may be blocking the growth of the native heap
# Possible solutions:
#   Reduce memory load on the system
#   Increase physical memory or swap space
#   Check if swap backing store is full
#   Decrease Java heap size (-Xmx/-Xms)
#   Decrease number of Java threads
#   Decrease Java thread stack sizes (-Xss)
#   Set larger code cache with -XX:ReservedCodeCacheSize=
#   JVM is running with Unscaled Compressed Oops mode in which the Java heap is
#     placed in the first 4GB address space. The Java Heap base address is the
#     maximum limit for the native heap growth. Please use -XX:HeapBaseMinAddress
#     to set the Java Heap base and to place the Java Heap above 4GB virtual address.
# This output file may be truncated or incomplete.
#
#  Out of Memory Error (arena.cpp:78), pid=9748, tid=9680
#
# JRE version: Java(TM) SE Runtime Environment (17.0.12+8) (build 17.0.12+8-LTS-286)
# Java VM: Java HotSpot(TM) 64-Bit Server VM (17.0.12+8-LTS-286, mixed mode, sharing, tiered, compressed oops, compressed class ptrs, g1 gc, windows-amd64)
# No core dump will be written. Minidumps are not enabled by default on client versions of Windows
#

---------------  S U M M A R Y ------------

Command Line: -Xmx64m -Xms64m -Dorg.gradle.appname=gradlew org.gradle.wrapper.GradleWrapperMain app:installDebug -PreactNativeDevServerPort=8081

Host: Intel(R) Core(TM) i3-3220 CPU @ 3.30GHz, 4 cores, 3G,  Windows 10 , 64 bit Build 19041 (10.0.19041.5438)
Time: Fri Feb 28 08:49:44 2025 India Standard Time elapsed time: 344.339001 seconds (0d 0h 5m 44s)

---------------  T H R E A D  ---------------

Current thread (0x00000262d7a6f970):  JavaThread "C2 CompilerThread0" daemon [_thread_in_native, id=9680, stack(0x0000009c8fb00000,0x0000009c8fc00000)]


Current CompileTask:
C2: 344339 1838       4       org.gradle.internal.logging.console.MultiLineBuildProgressArea::redraw (203 bytes)

Stack: [0x0000009c8fb00000,0x0000009c8fc00000]
Native frames: (J=compiled Java code, j=interpreted, Vv=VM code, C=native code)
V  [jvm.dll+0x67a04a]
V  [jvm.dll+0x7da4ed]
V  [jvm.dll+0x7dbe33]
V  [jvm.dll+0x7dc4a3]
V  [jvm.dll+0x24508f]
V  [jvm.dll+0xab9a4]
V  [jvm.dll+0xabd3c]
V  [jvm.dll+0x659f1a]
V  [jvm.dll+0x793d8]
V  [jvm.dll+0x6880ae]
V  [jvm.dll+0x6875ee]
V  [jvm.dll+0x1a5bac]
V  [jvm.dll+0x1a6708]
V  [jvm.dll+0x1a6708]
V  [jvm.dll+0x2a975c]
V  [jvm.dll+0x6923b6]
V  [jvm.dll+0x68a3d5]
V  [jvm.dll+0x689a20]
V  [jvm.dll+0x687932]
V  [jvm.dll+0x1a5bac]
V  [jvm.dll+0x215818]
V  [jvm.dll+0x1a2960]
V  [jvm.dll+0x22610b]
V  [jvm.dll+0x2242ab]
V  [jvm.dll+0x79075c]
V  [jvm.dll+0x78abea]
V  [jvm.dll+0x678f35]
C  [ucrtbase.dll+0x21bb2]
C  [KERNEL32.DLL+0x17374]
C  [ntdll.dll+0x4cc91]


---------------  P R O C E S S  ---------------

Threads class SMR info:
_java_thread_list=0x000002631dd32fc0, length=15, elements={
0x00000262beb6a4b0, 0x00000262bec3b870, 0x00000262bec3e700, 0x00000262d7a5e350,
0x00000262d7a5ff20, 0x00000262d7a628f0, 0x00000262d7a632b0, 0x00000262d7a6f970,
0x00000262d7a70420, 0x00000262d7a8ea10, 0x000002631d033130, 0x000002631d03ad20,
0x000002631d599b80, 0x000002631dd049d0, 0x000002631dd04eb0
}

Java Threads: ( => current thread )
  0x00000262beb6a4b0 JavaThread "main" [_thread_in_native, id=7112, stack(0x0000009c8ee00000,0x0000009c8ef00000)]
  0x00000262bec3b870 JavaThread "Reference Handler" daemon [_thread_blocked, id=10532, stack(0x0000009c8f500000,0x0000009c8f600000)]
  0x00000262bec3e700 JavaThread "Finalizer" daemon [_thread_blocked, id=13896, stack(0x0000009c8f600000,0x0000009c8f700000)]
  0x00000262d7a5e350 JavaThread "Signal Dispatcher" daemon [_thread_blocked, id=9044, stack(0x0000009c8f700000,0x0000009c8f800000)]
  0x00000262d7a5ff20 JavaThread "Attach Listener" daemon [_thread_blocked, id=7568, stack(0x0000009c8f800000,0x0000009c8f900000)]
  0x00000262d7a628f0 JavaThread "Service Thread" daemon [_thread_blocked, id=10628, stack(0x0000009c8f900000,0x0000009c8fa00000)]
  0x00000262d7a632b0 JavaThread "Monitor Deflation Thread" daemon [_thread_blocked, id=544, stack(0x0000009c8fa00000,0x0000009c8fb00000)]
=>0x00000262d7a6f970 JavaThread "C2 CompilerThread0" daemon [_thread_in_native, id=9680, stack(0x0000009c8fb00000,0x0000009c8fc00000)]
  0x00000262d7a70420 JavaThread "C1 CompilerThread0" daemon [_thread_blocked, id=9644, stack(0x0000009c8fc00000,0x0000009c8fd00000)]
  0x00000262d7a8ea10 JavaThread "Sweeper thread" daemon [_thread_blocked, id=8928, stack(0x0000009c8fd00000,0x0000009c8fe00000)]
  0x000002631d033130 JavaThread "Notification Thread" daemon [_thread_blocked, id=5364, stack(0x0000009c8fe00000,0x0000009c8ff00000)]
  0x000002631d03ad20 JavaThread "Common-Cleaner" daemon [_thread_blocked, id=4388, stack(0x0000009c90000000,0x0000009c90100000)]
  0x000002631d599b80 JavaThread "pool-1-thread-1" [_thread_blocked, id=12804, stack(0x0000009c90400000,0x0000009c90500000)]
  0x000002631dd049d0 JavaThread "DisconnectableInputStream source reader" daemon [_thread_in_native, id=12552, stack(0x0000009c90600000,0x0000009c90700000)]
  0x000002631dd04eb0 JavaThread "Forward input" [_thread_blocked, id=14144, stack(0x0000009c90700000,0x0000009c90800000)]

Other Threads:
  0x00000262bec34390 VMThread "VM Thread" [stack: 0x0000009c8f400000,0x0000009c8f500000] [id=11592]
  0x000002631d035620 WatcherThread [stack: 0x0000009c8ff00000,0x0000009c90000000] [id=1392]
  0x00000262beb862b0 GCTaskThread "GC Thread#0" [stack: 0x0000009c8ef00000,0x0000009c8f000000] [id=2720]
  0x000002631d4582c0 GCTaskThread "GC Thread#1" [stack: 0x0000009c90100000,0x0000009c90200000] [id=13576]
  0x000002631d49a680 GCTaskThread "GC Thread#2" [stack: 0x0000009c90200000,0x0000009c90300000] [id=12488]
  0x000002631d49a940 GCTaskThread "GC Thread#3" [stack: 0x0000009c90300000,0x0000009c90400000] [id=5628]
  0x00000262beb88a10 ConcurrentGCThread "G1 Main Marker" [stack: 0x0000009c8f000000,0x0000009c8f100000] [id=11376]
  0x00000262beb89420 ConcurrentGCThread "G1 Conc#0" [stack: 0x0000009c8f100000,0x0000009c8f200000] [id=2584]
  0x00000262bebd9e30 ConcurrentGCThread "G1 Refine#0" [stack: 0x0000009c8f200000,0x0000009c8f300000] [id=13612]
  0x00000262bebda860 ConcurrentGCThread "G1 Service" [stack: 0x0000009c8f300000,0x0000009c8f400000] [id=8644]

Threads with active compile tasks:
C2 CompilerThread0   344472 1838       4       org.gradle.internal.logging.console.MultiLineBuildProgressArea::redraw (203 bytes)

VM state: not at safepoint (normal execution)

VM Mutex/Monitor currently owned by a thread: None

Heap address: 0x00000000fc000000, size: 64 MB, Compressed Oops mode: 32-bit

CDS archive(s) mapped at: [0x00000262d8000000-0x00000262d8bd0000-0x00000262d8bd0000), size 12386304, SharedBaseAddress: 0x00000262d8000000, ArchiveRelocationMode: 1.
Compressed class space mapped at: 0x00000262d9000000-0x0000026319000000, reserved size: 1073741824
Narrow klass base: 0x00000262d8000000, Narrow klass shift: 0, Narrow klass range: 0x100000000

GC Precious Log:
 CPUs: 4 total, 4 available
 Memory: 3884M
 Large Page Support: Disabled
 NUMA Support: Disabled
 Compressed Oops: Enabled (32-bit)
 Heap Region Size: 1M
 Heap Min Capacity: 64M
 Heap Initial Capacity: 64M
 Heap Max Capacity: 64M
 Pre-touch: Disabled
 Parallel Workers: 4
 Concurrent Workers: 1
 Concurrent Refinement Workers: 4
 Periodic GC: Disabled

Heap:
 garbage-first heap   total 65536K, used 26973K [0x00000000fc000000, 0x0000000100000000)
  region size 1024K, 21 young (21504K), 3 survivors (3072K)
 Metaspace       used 9023K, committed 9216K, reserved 1114112K
  class space    used 1182K, committed 1280K, reserved 1048576K

Heap Regions: E=young(eden), S=young(survivor), O=old, HS=humongous(starts), HC=humongous(continues), CS=collection set, F=free, OA=open archive, CA=closed archive, TAMS=top-at-mark-start (previous, next)
|   0|0x00000000fc000000, 0x00000000fc100000, 0x00000000fc100000|100%|HS|  |TAMS 0x00000000fc000000, 0x00000000fc000000| Complete 
|   1|0x00000000fc100000, 0x00000000fc200000, 0x00000000fc200000|100%|HC|  |TAMS 0x00000000fc100000, 0x00000000fc100000| Complete 
|   2|0x00000000fc200000, 0x00000000fc300000, 0x00000000fc300000|100%|HC|  |TAMS 0x00000000fc200000, 0x00000000fc200000| Complete 
|   3|0x00000000fc300000, 0x00000000fc400000, 0x00000000fc400000|100%| O|  |TAMS 0x00000000fc300000, 0x00000000fc300000| Untracked 
|   4|0x00000000fc400000, 0x00000000fc500000, 0x00000000fc500000|100%| O|  |TAMS 0x00000000fc400000, 0x00000000fc400000| Untracked 
|   5|0x00000000fc500000, 0x00000000fc600000, 0x00000000fc600000|100%| O|  |TAMS 0x00000000fc500000, 0x00000000fc500000| Untracked 
|   6|0x00000000fc600000, 0x00000000fc657600, 0x00000000fc700000| 34%| O|  |TAMS 0x00000000fc600000, 0x00000000fc600000| Untracked 
|   7|0x00000000fc700000, 0x00000000fc700000, 0x00000000fc800000|  0%| F|  |TAMS 0x00000000fc700000, 0x00000000fc700000| Untracked 
|   8|0x00000000fc800000, 0x00000000fc800000, 0x00000000fc900000|  0%| F|  |TAMS 0x00000000fc800000, 0x00000000fc800000| Untracked 
|   9|0x00000000fc900000, 0x00000000fc900000, 0x00000000fca00000|  0%| F|  |TAMS 0x00000000fc900000, 0x00000000fc900000| Untracked 
|  10|0x00000000fca00000, 0x00000000fca00000, 0x00000000fcb00000|  0%| F|  |TAMS 0x00000000fca00000, 0x00000000fca00000| Untracked 
|  11|0x00000000fcb00000, 0x00000000fcb00000, 0x00000000fcc00000|  0%| F|  |TAMS 0x00000000fcb00000, 0x00000000fcb00000| Untracked 
|  12|0x00000000fcc00000, 0x00000000fcc00000, 0x00000000fcd00000|  0%| F|  |TAMS 0x00000000fcc00000, 0x00000000fcc00000| Untracked 
|  13|0x00000000fcd00000, 0x00000000fcd00000, 0x00000000fce00000|  0%| F|  |TAMS 0x00000000fcd00000, 0x00000000fcd00000| Untracked 
|  14|0x00000000fce00000, 0x00000000fce00000, 0x00000000fcf00000|  0%| F|  |TAMS 0x00000000fce00000, 0x00000000fce00000| Untracked 
|  15|0x00000000fcf00000, 0x00000000fcf00000, 0x00000000fd000000|  0%| F|  |TAMS 0x00000000fcf00000, 0x00000000fcf00000| Untracked 
|  16|0x00000000fd000000, 0x00000000fd000000, 0x00000000fd100000|  0%| F|  |TAMS 0x00000000fd000000, 0x00000000fd000000| Untracked 
|  17|0x00000000fd100000, 0x00000000fd100000, 0x00000000fd200000|  0%| F|  |TAMS 0x00000000fd100000, 0x00000000fd100000| Untracked 
|  18|0x00000000fd200000, 0x00000000fd200000, 0x00000000fd300000|  0%| F|  |TAMS 0x00000000fd200000, 0x00000000fd200000| Untracked 
|  19|0x00000000fd300000, 0x00000000fd300000, 0x00000000fd400000|  0%| F|  |TAMS 0x00000000fd300000, 0x00000000fd300000| Untracked 
|  20|0x00000000fd400000, 0x00000000fd400000, 0x00000000fd500000|  0%| F|  |TAMS 0x00000000fd400000, 0x00000000fd400000| Untracked 
|  21|0x00000000fd500000, 0x00000000fd500000, 0x00000000fd600000|  0%| F|  |TAMS 0x00000000fd500000, 0x00000000fd500000| Untracked 
|  22|0x00000000fd600000, 0x00000000fd600000, 0x00000000fd700000|  0%| F|  |TAMS 0x00000000fd600000, 0x00000000fd600000| Untracked 
|  23|0x00000000fd700000, 0x00000000fd700000, 0x00000000fd800000|  0%| F|  |TAMS 0x00000000fd700000, 0x00000000fd700000| Untracked 
|  24|0x00000000fd800000, 0x00000000fd800000, 0x00000000fd900000|  0%| F|  |TAMS 0x00000000fd800000, 0x00000000fd800000| Untracked 
|  25|0x00000000fd900000, 0x00000000fd900000, 0x00000000fda00000|  0%| F|  |TAMS 0x00000000fd900000, 0x00000000fd900000| Untracked 
|  26|0x00000000fda00000, 0x00000000fda00000, 0x00000000fdb00000|  0%| F|  |TAMS 0x00000000fda00000, 0x00000000fda00000| Untracked 
|  27|0x00000000fdb00000, 0x00000000fdb00000, 0x00000000fdc00000|  0%| F|  |TAMS 0x00000000fdb00000, 0x00000000fdb00000| Untracked 
|  28|0x00000000fdc00000, 0x00000000fdc00000, 0x00000000fdd00000|  0%| F|  |TAMS 0x00000000fdc00000, 0x00000000fdc00000| Untracked 
|  29|0x00000000fdd00000, 0x00000000fdd00000, 0x00000000fde00000|  0%| F|  |TAMS 0x00000000fdd00000, 0x00000000fdd00000| Untracked 
|  30|0x00000000fde00000, 0x00000000fde00000, 0x00000000fdf00000|  0%| F|  |TAMS 0x00000000fde00000, 0x00000000fde00000| Untracked 
|  31|0x00000000fdf00000, 0x00000000fdf00000, 0x00000000fe000000|  0%| F|  |TAMS 0x00000000fdf00000, 0x00000000fdf00000| Untracked 
|  32|0x00000000fe000000, 0x00000000fe000000, 0x00000000fe100000|  0%| F|  |TAMS 0x00000000fe000000, 0x00000000fe000000| Untracked 
|  33|0x00000000fe100000, 0x00000000fe100000, 0x00000000fe200000|  0%| F|  |TAMS 0x00000000fe100000, 0x00000000fe100000| Untracked 
|  34|0x00000000fe200000, 0x00000000fe200000, 0x00000000fe300000|  0%| F|  |TAMS 0x00000000fe200000, 0x00000000fe200000| Untracked 
|  35|0x00000000fe300000, 0x00000000fe300000, 0x00000000fe400000|  0%| F|  |TAMS 0x00000000fe300000, 0x00000000fe300000| Untracked 
|  36|0x00000000fe400000, 0x00000000fe400000, 0x00000000fe500000|  0%| F|  |TAMS 0x00000000fe400000, 0x00000000fe400000| Untracked 
|  37|0x00000000fe500000, 0x00000000fe500000, 0x00000000fe600000|  0%| F|  |TAMS 0x00000000fe500000, 0x00000000fe500000| Untracked 
|  38|0x00000000fe600000, 0x00000000fe600000, 0x00000000fe700000|  0%| F|  |TAMS 0x00000000fe600000, 0x00000000fe600000| Untracked 
|  39|0x00000000fe700000, 0x00000000fe700000, 0x00000000fe800000|  0%| F|  |TAMS 0x00000000fe700000, 0x00000000fe700000| Untracked 
|  40|0x00000000fe800000, 0x00000000fe800000, 0x00000000fe900000|  0%| F|  |TAMS 0x00000000fe800000, 0x00000000fe800000| Untracked 
|  41|0x00000000fe900000, 0x00000000fe900000, 0x00000000fea00000|  0%| F|  |TAMS 0x00000000fe900000, 0x00000000fe900000| Untracked 
|  42|0x00000000fea00000, 0x00000000fea00000, 0x00000000feb00000|  0%| F|  |TAMS 0x00000000fea00000, 0x00000000fea00000| Untracked 
|  43|0x00000000feb00000, 0x00000000fec00000, 0x00000000fec00000|100%| S|CS|TAMS 0x00000000feb00000, 0x00000000feb00000| Complete 
|  44|0x00000000fec00000, 0x00000000fed00000, 0x00000000fed00000|100%| S|CS|TAMS 0x00000000fec00000, 0x00000000fec00000| Complete 
|  45|0x00000000fed00000, 0x00000000fee00000, 0x00000000fee00000|100%| S|CS|TAMS 0x00000000fed00000, 0x00000000fed00000| Complete 
|  46|0x00000000fee00000, 0x00000000fee8e288, 0x00000000fef00000| 55%| E|  |TAMS 0x00000000fee00000, 0x00000000fee00000| Complete 
|  47|0x00000000fef00000, 0x00000000ff000000, 0x00000000ff000000|100%| E|CS|TAMS 0x00000000fef00000, 0x00000000fef00000| Complete 
|  48|0x00000000ff000000, 0x00000000ff100000, 0x00000000ff100000|100%| E|CS|TAMS 0x00000000ff000000, 0x00000000ff000000| Complete 
|  49|0x00000000ff100000, 0x00000000ff200000, 0x00000000ff200000|100%| E|CS|TAMS 0x00000000ff100000, 0x00000000ff100000| Complete 
|  50|0x00000000ff200000, 0x00000000ff300000, 0x00000000ff300000|100%| E|CS|TAMS 0x00000000ff200000, 0x00000000ff200000| Complete 
|  51|0x00000000ff300000, 0x00000000ff400000, 0x00000000ff400000|100%| E|CS|TAMS 0x00000000ff300000, 0x00000000ff300000| Complete 
|  52|0x00000000ff400000, 0x00000000ff500000, 0x00000000ff500000|100%| E|CS|TAMS 0x00000000ff400000, 0x00000000ff400000| Complete 
|  53|0x00000000ff500000, 0x00000000ff600000, 0x00000000ff600000|100%| E|CS|TAMS 0x00000000ff500000, 0x00000000ff500000| Complete 
|  54|0x00000000ff600000, 0x00000000ff700000, 0x00000000ff700000|100%| E|CS|TAMS 0x00000000ff600000, 0x00000000ff600000| Complete 
|  55|0x00000000ff700000, 0x00000000ff800000, 0x00000000ff800000|100%| E|CS|TAMS 0x00000000ff700000, 0x00000000ff700000| Complete 
|  56|0x00000000ff800000, 0x00000000ff900000, 0x00000000ff900000|100%| E|CS|TAMS 0x00000000ff800000, 0x00000000ff800000| Complete 
|  57|0x00000000ff900000, 0x00000000ffa00000, 0x00000000ffa00000|100%| E|CS|TAMS 0x00000000ff900000, 0x00000000ff900000| Complete 
|  58|0x00000000ffa00000, 0x00000000ffb00000, 0x00000000ffb00000|100%| E|CS|TAMS 0x00000000ffa00000, 0x00000000ffa00000| Complete 
|  59|0x00000000ffb00000, 0x00000000ffc00000, 0x00000000ffc00000|100%| E|CS|TAMS 0x00000000ffb00000, 0x00000000ffb00000| Complete 
|  60|0x00000000ffc00000, 0x00000000ffd00000, 0x00000000ffd00000|100%| E|CS|TAMS 0x00000000ffc00000, 0x00000000ffc00000| Complete 
|  61|0x00000000ffd00000, 0x00000000ffe00000, 0x00000000ffe00000|100%| E|CS|TAMS 0x00000000ffd00000, 0x00000000ffd00000| Complete 
|  62|0x00000000ffe00000, 0x00000000fff00000, 0x00000000fff00000|100%| E|CS|TAMS 0x00000000ffe00000, 0x00000000ffe00000| Complete 
|  63|0x00000000fff00000, 0x0000000100000000, 0x0000000100000000|100%| E|CS|TAMS 0x00000000fff00000, 0x00000000fff00000| Complete 

Card table byte_map: [0x00000262bcb50000,0x00000262bcb70000] _byte_map_base: 0x00000262bc370000

Marking Bits (Prev, Next): (CMBitMap*) 0x00000262beb878e0, (CMBitMap*) 0x00000262beb87920
 Prev Bits: [0x00000262be960000, 0x00000262bea60000)
 Next Bits: [0x00000262d5430000, 0x00000262d5530000)

Polling page: 0x00000262bcb00000

Metaspace:

Usage:
  Non-class:      7.66 MB used.
      Class:      1.16 MB used.
       Both:      8.81 MB used.

Virtual space:
  Non-class space:       64.00 MB reserved,       7.75 MB ( 12%) committed,  1 nodes.
      Class space:        1.00 GB reserved,       1.25 MB ( <1%) committed,  1 nodes.
             Both:        1.06 GB reserved,       9.00 MB ( <1%) committed. 

Chunk freelists:
   Non-Class:  8.08 MB
       Class:  14.64 MB
        Both:  22.72 MB

MaxMetaspaceSize: unlimited
CompressedClassSpaceSize: 1.00 GB
Initial GC threshold: 21.00 MB
Current GC threshold: 21.00 MB
CDS: on
MetaspaceReclaimPolicy: balanced
 - commit_granule_bytes: 65536.
 - commit_granule_words: 8192.
 - virtual_space_node_default_size: 8388608.
 - enlarge_chunks_in_place: 1.
 - new_chunks_are_fully_committed: 0.
 - uncommit_free_chunks: 1.
 - use_allocation_guard: 0.
 - handle_deallocations: 1.


Internal statistics:

num_allocs_failed_limit: 0.
num_arena_births: 80.
num_arena_deaths: 0.
num_vsnodes_births: 2.
num_vsnodes_deaths: 0.
num_space_committed: 144.
num_space_uncommitted: 0.
num_chunks_returned_to_freelist: 0.
num_chunks_taken_from_freelist: 309.
num_chunk_merges: 0.
num_chunk_splits: 211.
num_chunks_enlarged: 173.
num_inconsistent_stats: 0.

CodeHeap 'non-profiled nmethods': size=120000Kb used=747Kb max_used=747Kb free=119252Kb
 bounds [0x00000262cdf00000, 0x00000262ce170000, 0x00000262d5430000]
CodeHeap 'profiled nmethods': size=120000Kb used=3503Kb max_used=3503Kb free=116496Kb
 bounds [0x00000262c6430000, 0x00000262c67a0000, 0x00000262cd960000]
CodeHeap 'non-nmethods': size=5760Kb used=1169Kb max_used=1209Kb free=4590Kb
 bounds [0x00000262cd960000, 0x00000262cdbd0000, 0x00000262cdf00000]
 total_blobs=2302 nmethods=1837 adapters=378
 compilation: enabled
              stopped_count=0, restarted_count=0
 full_count=0

Compilation events (20 events):
Event: 316.239 Thread 0x00000262d7a70420 1829       3       org.gradle.internal.logging.console.DefaultColorMap$CompositeColor::on (40 bytes)
Event: 316.258 Thread 0x00000262d7a70420 nmethod 1829 0x00000262c6799090 code [0x00000262c6799280, 0x00000262c6799878]
Event: 316.258 Thread 0x00000262d7a70420 1830       3       org.gradle.internal.logging.console.DefaultColorMap$CompositeColor::off (43 bytes)
Event: 316.259 Thread 0x00000262d7a70420 nmethod 1830 0x00000262c6799a10 code [0x00000262c6799c00, 0x00000262c679a228]
Event: 316.259 Thread 0x00000262d7a70420 1831       3       com.google.common.collect.Lists::reverse (55 bytes)
Event: 316.269 Thread 0x00000262d7a6f970 nmethod 1828 0x00000262cdfa4d10 code [0x00000262cdfa4ea0, 0x00000262cdfa4fd8]
Event: 316.272 Thread 0x00000262d7a70420 nmethod 1831 0x00000262c679a410 code [0x00000262c679a6e0, 0x00000262c679bb28]
Event: 322.409 Thread 0x00000262d7a6f970 1832       4       java.util.concurrent.locks.ReentrantLock$Sync::isHeldExclusively (16 bytes)
Event: 322.421 Thread 0x00000262d7a6f970 nmethod 1832 0x00000262cdfa5110 code [0x00000262cdfa5280, 0x00000262cdfa5338]
Event: 325.153 Thread 0x00000262d7a6f970 1833       4       org.gradle.internal.logging.sink.GroupingProgressLogEventGenerator$OperationGroup::maybeFlushOutput (34 bytes)
Event: 325.210 Thread 0x00000262d7a6f970 nmethod 1833 0x00000262cdfa5410 code [0x00000262cdfa5680, 0x00000262cdfa60c0]
Event: 326.901 Thread 0x00000262d7a6f970 1834       4       org.gradle.internal.logging.console.WorkInProgressRenderer::onOutput (53 bytes)
Event: 327.551 Thread 0x00000262d7a6f970 nmethod 1834 0x00000262cdfa6a10 code [0x00000262cdfa6fa0, 0x00000262cdfad9e8]
Event: 327.551 Thread 0x00000262d7a6f970 1835       4       org.gradle.internal.logging.console.BuildLogLevelFilterRenderer::onOutput (53 bytes)
Event: 327.989 Thread 0x00000262d7a6f970 nmethod 1835 0x00000262cdfb0610 code [0x00000262cdfb0b40, 0x00000262cdfb7328]
Event: 335.680 Thread 0x00000262d7a6f970 1836       4       com.google.common.collect.AbstractIterator::hasNext (65 bytes)
Event: 335.721 Thread 0x00000262d7a6f970 nmethod 1836 0x00000262cdfb9d10 code [0x00000262cdfb9ec0, 0x00000262cdfba6f8]
Event: 342.045 Thread 0x00000262d7a6f970 1837       4       java.util.ArrayDeque$DeqIterator::hasNext (13 bytes)
Event: 342.046 Thread 0x00000262d7a6f970 nmethod 1837 0x00000262cdfbaa10 code [0x00000262cdfbab80, 0x00000262cdfbac18]
Event: 343.955 Thread 0x00000262d7a6f970 1838       4       org.gradle.internal.logging.console.MultiLineBuildProgressArea::redraw (203 bytes)

GC Heap History (4 events):
Event: 1.888 GC heap before
{Heap before GC invocations=0 (full 0):
 garbage-first heap   total 65536K, used 15360K [0x00000000fc000000, 0x0000000100000000)
  region size 1024K, 13 young (13312K), 0 survivors (0K)
 Metaspace       used 1778K, committed 1920K, reserved 1114112K
  class space    used 163K, committed 192K, reserved 1048576K
}
Event: 1.893 GC heap after
{Heap after GC invocations=1 (full 0):
 garbage-first heap   total 65536K, used 3168K [0x00000000fc000000, 0x0000000100000000)
  region size 1024K, 2 young (2048K), 2 survivors (2048K)
 Metaspace       used 1778K, committed 1920K, reserved 1114112K
  class space    used 163K, committed 192K, reserved 1048576K
}
Event: 2.574 GC heap before
{Heap before GC invocations=1 (full 0):
 garbage-first heap   total 65536K, used 22624K [0x00000000fc000000, 0x0000000100000000)
  region size 1024K, 18 young (18432K), 2 survivors (2048K)
 Metaspace       used 5345K, committed 5568K, reserved 1114112K
  class space    used 723K, committed 832K, reserved 1048576K
}
Event: 2.579 GC heap after
{Heap after GC invocations=2 (full 0):
 garbage-first heap   total 65536K, used 9565K [0x00000000fc000000, 0x0000000100000000)
  region size 1024K, 3 young (3072K), 3 survivors (3072K)
 Metaspace       used 5345K, committed 5568K, reserved 1114112K
  class space    used 723K, committed 832K, reserved 1048576K
}

Deoptimization events (20 events):
Event: 2.667 Thread 0x00000262beb6a4b0 Uncommon trap: trap_request=0xffffffc6 fr.pc=0x00000262cdf5c5f8 relative=0x0000000000000518
Event: 2.668 Thread 0x00000262beb6a4b0 Uncommon trap: reason=bimorphic_or_optimized_type_check action=maybe_recompile pc=0x00000262cdf5c5f8 method=java.util.concurrent.ConcurrentHashMap.get(Ljava/lang/Object;)Ljava/lang/Object; @ 149 c2
Event: 2.668 Thread 0x00000262beb6a4b0 DEOPT PACKING pc=0x00000262cdf5c5f8 sp=0x0000009c8eefad40
Event: 2.668 Thread 0x00000262beb6a4b0 DEOPT UNPACKING pc=0x00000262cd9b23a3 sp=0x0000009c8eeface0 mode 2
Event: 2.669 Thread 0x00000262beb6a4b0 DEOPT PACKING pc=0x00000262c64daa65 sp=0x0000009c8eef9b40
Event: 2.669 Thread 0x00000262beb6a4b0 DEOPT UNPACKING pc=0x00000262cd9b2b43 sp=0x0000009c8eef8f90 mode 0
Event: 2.970 Thread 0x00000262beb6a4b0 Uncommon trap: trap_request=0xffffff45 fr.pc=0x00000262cdf3a0a0 relative=0x00000000000005e0
Event: 2.970 Thread 0x00000262beb6a4b0 Uncommon trap: reason=unstable_if action=reinterpret pc=0x00000262cdf3a0a0 method=java.lang.AbstractStringBuilder.append(Ljava/lang/String;)Ljava/lang/AbstractStringBuilder; @ 1 c2
Event: 2.970 Thread 0x00000262beb6a4b0 DEOPT PACKING pc=0x00000262cdf3a0a0 sp=0x0000009c8eefc2a0
Event: 2.970 Thread 0x00000262beb6a4b0 DEOPT UNPACKING pc=0x00000262cd9b23a3 sp=0x0000009c8eefc220 mode 2
Event: 2.970 Thread 0x00000262beb6a4b0 Uncommon trap: trap_request=0xffffff45 fr.pc=0x00000262cdf3b134 relative=0x00000000000005f4
Event: 2.970 Thread 0x00000262beb6a4b0 Uncommon trap: reason=unstable_if action=reinterpret pc=0x00000262cdf3b134 method=java.lang.AbstractStringBuilder.append(Ljava/lang/String;)Ljava/lang/AbstractStringBuilder; @ 1 c2
Event: 2.970 Thread 0x00000262beb6a4b0 DEOPT PACKING pc=0x00000262cdf3b134 sp=0x0000009c8eefc240
Event: 2.970 Thread 0x00000262beb6a4b0 DEOPT UNPACKING pc=0x00000262cd9b23a3 sp=0x0000009c8eefc228 mode 2
Event: 182.934 Thread 0x00000262beb6a4b0 Uncommon trap: trap_request=0xffffff45 fr.pc=0x00000262cdf8b9a4 relative=0x0000000000000504
Event: 182.935 Thread 0x00000262beb6a4b0 Uncommon trap: reason=unstable_if action=reinterpret pc=0x00000262cdf8b9a4 method=com.esotericsoftware.kryo.io.Input.readUtf8(I)V @ 79 c2
Event: 182.935 Thread 0x00000262beb6a4b0 DEOPT PACKING pc=0x00000262cdf8b9a4 sp=0x0000009c8eefbff0
Event: 182.936 Thread 0x00000262beb6a4b0 DEOPT UNPACKING pc=0x00000262cd9b23a3 sp=0x0000009c8eefbf88 mode 2
Event: 247.309 Thread 0x000002631d599b80 DEOPT PACKING pc=0x00000262c66f8b03 sp=0x0000009c904fe930
Event: 247.313 Thread 0x000002631d599b80 DEOPT UNPACKING pc=0x00000262cd9b2b43 sp=0x0000009c904fdda0 mode 0

Classes unloaded (0 events):
No events

Classes redefined (0 events):
No events

Internal exceptions (19 events):
Event: 1.431 Thread 0x00000262beb6a4b0 Exception <a 'java/lang/NoSuchMethodError'{0x00000000ffc4ca00}: 'int java.lang.invoke.DirectMethodHandle$Holder.invokeStaticInit(java.lang.Object, java.lang.Object)'> (0x00000000ffc4ca00) 
thrown [s\open\src\hotspot\share\interpreter\linkResolver.cpp, line 759]
Event: 2.279 Thread 0x00000262beb6a4b0 Exception <a 'java/lang/NoSuchMethodError'{0x00000000ff705f40}: 'void java.lang.invoke.DirectMethodHandle$Holder.invokeStatic(java.lang.Object, java.lang.Object)'> (0x00000000ff705f40) 
thrown [s\open\src\hotspot\share\interpreter\linkResolver.cpp, line 759]
Event: 2.315 Thread 0x00000262beb6a4b0 Exception <a 'java/lang/NoClassDefFoundError'{0x00000000ff7861d0}: org/slf4j/impl/StaticMarkerBinder> (0x00000000ff7861d0) 
thrown [s\open\src\hotspot\share\classfile\systemDictionary.cpp, line 245]
Event: 2.338 Thread 0x00000262beb6a4b0 Exception <a 'java/lang/NoSuchMethodError'{0x00000000ff622a08}: 'java.lang.Object java.lang.invoke.DirectMethodHandle$Holder.invokeVirtual(java.lang.Object, java.lang.Object, java.lang.Object, java.lang.Object, java.lang.Object, java.lang.Object, java.lang.Object)'> (0x00000000ff622a08) 
thrown [s\open\src\hotspot\share\interpreter\linkResolver.cpp, line 759]
Event: 2.341 Thread 0x00000262beb6a4b0 Exception <a 'java/lang/NoSuchMethodError'{0x00000000ff633ff8}: 'java.lang.Object java.lang.invoke.Invokers$Holder.invoker(java.lang.Object, java.lang.Object, java.lang.Object)'> (0x00000000ff633ff8) 
thrown [s\open\src\hotspot\share\interpreter\linkResolver.cpp, line 759]
Event: 2.343 Thread 0x00000262beb6a4b0 Exception <a 'java/lang/NoSuchMethodError'{0x00000000ff63d150}: 'java.lang.Object java.lang.invoke.DirectMethodHandle$Holder.invokeStatic(java.lang.Object, java.lang.Object, int)'> (0x00000000ff63d150) 
thrown [s\open\src\hotspot\share\interpreter\linkResolver.cpp, line 759]
Event: 2.346 Thread 0x00000262beb6a4b0 Exception <a 'java/lang/NoSuchMethodError'{0x00000000ff648e40}: 'void java.lang.invoke.DelegatingMethodHandle$Holder.delegate(java.lang.Object, java.lang.Object, int, java.lang.Object)'> (0x00000000ff648e40) 
thrown [s\open\src\hotspot\share\interpreter\linkResolver.cpp, line 759]
Event: 2.347 Thread 0x00000262beb6a4b0 Exception <a 'java/lang/NoSuchMethodError'{0x00000000ff64cf88}: 'int java.lang.invoke.DirectMethodHandle$Holder.invokeSpecial(java.lang.Object, java.lang.Object, java.lang.Object)'> (0x00000000ff64cf88) 
thrown [s\open\src\hotspot\share\interpreter\linkResolver.cpp, line 759]
Event: 2.351 Thread 0x00000262beb6a4b0 Exception <a 'java/lang/NoSuchMethodError'{0x00000000ff6609a0}: 'java.lang.Object java.lang.invoke.Invokers$Holder.invokeExact_MT(java.lang.Object, java.lang.Object, java.lang.Object, java.lang.Object)'> (0x00000000ff6609a0) 
thrown [s\open\src\hotspot\share\interpreter\linkResolver.cpp, line 759]
Event: 2.526 Thread 0x00000262beb6a4b0 Exception <a 'java/lang/NoSuchMethodError'{0x00000000fef33b30}: 'java.lang.Object java.lang.invoke.DirectMethodHandle$Holder.invokeInterface(java.lang.Object, java.lang.Object, java.lang.Object)'> (0x00000000fef33b30) 
thrown [s\open\src\hotspot\share\interpreter\linkResolver.cpp, line 759]
Event: 2.531 Thread 0x00000262beb6a4b0 Exception <a 'java/lang/NoSuchMethodError'{0x00000000fef55db0}: 'void java.lang.invoke.DirectMethodHandle$Holder.invokeSpecial(java.lang.Object, java.lang.Object, java.lang.Object)'> (0x00000000fef55db0) 
thrown [s\open\src\hotspot\share\interpreter\linkResolver.cpp, line 759]
Event: 2.547 Thread 0x00000262beb6a4b0 Implicit null exception at 0x00000262cdf52813 to 0x00000262cdf52c18
Event: 2.547 Thread 0x00000262beb6a4b0 Implicit null exception at 0x00000262cdf3d293 to 0x00000262cdf3d688
Event: 2.595 Thread 0x00000262beb6a4b0 Exception <a 'java/lang/NoSuchMethodError'{0x00000000fff97b30}: 'java.lang.Object java.lang.invoke.DirectMethodHandle$Holder.invokeStaticInit(java.lang.Object)'> (0x00000000fff97b30) 
thrown [s\open\src\hotspot\share\interpreter\linkResolver.cpp, line 759]
Event: 2.739 Thread 0x00000262beb6a4b0 Exception <a 'java/lang/NoSuchMethodError'{0x00000000ffb81cb8}: 'java.lang.Object java.lang.invoke.DirectMethodHandle$Holder.invokeStaticInit(java.lang.Object, int, int, int, int)'> (0x00000000ffb81cb8) 
thrown [s\open\src\hotspot\share\interpreter\linkResolver.cpp, line 759]
Event: 2.879 Thread 0x00000262beb6a4b0 Exception <a 'java/lang/NoSuchMethodError'{0x00000000ffa622e8}: 'java.lang.Object java.lang.invoke.DirectMethodHandle$Holder.invokeStaticInit(java.lang.Object, java.lang.Object, int, int, int, int)'> (0x00000000ffa622e8) 
thrown [s\open\src\hotspot\share\interpreter\linkResolver.cpp, line 759]
Event: 2.945 Thread 0x00000262beb6a4b0 Exception <a 'java/lang/NoSuchMethodError'{0x00000000ffa8ff88}: 'void java.lang.invoke.DirectMethodHandle$Holder.invokeStatic(java.lang.Object, java.lang.Object, java.lang.Object)'> (0x00000000ffa8ff88) 
thrown [s\open\src\hotspot\share\interpreter\linkResolver.cpp, line 759]
Event: 2.970 Thread 0x00000262beb6a4b0 Implicit null exception at 0x00000262cdf39af2 to 0x00000262cdf3a08c
Event: 2.970 Thread 0x00000262beb6a4b0 Implicit null exception at 0x00000262cdf3ab72 to 0x00000262cdf3b120

VM Operations (20 events):
Event: 265.972 Executing VM operation: Cleanup
Event: 265.972 Executing VM operation: Cleanup done
Event: 288.170 Executing VM operation: Cleanup
Event: 288.170 Executing VM operation: Cleanup done
Event: 300.482 Executing VM operation: HandshakeAllThreads
Event: 300.483 Executing VM operation: HandshakeAllThreads done
Event: 315.570 Executing VM operation: Cleanup
Event: 315.570 Executing VM operation: Cleanup done
Event: 317.594 Executing VM operation: Cleanup
Event: 317.594 Executing VM operation: Cleanup done
Event: 322.645 Executing VM operation: Cleanup
Event: 322.645 Executing VM operation: Cleanup done
Event: 323.650 Executing VM operation: Cleanup
Event: 323.650 Executing VM operation: Cleanup done
Event: 327.680 Executing VM operation: Cleanup
Event: 327.680 Executing VM operation: Cleanup done
Event: 336.745 Executing VM operation: Cleanup
Event: 336.745 Executing VM operation: Cleanup done
Event: 342.783 Executing VM operation: Cleanup
Event: 342.783 Executing VM operation: Cleanup done

Events (20 events):
Event: 157.496 loading class jdk/internal/logger/LoggerFinderLoader
Event: 157.496 loading class jdk/internal/logger/LoggerFinderLoader done
Event: 157.497 loading class jdk/internal/logger/LoggerFinderLoader$TemporaryLoggerFinder
Event: 157.497 loading class jdk/internal/logger/LoggerFinderLoader$TemporaryLoggerFinder done
Event: 157.497 loading class sun/util/logging/internal/LoggingProviderImpl$JULWrapper
Event: 157.498 loading class sun/util/logging/PlatformLogger$ConfigurableBridge$LoggerConfiguration
Event: 157.499 loading class sun/util/logging/PlatformLogger$ConfigurableBridge$LoggerConfiguration done
Event: 157.499 loading class sun/util/logging/internal/LoggingProviderImpl$JULWrapper done
Event: 157.500 loading class java/io/ObjectInputFilter
Event: 157.500 loading class java/io/ObjectInputFilter done
Event: 157.501 loading class java/io/ObjectInputFilter$Config$BuiltinFilterFactory
Event: 157.501 loading class java/io/ObjectInputFilter$Config$BuiltinFilterFactory done
Event: 157.501 loading class jdk/internal/access/JavaObjectInputFilterAccess
Event: 157.501 loading class jdk/internal/access/JavaObjectInputFilterAccess done
Event: 157.502 loading class java/lang/System$Logger$Level
Event: 157.502 loading class java/lang/System$Logger$Level done
Event: 157.503 loading class java/io/Bits
Event: 157.503 loading class java/io/Bits done
Event: 157.835 loading class jdk/internal/misc/ScopedMemoryAccess$Scope
Event: 157.836 loading class jdk/internal/misc/ScopedMemoryAccess$Scope done


Dynamic libraries:
0x00007ff6d0a40000 - 0x00007ff6d0a50000 	C:\Program Files\Java\jdk-17\bin\java.exe
0x00007ffab6a90000 - 0x00007ffab6c88000 	C:\Windows\SYSTEM32\ntdll.dll
0x00007ffab5020000 - 0x00007ffab50e2000 	C:\Windows\System32\KERNEL32.DLL
0x00007ffab4700000 - 0x00007ffab49ff000 	C:\Windows\System32\KERNELBASE.dll
0x00007ffab4130000 - 0x00007ffab4230000 	C:\Windows\System32\ucrtbase.dll
0x00007ffab1f90000 - 0x00007ffab1fa9000 	C:\Program Files\Java\jdk-17\bin\jli.dll
0x00007ffab51c0000 - 0x00007ffab526f000 	C:\Windows\System32\ADVAPI32.dll
0x00007ffab54b0000 - 0x00007ffab554e000 	C:\Windows\System32\msvcrt.dll
0x00007ffab69b0000 - 0x00007ffab6a4f000 	C:\Windows\System32\sechost.dll
0x00007ffab4b00000 - 0x00007ffab4c23000 	C:\Windows\System32\RPCRT4.dll
0x00007ffab4400000 - 0x00007ffab4427000 	C:\Windows\System32\bcrypt.dll
0x00007ffab5f80000 - 0x00007ffab611d000 	C:\Windows\System32\USER32.dll
0x00007ffab4520000 - 0x00007ffab4542000 	C:\Windows\System32\win32u.dll
0x00007ffab5ee0000 - 0x00007ffab5f0b000 	C:\Windows\System32\GDI32.dll
0x00007ffab4550000 - 0x00007ffab466a000 	C:\Windows\System32\gdi32full.dll
0x00007ffab4430000 - 0x00007ffab44cd000 	C:\Windows\System32\msvcp_win.dll
0x00007ffab1ec0000 - 0x00007ffab1edb000 	C:\Program Files\Java\jdk-17\bin\VCRUNTIME140.dll
0x00007ffaa4830000 - 0x00007ffaa4aca000 	C:\Windows\WinSxS\amd64_microsoft.windows.common-controls_6595b64144ccf1df_6.0.19041.4355_none_60b8b9eb71f62e16\COMCTL32.dll
0x00007ffab1f60000 - 0x00007ffab1f6a000 	C:\Windows\SYSTEM32\VERSION.dll
0x00007ffab4ab0000 - 0x00007ffab4adf000 	C:\Windows\System32\IMM32.DLL
0x00007ffab1f30000 - 0x00007ffab1f3c000 	C:\Program Files\Java\jdk-17\bin\vcruntime140_1.dll
0x00007ffa9d640000 - 0x00007ffa9d6ce000 	C:\Program Files\Java\jdk-17\bin\msvcp140.dll
0x00007ffa541b0000 - 0x00007ffa54d90000 	C:\Program Files\Java\jdk-17\bin\server\jvm.dll
0x00007ffab5700000 - 0x00007ffab5708000 	C:\Windows\System32\PSAPI.DLL
0x00007ffaa0770000 - 0x00007ffaa0797000 	C:\Windows\SYSTEM32\WINMM.dll
0x00007ffaa1650000 - 0x00007ffaa1659000 	C:\Windows\SYSTEM32\WSOCK32.dll
0x00007ffab5770000 - 0x00007ffab57db000 	C:\Windows\System32\WS2_32.dll
0x00007ffab21b0000 - 0x00007ffab21c2000 	C:\Windows\SYSTEM32\kernel.appcore.dll
0x00007ffab1e70000 - 0x00007ffab1e7a000 	C:\Program Files\Java\jdk-17\bin\jimage.dll
0x00007ffa9e8b0000 - 0x00007ffa9ea94000 	C:\Windows\SYSTEM32\DBGHELP.DLL
0x00007ffa9e870000 - 0x00007ffa9e8a4000 	C:\Windows\SYSTEM32\dbgcore.DLL
0x00007ffab4670000 - 0x00007ffab46f2000 	C:\Windows\System32\bcryptPrimitives.dll
0x00007ffaaff00000 - 0x00007ffaaff25000 	C:\Program Files\Java\jdk-17\bin\java.dll
0x00007ffa9d360000 - 0x00007ffa9d437000 	C:\Program Files\Java\jdk-17\bin\jsvml.dll
0x00007ffab6240000 - 0x00007ffab69ad000 	C:\Windows\System32\SHELL32.dll
0x00007ffab21d0000 - 0x00007ffab2974000 	C:\Windows\SYSTEM32\windows.storage.dll
0x00007ffab4c30000 - 0x00007ffab4f85000 	C:\Windows\System32\combase.dll
0x00007ffab3a90000 - 0x00007ffab3abf000 	C:\Windows\SYSTEM32\Wldp.dll
0x00007ffab50f0000 - 0x00007ffab51bd000 	C:\Windows\System32\OLEAUT32.dll
0x00007ffab5350000 - 0x00007ffab53fd000 	C:\Windows\System32\SHCORE.dll
0x00007ffab5f10000 - 0x00007ffab5f65000 	C:\Windows\System32\shlwapi.dll
0x00007ffab4060000 - 0x00007ffab4084000 	C:\Windows\SYSTEM32\profapi.dll
0x00007ffab1e50000 - 0x00007ffab1e69000 	C:\Program Files\Java\jdk-17\bin\net.dll
0x00007ffaab910000 - 0x00007ffaaba1a000 	C:\Windows\SYSTEM32\WINHTTP.dll
0x00007ffab37f0000 - 0x00007ffab385c000 	C:\Windows\system32\mswsock.dll
0x00007ffaafec0000 - 0x00007ffaafed6000 	C:\Program Files\Java\jdk-17\bin\nio.dll
0x00007ffaafe60000 - 0x00007ffaafe78000 	C:\Program Files\Java\jdk-17\bin\zip.dll
0x00007ffaafef0000 - 0x00007ffaaff00000 	C:\Program Files\Java\jdk-17\bin\verify.dll
0x00007ffaaf210000 - 0x00007ffaaf237000 	C:\Users\Developer\.gradle\native\e1d6ef7f7dcc3fd88c89a11ec53ec762bb8ba0a96d01ffa2cd45eb1d1d8dd5c5\windows-amd64\native-platform.dll
0x00007ffaafe40000 - 0x00007ffaafe4a000 	C:\Users\Developer\.gradle\native\jansi\1.18\windows64\jansi.dll
0x00007ffaafe30000 - 0x00007ffaafe3a000 	C:\Program Files\Java\jdk-17\bin\management.dll
0x00007ffaad180000 - 0x00007ffaad18b000 	C:\Program Files\Java\jdk-17\bin\management_ext.dll
0x00007ffab39f0000 - 0x00007ffab3a08000 	C:\Windows\SYSTEM32\CRYPTSP.dll
0x00007ffab3110000 - 0x00007ffab3144000 	C:\Windows\system32\rsaenh.dll
0x00007ffab4020000 - 0x00007ffab404e000 	C:\Windows\SYSTEM32\USERENV.dll
0x00007ffab39e0000 - 0x00007ffab39ec000 	C:\Windows\SYSTEM32\CRYPTBASE.dll
0x00007ffab34d0000 - 0x00007ffab350b000 	C:\Windows\SYSTEM32\IPHLPAPI.DLL
0x00007ffab5f70000 - 0x00007ffab5f78000 	C:\Windows\System32\NSI.dll
0x00007ffaad3c0000 - 0x00007ffaad3d7000 	C:\Windows\SYSTEM32\dhcpcsvc6.DLL
0x00007ffaad190000 - 0x00007ffaad1ad000 	C:\Windows\SYSTEM32\dhcpcsvc.DLL
0x00007ffab3510000 - 0x00007ffab35da000 	C:\Windows\SYSTEM32\DNSAPI.dll
0x00007ffaad170000 - 0x00007ffaad17e000 	C:\Program Files\Java\jdk-17\bin\sunmscapi.dll
0x00007ffab42a0000 - 0x00007ffab43fc000 	C:\Windows\System32\CRYPT32.dll
0x00007ffab3b00000 - 0x00007ffab3b27000 	C:\Windows\SYSTEM32\ncrypt.dll
0x00007ffab3ac0000 - 0x00007ffab3afb000 	C:\Windows\SYSTEM32\NTASN1.dll
0x00007ffaa0a60000 - 0x00007ffaa0a67000 	C:\Windows\system32\wshunix.dll

dbghelp: loaded successfully - version: 4.0.5 - missing functions: none
symbol engine: initialized successfully - sym options: 0x614 - pdb path: .;C:\Program Files\Java\jdk-17\bin;C:\Windows\SYSTEM32;C:\Windows\WinSxS\amd64_microsoft.windows.common-controls_6595b64144ccf1df_6.0.19041.4355_none_60b8b9eb71f62e16;C:\Program Files\Java\jdk-17\bin\server;C:\Users\Developer\.gradle\native\e1d6ef7f7dcc3fd88c89a11ec53ec762bb8ba0a96d01ffa2cd45eb1d1d8dd5c5\windows-amd64;C:\Users\Developer\.gradle\native\jansi\1.18\windows64

VM Arguments:
jvm_args: -Xmx64m -Xms64m -Dorg.gradle.appname=gradlew 
java_command: org.gradle.wrapper.GradleWrapperMain app:installDebug -PreactNativeDevServerPort=8081
java_class_path (initial): D:\mydumbbells-app\android\\gradle\wrapper\gradle-wrapper.jar
Launcher Type: SUN_STANDARD

[Global flags]
     intx CICompilerCount                          = 3                                         {product} {ergonomic}
     uint ConcGCThreads                            = 1                                         {product} {ergonomic}
     uint G1ConcRefinementThreads                  = 4                                         {product} {ergonomic}
   size_t G1HeapRegionSize                         = 1048576                                   {product} {ergonomic}
    uintx GCDrainStackTargetSize                   = 64                                        {product} {ergonomic}
   size_t InitialHeapSize                          = 67108864                                  {product} {command line}
   size_t MarkStackSize                            = 4194304                                   {product} {ergonomic}
   size_t MaxHeapSize                              = 67108864                                  {product} {command line}
   size_t MaxNewSize                               = 39845888                                  {product} {ergonomic}
   size_t MinHeapDeltaBytes                        = 1048576                                   {product} {ergonomic}
   size_t MinHeapSize                              = 67108864                                  {product} {command line}
    uintx NonNMethodCodeHeapSize                   = 5832780                                {pd product} {ergonomic}
    uintx NonProfiledCodeHeapSize                  = 122912730                              {pd product} {ergonomic}
    uintx ProfiledCodeHeapSize                     = 122912730                              {pd product} {ergonomic}
    uintx ReservedCodeCacheSize                    = 251658240                              {pd product} {ergonomic}
     bool SegmentedCodeCache                       = true                                      {product} {ergonomic}
   size_t SoftMaxHeapSize                          = 67108864                               {manageable} {ergonomic}
     bool UseCompressedClassPointers               = true                           {product lp64_product} {ergonomic}
     bool UseCompressedOops                        = true                           {product lp64_product} {ergonomic}
     bool UseG1GC                                  = true                                      {product} {ergonomic}
     bool UseLargePagesIndividualAllocation        = false                                  {pd product} {ergonomic}

Logging:
Log output configuration:
 #0: stdout all=warning uptime,level,tags
 #1: stderr all=off uptime,level,tags

Environment Variables:
JAVA_HOME=C:\Program Files\Java\jdk-17
CLASSPATH=D:\mydumbbells-app\android\\gradle\wrapper\gradle-wrapper.jar
PATH=D:\mydumbbells-app\node_modules\.bin;D:\node_modules\.bin;C:\Users\Developer\AppData\Roaming\npm\node_modules\npm\node_modules\@npmcli\run-script\lib\node-gyp-bin;C:\Program Files\Common Files\Oracle\Java\javapath;C:\Program Files\Microsoft\jdk-17.0.13.11-hotspot\bin;C:\Python312\Scripts\;C:\Python312\;C:\Windows\system32;C:\Windows;C:\Windows\System32\Wbem;C:\Windows\System32\WindowsPowerShell\v1.0\;C:\Windows\System32\OpenSSH\;C:\ProgramData\chocolatey\bin;%LOCALAPPDATA%\Android\Sdk\platform-tools;C:\Program Files\nodejs\;C:\Program Files\Git\cmd;C:\Users\Developer\AppData\Local\Microsoft\WindowsApps;C:\Users\Developer\AppData\Local\Programs\Microsoft VS Code\bin;C:\Users\Developer\AppData\Roaming\npm;C:\Users\Developer\AppData\Local\Android\Sdk\platform-tools;
USERNAME=Developer
OS=Windows_NT
PROCESSOR_IDENTIFIER=Intel64 Family 6 Model 58 Stepping 9, GenuineIntel



---------------  S Y S T E M  ---------------

OS:
 Windows 10 , 64 bit Build 19041 (10.0.19041.5438)
OS uptime: 0 days 14:27 hours

CPU: total 4 (initial active 4) (2 cores per cpu, 2 threads per core) family 6 model 58 stepping 9 microcode 0x21, cx8, cmov, fxsr, ht, mmx, sse, sse2, sse3, ssse3, sse4.1, sse4.2, popcnt, tsc, tscinvbit, avx, erms, clmul, vzeroupper, clflush

Memory: 4k page, system-wide physical 3884M (235M free)
TotalPageFile size 15660M (AvailPageFile size 0M)
current process WorkingSet (physical memory assigned to process): 17M, peak: 85M
current process commit charge ("private bytes"): 154M, peak: 175M

vm_info: Java HotSpot(TM) 64-Bit Server VM (17.0.12+8-LTS-286) for windows-amd64 JRE (17.0.12+8-LTS-286), built on Jun  5 2024 06:46:59 by "mach5one" with MS VC++ 17.6 (VS2022)

END.
