#
# There is insufficient memory for the Java Runtime Environment to continue.
# Native memory allocation (malloc) failed to allocate 735056 bytes for Chunk::new
# Possible reasons:
#   The system is out of physical RAM or swap space
#   The process is running with CompressedOops enabled, and the Java Heap may be blocking the growth of the native heap
# Possible solutions:
#   Reduce memory load on the system
#   Increase physical memory or swap space
#   Check if swap backing store is full
#   Decrease Java heap size (-Xmx/-Xms)
#   Decrease number of Java threads
#   Decrease Java thread stack sizes (-Xss)
#   Set larger code cache with -XX:ReservedCodeCacheSize=
#   JVM is running with Unscaled Compressed Oops mode in which the Java heap is
#     placed in the first 4GB address space. The Java Heap base address is the
#     maximum limit for the native heap growth. Please use -XX:HeapBaseMinAddress
#     to set the Java Heap base and to place the Java Heap above 4GB virtual address.
# This output file may be truncated or incomplete.
#
#  Out of Memory Error (arena.cpp:189), pid=4524, tid=9904
#
# JRE version: Java(TM) SE Runtime Environment (17.0.12+8) (build 17.0.12+8-LTS-286)
# Java VM: Java HotSpot(TM) 64-Bit Server VM (17.0.12+8-LTS-286, mixed mode, sharing, tiered, compressed oops, compressed class ptrs, g1 gc, windows-amd64)
# No core dump will be written. Minidumps are not enabled by default on client versions of Windows
#

---------------  S U M M A R Y ------------

Command Line: org.jetbrains.kotlin.cli.jvm.K2JVMCompiler @D:\mydumbbells-app\node_modules\react-native-permissions\android\build\20241118_9391849284967309308.compiler.options

Host: Intel(R) Core(TM) i3-3220 CPU @ 3.30GHz, 4 cores, 3G,  Windows 10 , 64 bit Build 19041 (10.0.19041.5072)
Time: Mon Nov 18 13:33:13 2024 India Standard Time elapsed time: 7.047236 seconds (0d 0h 0m 7s)

---------------  T H R E A D  ---------------

Current thread (0x00000198fba4fd00):  JavaThread "C2 CompilerThread0" daemon [_thread_in_native, id=9904, stack(0x00000098ed100000,0x00000098ed200000)]


Current CompileTask:
C2:   7047 2989       4       java.lang.ClassLoader::loadClass (7 bytes)

Stack: [0x00000098ed100000,0x00000098ed200000]
Native frames: (J=compiled Java code, j=interpreted, Vv=VM code, C=native code)
V  [jvm.dll+0x67a04a]
V  [jvm.dll+0x7da4ed]
V  [jvm.dll+0x7dbe33]
V  [jvm.dll+0x7dc4a3]
V  [jvm.dll+0x24508f]
V  [jvm.dll+0xab773]
V  [jvm.dll+0xabd3c]
V  [jvm.dll+0x2aa52f]
V  [jvm.dll+0x581eb9]
V  [jvm.dll+0x21f422]
V  [jvm.dll+0x21856c]
V  [jvm.dll+0x215b65]
V  [jvm.dll+0x1a2960]
V  [jvm.dll+0x22610b]
V  [jvm.dll+0x2242ab]
V  [jvm.dll+0x79075c]
V  [jvm.dll+0x78abea]
V  [jvm.dll+0x678f35]
C  [ucrtbase.dll+0x21bb2]
C  [KERNEL32.DLL+0x17374]
C  [ntdll.dll+0x4cc91]


---------------  P R O C E S S  ---------------

Threads class SMR info:
_java_thread_list=0x00000198d41400d0, length=12, elements={
0x00000198ef909070, 0x00000198ef9c1b50, 0x00000198ef9c32b0, 0x00000198ef9d6c80,
0x00000198ef9da660, 0x00000198ef9db7c0, 0x00000198ef9dc920, 0x00000198fba4fd00,
0x00000198fba50db0, 0x00000198fba71730, 0x00000198d4165610, 0x00000198d416a9c0
}

Java Threads: ( => current thread )
  0x00000198ef909070 JavaThread "main" [_thread_in_vm, id=4172, stack(0x00000098ec400000,0x00000098ec500000)]
  0x00000198ef9c1b50 JavaThread "Reference Handler" daemon [_thread_blocked, id=8272, stack(0x00000098ecb00000,0x00000098ecc00000)]
  0x00000198ef9c32b0 JavaThread "Finalizer" daemon [_thread_blocked, id=6216, stack(0x00000098ecc00000,0x00000098ecd00000)]
  0x00000198ef9d6c80 JavaThread "Signal Dispatcher" daemon [_thread_blocked, id=6880, stack(0x00000098ecd00000,0x00000098ece00000)]
  0x00000198ef9da660 JavaThread "Attach Listener" daemon [_thread_blocked, id=8808, stack(0x00000098ece00000,0x00000098ecf00000)]
  0x00000198ef9db7c0 JavaThread "Service Thread" daemon [_thread_blocked, id=3416, stack(0x00000098ecf00000,0x00000098ed000000)]
  0x00000198ef9dc920 JavaThread "Monitor Deflation Thread" daemon [_thread_blocked, id=3764, stack(0x00000098ed000000,0x00000098ed100000)]
=>0x00000198fba4fd00 JavaThread "C2 CompilerThread0" daemon [_thread_in_native, id=9904, stack(0x00000098ed100000,0x00000098ed200000)]
  0x00000198fba50db0 JavaThread "C1 CompilerThread0" daemon [_thread_blocked, id=10912, stack(0x00000098ed200000,0x00000098ed300000)]
  0x00000198fba71730 JavaThread "Sweeper thread" daemon [_thread_blocked, id=3732, stack(0x00000098ed300000,0x00000098ed400000)]
  0x00000198d4165610 JavaThread "Notification Thread" daemon [_thread_blocked, id=13184, stack(0x00000098ed400000,0x00000098ed500000)]
  0x00000198d416a9c0 JavaThread "Common-Cleaner" daemon [_thread_blocked, id=11552, stack(0x00000098ed600000,0x00000098ed700000)]

Other Threads:
  0x00000198ef9bbee0 VMThread "VM Thread" [stack: 0x00000098eca00000,0x00000098ecb00000] [id=8968]
  0x00000198d4168310 WatcherThread [stack: 0x00000098ed500000,0x00000098ed600000] [id=3296]
  0x00000198ef9432b0 GCTaskThread "GC Thread#0" [stack: 0x00000098ec500000,0x00000098ec600000] [id=12612]
  0x00000198d4549510 GCTaskThread "GC Thread#1" [stack: 0x00000098ed700000,0x00000098ed800000] [id=6412]
  0x00000198d44d16b0 GCTaskThread "GC Thread#2" [stack: 0x00000098ed800000,0x00000098ed900000] [id=11396]
  0x00000198d44d1970 GCTaskThread "GC Thread#3" [stack: 0x00000098ed900000,0x00000098eda00000] [id=9220]
  0x00000198ef94cb90 ConcurrentGCThread "G1 Main Marker" [stack: 0x00000098ec600000,0x00000098ec700000] [id=9168]
  0x00000198ef94dd40 ConcurrentGCThread "G1 Conc#0" [stack: 0x00000098ec700000,0x00000098ec800000] [id=12532]
  0x00000198ef98be70 ConcurrentGCThread "G1 Refine#0" [stack: 0x00000098ec800000,0x00000098ec900000] [id=10704]
  0x00000198d5252f50 ConcurrentGCThread "G1 Refine#1" [stack: 0x00000098eda00000,0x00000098edb00000] [id=12004]
  0x00000198ef98c8a0 ConcurrentGCThread "G1 Service" [stack: 0x00000098ec900000,0x00000098eca00000] [id=12600]

Threads with active compile tasks:
C2 CompilerThread0     7091 2989       4       java.lang.ClassLoader::loadClass (7 bytes)

VM state: not at safepoint (normal execution)

VM Mutex/Monitor currently owned by a thread: None

Heap address: 0x00000000c3400000, size: 972 MB, Compressed Oops mode: 32-bit

CDS archive(s) mapped at: [0x000001988f000000-0x000001988fbd0000-0x000001988fbd0000), size 12386304, SharedBaseAddress: 0x000001988f000000, ArchiveRelocationMode: 1.
Compressed class space mapped at: 0x0000019890000000-0x00000198d0000000, reserved size: 1073741824
Narrow klass base: 0x000001988f000000, Narrow klass shift: 0, Narrow klass range: 0x100000000

GC Precious Log:
 CPUs: 4 total, 4 available
 Memory: 3884M
 Large Page Support: Disabled
 NUMA Support: Disabled
 Compressed Oops: Enabled (32-bit)
 Heap Region Size: 1M
 Heap Min Capacity: 8M
 Heap Initial Capacity: 62M
 Heap Max Capacity: 972M
 Pre-touch: Disabled
 Parallel Workers: 4
 Concurrent Workers: 1
 Concurrent Refinement Workers: 4
 Periodic GC: Disabled

Heap:
 garbage-first heap   total 76800K, used 41086K [0x00000000c3400000, 0x0000000100000000)
  region size 1024K, 12 young (12288K), 4 survivors (4096K)
 Metaspace       used 35136K, committed 35392K, reserved 1114112K
  class space    used 4370K, committed 4480K, reserved 1048576K

Heap Regions: E=young(eden), S=young(survivor), O=old, HS=humongous(starts), HC=humongous(continues), CS=collection set, F=free, OA=open archive, CA=closed archive, TAMS=top-at-mark-start (previous, next)
|   0|0x00000000c3400000, 0x00000000c3500000, 0x00000000c3500000|100%|HS|  |TAMS 0x00000000c3500000, 0x00000000c3400000| Complete 
|   1|0x00000000c3500000, 0x00000000c3600000, 0x00000000c3600000|100%|HC|  |TAMS 0x00000000c3600000, 0x00000000c3500000| Complete 
|   2|0x00000000c3600000, 0x00000000c3700000, 0x00000000c3700000|100%|HC|  |TAMS 0x00000000c3700000, 0x00000000c3600000| Complete 
|   3|0x00000000c3700000, 0x00000000c3800000, 0x00000000c3800000|100%|HC|  |TAMS 0x00000000c3800000, 0x00000000c3700000| Complete 
|   4|0x00000000c3800000, 0x00000000c3900000, 0x00000000c3900000|100%| O|  |TAMS 0x00000000c3900000, 0x00000000c3800000| Untracked 
|   5|0x00000000c3900000, 0x00000000c3a00000, 0x00000000c3a00000|100%| O|  |TAMS 0x00000000c3900000, 0x00000000c3900000| Untracked 
|   6|0x00000000c3a00000, 0x00000000c3b00000, 0x00000000c3b00000|100%| O|  |TAMS 0x00000000c3b00000, 0x00000000c3a00000| Untracked 
|   7|0x00000000c3b00000, 0x00000000c3c00000, 0x00000000c3c00000|100%|HS|  |TAMS 0x00000000c3c00000, 0x00000000c3b00000| Complete 
|   8|0x00000000c3c00000, 0x00000000c3d00000, 0x00000000c3d00000|100%|HC|  |TAMS 0x00000000c3d00000, 0x00000000c3c00000| Complete 
|   9|0x00000000c3d00000, 0x00000000c3e00000, 0x00000000c3e00000|100%|HC|  |TAMS 0x00000000c3e00000, 0x00000000c3d00000| Complete 
|  10|0x00000000c3e00000, 0x00000000c3f00000, 0x00000000c3f00000|100%|HC|  |TAMS 0x00000000c3f00000, 0x00000000c3e00000| Complete 
|  11|0x00000000c3f00000, 0x00000000c4000000, 0x00000000c4000000|100%| O|  |TAMS 0x00000000c4000000, 0x00000000c3f00000| Untracked 
|  12|0x00000000c4000000, 0x00000000c4100000, 0x00000000c4100000|100%| O|  |TAMS 0x00000000c4100000, 0x00000000c4000000| Untracked 
|  13|0x00000000c4100000, 0x00000000c4200000, 0x00000000c4200000|100%| O|  |TAMS 0x00000000c41a8400, 0x00000000c4100000| Untracked 
|  14|0x00000000c4200000, 0x00000000c4300000, 0x00000000c4300000|100%| O|  |TAMS 0x00000000c4200000, 0x00000000c4200000| Untracked 
|  15|0x00000000c4300000, 0x00000000c4400000, 0x00000000c4400000|100%| O|  |TAMS 0x00000000c4300000, 0x00000000c4300000| Untracked 
|  16|0x00000000c4400000, 0x00000000c4500000, 0x00000000c4500000|100%| O|  |TAMS 0x00000000c4400000, 0x00000000c4400000| Untracked 
|  17|0x00000000c4500000, 0x00000000c4600000, 0x00000000c4600000|100%| O|  |TAMS 0x00000000c4500000, 0x00000000c4500000| Untracked 
|  18|0x00000000c4600000, 0x00000000c4700000, 0x00000000c4700000|100%| O|  |TAMS 0x00000000c4600000, 0x00000000c4600000| Untracked 
|  19|0x00000000c4700000, 0x00000000c4800000, 0x00000000c4800000|100%|HS|  |TAMS 0x00000000c4700000, 0x00000000c4700000| Complete 
|  20|0x00000000c4800000, 0x00000000c4900000, 0x00000000c4900000|100%|HC|  |TAMS 0x00000000c4800000, 0x00000000c4800000| Complete 
|  21|0x00000000c4900000, 0x00000000c4a00000, 0x00000000c4a00000|100%| O|  |TAMS 0x00000000c4900000, 0x00000000c4900000| Untracked 
|  22|0x00000000c4a00000, 0x00000000c4b00000, 0x00000000c4b00000|100%| O|  |TAMS 0x00000000c4a00000, 0x00000000c4a00000| Untracked 
|  23|0x00000000c4b00000, 0x00000000c4c00000, 0x00000000c4c00000|100%| O|  |TAMS 0x00000000c4b00000, 0x00000000c4b00000| Untracked 
|  24|0x00000000c4c00000, 0x00000000c4d00000, 0x00000000c4d00000|100%| O|  |TAMS 0x00000000c4c00000, 0x00000000c4c00000| Untracked 
|  25|0x00000000c4d00000, 0x00000000c4e00000, 0x00000000c4e00000|100%| O|  |TAMS 0x00000000c4d00000, 0x00000000c4d00000| Untracked 
|  26|0x00000000c4e00000, 0x00000000c4f00000, 0x00000000c4f00000|100%| O|  |TAMS 0x00000000c4e00000, 0x00000000c4e00000| Untracked 
|  27|0x00000000c4f00000, 0x00000000c5000000, 0x00000000c5000000|100%| O|  |TAMS 0x00000000c4f00000, 0x00000000c4f00000| Untracked 
|  28|0x00000000c5000000, 0x00000000c5100000, 0x00000000c5100000|100%| O|  |TAMS 0x00000000c5000000, 0x00000000c5000000| Untracked 
|  29|0x00000000c5100000, 0x00000000c51ea200, 0x00000000c5200000| 91%| O|  |TAMS 0x00000000c5100000, 0x00000000c5100000| Untracked 
|  30|0x00000000c5200000, 0x00000000c5200000, 0x00000000c5300000|  0%| F|  |TAMS 0x00000000c5200000, 0x00000000c5200000| Untracked 
|  31|0x00000000c5300000, 0x00000000c5300000, 0x00000000c5400000|  0%| F|  |TAMS 0x00000000c5300000, 0x00000000c5300000| Untracked 
|  32|0x00000000c5400000, 0x00000000c5400000, 0x00000000c5500000|  0%| F|  |TAMS 0x00000000c5400000, 0x00000000c5400000| Untracked 
|  33|0x00000000c5500000, 0x00000000c5500000, 0x00000000c5600000|  0%| F|  |TAMS 0x00000000c5500000, 0x00000000c5500000| Untracked 
|  34|0x00000000c5600000, 0x00000000c5600000, 0x00000000c5700000|  0%| F|  |TAMS 0x00000000c5600000, 0x00000000c5600000| Untracked 
|  35|0x00000000c5700000, 0x00000000c5700000, 0x00000000c5800000|  0%| F|  |TAMS 0x00000000c5700000, 0x00000000c5700000| Untracked 
|  36|0x00000000c5800000, 0x00000000c5800000, 0x00000000c5900000|  0%| F|  |TAMS 0x00000000c5800000, 0x00000000c5800000| Untracked 
|  37|0x00000000c5900000, 0x00000000c5900000, 0x00000000c5a00000|  0%| F|  |TAMS 0x00000000c5900000, 0x00000000c5900000| Untracked 
|  38|0x00000000c5a00000, 0x00000000c5a00000, 0x00000000c5b00000|  0%| F|  |TAMS 0x00000000c5a00000, 0x00000000c5a00000| Untracked 
|  39|0x00000000c5b00000, 0x00000000c5b00000, 0x00000000c5c00000|  0%| F|  |TAMS 0x00000000c5b00000, 0x00000000c5b00000| Untracked 
|  40|0x00000000c5c00000, 0x00000000c5c00000, 0x00000000c5d00000|  0%| F|  |TAMS 0x00000000c5c00000, 0x00000000c5c00000| Untracked 
|  41|0x00000000c5d00000, 0x00000000c5d00000, 0x00000000c5e00000|  0%| F|  |TAMS 0x00000000c5d00000, 0x00000000c5d00000| Untracked 
|  42|0x00000000c5e00000, 0x00000000c5e00000, 0x00000000c5f00000|  0%| F|  |TAMS 0x00000000c5e00000, 0x00000000c5e00000| Untracked 
|  43|0x00000000c5f00000, 0x00000000c5f00000, 0x00000000c6000000|  0%| F|  |TAMS 0x00000000c5f00000, 0x00000000c5f00000| Untracked 
|  44|0x00000000c6000000, 0x00000000c6000000, 0x00000000c6100000|  0%| F|  |TAMS 0x00000000c6000000, 0x00000000c6000000| Untracked 
|  45|0x00000000c6100000, 0x00000000c6100000, 0x00000000c6200000|  0%| F|  |TAMS 0x00000000c6100000, 0x00000000c6100000| Untracked 
|  46|0x00000000c6200000, 0x00000000c6235750, 0x00000000c6300000| 20%| S|CS|TAMS 0x00000000c6200000, 0x00000000c6200000| Complete 
|  47|0x00000000c6300000, 0x00000000c6400000, 0x00000000c6400000|100%| S|CS|TAMS 0x00000000c6300000, 0x00000000c6300000| Complete 
|  48|0x00000000c6400000, 0x00000000c6500000, 0x00000000c6500000|100%| S|CS|TAMS 0x00000000c6400000, 0x00000000c6400000| Complete 
|  49|0x00000000c6500000, 0x00000000c6500000, 0x00000000c6600000|  0%| F|  |TAMS 0x00000000c6500000, 0x00000000c6500000| Untracked 
|  50|0x00000000c6600000, 0x00000000c6600000, 0x00000000c6700000|  0%| F|  |TAMS 0x00000000c6600000, 0x00000000c6600000| Untracked 
|  51|0x00000000c6700000, 0x00000000c6700000, 0x00000000c6800000|  0%| F|  |TAMS 0x00000000c6700000, 0x00000000c6700000| Untracked 
|  52|0x00000000c6800000, 0x00000000c6900000, 0x00000000c6900000|100%| S|CS|TAMS 0x00000000c6800000, 0x00000000c6800000| Complete 
|  53|0x00000000c6900000, 0x00000000c6900000, 0x00000000c6a00000|  0%| F|  |TAMS 0x00000000c6900000, 0x00000000c6900000| Untracked 
|  54|0x00000000c6a00000, 0x00000000c6a00000, 0x00000000c6b00000|  0%| F|  |TAMS 0x00000000c6a00000, 0x00000000c6a00000| Untracked 
|  55|0x00000000c6b00000, 0x00000000c6b00000, 0x00000000c6c00000|  0%| F|  |TAMS 0x00000000c6b00000, 0x00000000c6b00000| Untracked 
|  56|0x00000000c6c00000, 0x00000000c6c00000, 0x00000000c6d00000|  0%| F|  |TAMS 0x00000000c6c00000, 0x00000000c6c00000| Untracked 
|  57|0x00000000c6d00000, 0x00000000c6d00000, 0x00000000c6e00000|  0%| F|  |TAMS 0x00000000c6d00000, 0x00000000c6d00000| Untracked 
|  58|0x00000000c6e00000, 0x00000000c6e00000, 0x00000000c6f00000|  0%| F|  |TAMS 0x00000000c6e00000, 0x00000000c6e00000| Untracked 
|  59|0x00000000c6f00000, 0x00000000c6f00000, 0x00000000c7000000|  0%| F|  |TAMS 0x00000000c6f00000, 0x00000000c6f00000| Untracked 
|  60|0x00000000c7000000, 0x00000000c7000000, 0x00000000c7100000|  0%| F|  |TAMS 0x00000000c7000000, 0x00000000c7000000| Untracked 
|  61|0x00000000c7100000, 0x00000000c7100000, 0x00000000c7200000|  0%| F|  |TAMS 0x00000000c7100000, 0x00000000c7100000| Untracked 
|  62|0x00000000c7200000, 0x00000000c7200000, 0x00000000c7300000|  0%| F|  |TAMS 0x00000000c7200000, 0x00000000c7200000| Untracked 
|  63|0x00000000c7300000, 0x00000000c7300000, 0x00000000c7400000|  0%| F|  |TAMS 0x00000000c7300000, 0x00000000c7300000| Untracked 
|  64|0x00000000c7400000, 0x00000000c7400000, 0x00000000c7500000|  0%| F|  |TAMS 0x00000000c7400000, 0x00000000c7400000| Untracked 
|  65|0x00000000c7500000, 0x00000000c7500000, 0x00000000c7600000|  0%| F|  |TAMS 0x00000000c7500000, 0x00000000c7500000| Untracked 
|  66|0x00000000c7600000, 0x00000000c7600000, 0x00000000c7700000|  0%| F|  |TAMS 0x00000000c7600000, 0x00000000c7600000| Untracked 
|  67|0x00000000c7700000, 0x00000000c77ddbe8, 0x00000000c7800000| 86%| E|  |TAMS 0x00000000c7700000, 0x00000000c7700000| Complete 
|  68|0x00000000c7800000, 0x00000000c7900000, 0x00000000c7900000|100%| E|CS|TAMS 0x00000000c7800000, 0x00000000c7800000| Complete 
|  69|0x00000000c7900000, 0x00000000c7a00000, 0x00000000c7a00000|100%| E|CS|TAMS 0x00000000c7900000, 0x00000000c7900000| Complete 
|  70|0x00000000c7a00000, 0x00000000c7b00000, 0x00000000c7b00000|100%| E|CS|TAMS 0x00000000c7a00000, 0x00000000c7a00000| Complete 
|  71|0x00000000c7b00000, 0x00000000c7c00000, 0x00000000c7c00000|100%| E|CS|TAMS 0x00000000c7b00000, 0x00000000c7b00000| Complete 
|  72|0x00000000c7c00000, 0x00000000c7d00000, 0x00000000c7d00000|100%| E|CS|TAMS 0x00000000c7c00000, 0x00000000c7c00000| Complete 
|  73|0x00000000c7d00000, 0x00000000c7e00000, 0x00000000c7e00000|100%| E|CS|TAMS 0x00000000c7d00000, 0x00000000c7d00000| Complete 
|  74|0x00000000c7e00000, 0x00000000c7f00000, 0x00000000c7f00000|100%| E|CS|TAMS 0x00000000c7e00000, 0x00000000c7e00000| Complete 

Card table byte_map: [0x00000198f73c0000,0x00000198f75b0000] _byte_map_base: 0x00000198f6da6000

Marking Bits (Prev, Next): (CMBitMap*) 0x00000198ef943910, (CMBitMap*) 0x00000198ef9438d0
 Prev Bits: [0x00000198f86d0000, 0x00000198f9600000)
 Next Bits: [0x00000198f77a0000, 0x00000198f86d0000)

Polling page: 0x00000198edaa0000

Metaspace:

Usage:
  Non-class:     30.08 MB used.
      Class:      4.27 MB used.
       Both:     34.36 MB used.

Virtual space:
  Non-class space:       64.00 MB reserved,      30.19 MB ( 47%) committed,  1 nodes.
      Class space:        1.00 GB reserved,       4.38 MB ( <1%) committed,  1 nodes.
             Both:        1.06 GB reserved,      34.56 MB (  3%) committed. 

Chunk freelists:
   Non-Class:  1.06 MB
       Class:  11.66 MB
        Both:  12.72 MB

MaxMetaspaceSize: unlimited
CompressedClassSpaceSize: 1.00 GB
Initial GC threshold: 21.00 MB
Current GC threshold: 35.12 MB
CDS: on
MetaspaceReclaimPolicy: balanced
 - commit_granule_bytes: 65536.
 - commit_granule_words: 8192.
 - virtual_space_node_default_size: 8388608.
 - enlarge_chunks_in_place: 1.
 - new_chunks_are_fully_committed: 0.
 - uncommit_free_chunks: 1.
 - use_allocation_guard: 0.
 - handle_deallocations: 1.


Internal statistics:

num_allocs_failed_limit: 3.
num_arena_births: 186.
num_arena_deaths: 0.
num_vsnodes_births: 2.
num_vsnodes_deaths: 0.
num_space_committed: 552.
num_space_uncommitted: 0.
num_chunks_returned_to_freelist: 3.
num_chunks_taken_from_freelist: 1324.
num_chunk_merges: 3.
num_chunk_splits: 1104.
num_chunks_enlarged: 1002.
num_inconsistent_stats: 0.

CodeHeap 'non-profiled nmethods': size=120000Kb used=1172Kb max_used=1172Kb free=118827Kb
 bounds [0x0000019887ad0000, 0x0000019887d40000, 0x000001988f000000]
CodeHeap 'profiled nmethods': size=120000Kb used=6457Kb max_used=6457Kb free=113542Kb
 bounds [0x0000019880000000, 0x0000019880650000, 0x0000019887530000]
CodeHeap 'non-nmethods': size=5760Kb used=1270Kb max_used=1292Kb free=4489Kb
 bounds [0x0000019887530000, 0x00000198877a0000, 0x0000019887ad0000]
 total_blobs=3727 nmethods=3143 adapters=496
 compilation: enabled
              stopped_count=0, restarted_count=0
 full_count=0

Compilation events (20 events):
Event: 7.041 Thread 0x00000198fba50db0 nmethod 3052 0x0000019880621e90 code [0x0000019880622080, 0x0000019880622558]
Event: 7.041 Thread 0x00000198fba50db0 3053       3       org.jetbrains.kotlin.com.intellij.lang.impl.MarkerProduction::findLinearly (44 bytes)
Event: 7.042 Thread 0x00000198fba50db0 nmethod 3053 0x0000019880622710 code [0x00000198806228c0, 0x0000019880622cf8]
Event: 7.042 Thread 0x00000198fba50db0 3058       3       org.jetbrains.kotlin.com.intellij.lang.impl.PsiBuilderAdapter::eof (10 bytes)
Event: 7.042 Thread 0x00000198fba50db0 nmethod 3058 0x0000019880622e90 code [0x0000019880623040, 0x0000019880623208]
Event: 7.042 Thread 0x00000198fba50db0 3059       3       org.jetbrains.kotlin.com.intellij.openapi.progress.ProgressIndicatorProvider::checkCanceled (4 bytes)
Event: 7.042 Thread 0x00000198fba50db0 nmethod 3059 0x0000019880623310 code [0x00000198806234c0, 0x0000019880623688]
Event: 7.042 Thread 0x00000198fba50db0 3060       3       org.jetbrains.kotlin.com.intellij.openapi.progress.ProgressManager::checkCanceled (13 bytes)
Event: 7.042 Thread 0x00000198fba50db0 nmethod 3060 0x0000019880623790 code [0x0000019880623940, 0x0000019880623ac8]
Event: 7.042 Thread 0x00000198fba50db0 3055       3       org.jetbrains.kotlin.com.intellij.lang.impl.PsiBuilderAdapter::mark (18 bytes)
Event: 7.042 Thread 0x00000198fba50db0 nmethod 3055 0x0000019880623b90 code [0x0000019880623d40, 0x0000019880623f98]
Event: 7.042 Thread 0x00000198fba50db0 3056       3       org.jetbrains.kotlin.com.intellij.lang.impl.PsiBuilderImpl::mark (42 bytes)
Event: 7.043 Thread 0x00000198fba50db0 nmethod 3056 0x0000019880624090 code [0x0000019880624280, 0x0000019880624738]
Event: 7.043 Thread 0x00000198fba50db0 3057       3       org.jetbrains.kotlin.it.unimi.dsi.fastutil.ints.IntArrayList::isEmpty (13 bytes)
Event: 7.043 Thread 0x00000198fba50db0 nmethod 3057 0x0000019880624910 code [0x0000019880624aa0, 0x0000019880624c18]
Event: 7.043 Thread 0x00000198fba50db0 3054       3       org.jetbrains.kotlin.parsing.AbstractKotlinParsing::mark (10 bytes)
Event: 7.043 Thread 0x00000198fba50db0 nmethod 3054 0x0000019880624c90 code [0x0000019880624e60, 0x00000198806251d8]
Event: 7.043 Thread 0x00000198fba50db0 3062       3       org.jetbrains.kotlin.com.intellij.lang.impl.PsiBuilderAdapter::advanceLexer (10 bytes)
Event: 7.043 Thread 0x00000198fba50db0 nmethod 3062 0x0000019880625310 code [0x00000198806254c0, 0x0000019880625688]
Event: 7.043 Thread 0x00000198fba50db0 3063       3       org.jetbrains.kotlin.com.intellij.lang.impl.PsiBuilderImpl::advanceLexer (31 bytes)

GC Heap History (16 events):
Event: 0.854 GC heap before
{Heap before GC invocations=0 (full 0):
 garbage-first heap   total 63488K, used 17408K [0x00000000c3400000, 0x0000000100000000)
  region size 1024K, 13 young (13312K), 0 survivors (0K)
 Metaspace       used 3907K, committed 4032K, reserved 1114112K
  class space    used 319K, committed 384K, reserved 1048576K
}
Event: 0.863 GC heap after
{Heap after GC invocations=1 (full 0):
 garbage-first heap   total 63488K, used 6272K [0x00000000c3400000, 0x0000000100000000)
  region size 1024K, 2 young (2048K), 2 survivors (2048K)
 Metaspace       used 3907K, committed 4032K, reserved 1114112K
  class space    used 319K, committed 384K, reserved 1048576K
}
Event: 1.428 GC heap before
{Heap before GC invocations=1 (full 0):
 garbage-first heap   total 63488K, used 21632K [0x00000000c3400000, 0x0000000100000000)
  region size 1024K, 18 young (18432K), 2 survivors (2048K)
 Metaspace       used 7715K, committed 7872K, reserved 1114112K
  class space    used 813K, committed 896K, reserved 1048576K
}
Event: 1.436 GC heap after
{Heap after GC invocations=2 (full 0):
 garbage-first heap   total 63488K, used 8086K [0x00000000c3400000, 0x0000000100000000)
  region size 1024K, 2 young (2048K), 2 survivors (2048K)
 Metaspace       used 7715K, committed 7872K, reserved 1114112K
  class space    used 813K, committed 896K, reserved 1048576K
}
Event: 3.375 GC heap before
{Heap before GC invocations=2 (full 0):
 garbage-first heap   total 63488K, used 48022K [0x00000000c3400000, 0x0000000100000000)
  region size 1024K, 37 young (37888K), 2 survivors (2048K)
 Metaspace       used 16270K, committed 16512K, reserved 1114112K
  class space    used 1856K, committed 1984K, reserved 1048576K
}
Event: 3.397 GC heap after
{Heap after GC invocations=3 (full 0):
 garbage-first heap   total 63488K, used 19105K [0x00000000c3400000, 0x0000000100000000)
  region size 1024K, 5 young (5120K), 5 survivors (5120K)
 Metaspace       used 16270K, committed 16512K, reserved 1114112K
  class space    used 1856K, committed 1984K, reserved 1048576K
}
Event: 4.028 GC heap before
{Heap before GC invocations=3 (full 0):
 garbage-first heap   total 63488K, used 33441K [0x00000000c3400000, 0x0000000100000000)
  region size 1024K, 21 young (21504K), 5 survivors (5120K)
 Metaspace       used 21308K, committed 21504K, reserved 1114112K
  class space    used 2734K, committed 2816K, reserved 1048576K
}
Event: 4.047 GC heap after
{Heap after GC invocations=4 (full 0):
 garbage-first heap   total 63488K, used 21721K [0x00000000c3400000, 0x0000000100000000)
  region size 1024K, 3 young (3072K), 3 survivors (3072K)
 Metaspace       used 21308K, committed 21504K, reserved 1114112K
  class space    used 2734K, committed 2816K, reserved 1048576K
}
Event: 5.168 GC heap before
{Heap before GC invocations=5 (full 0):
 garbage-first heap   total 63488K, used 42201K [0x00000000c3400000, 0x0000000100000000)
  region size 1024K, 21 young (21504K), 3 survivors (3072K)
 Metaspace       used 23412K, committed 23616K, reserved 1114112K
  class space    used 3208K, committed 3328K, reserved 1048576K
}
Event: 5.185 GC heap after
{Heap after GC invocations=6 (full 0):
 garbage-first heap   total 63488K, used 27648K [0x00000000c3400000, 0x0000000100000000)
  region size 1024K, 3 young (3072K), 3 survivors (3072K)
 Metaspace       used 23412K, committed 23616K, reserved 1114112K
  class space    used 3208K, committed 3328K, reserved 1048576K
}
Event: 5.229 GC heap before
{Heap before GC invocations=6 (full 0):
 garbage-first heap   total 63488K, used 28672K [0x00000000c3400000, 0x0000000100000000)
  region size 1024K, 4 young (4096K), 3 survivors (3072K)
 Metaspace       used 23704K, committed 23872K, reserved 1114112K
  class space    used 3251K, committed 3328K, reserved 1048576K
}
Event: 5.244 GC heap after
{Heap after GC invocations=7 (full 0):
 garbage-first heap   total 76800K, used 28245K [0x00000000c3400000, 0x0000000100000000)
  region size 1024K, 1 young (1024K), 1 survivors (1024K)
 Metaspace       used 23704K, committed 23872K, reserved 1114112K
  class space    used 3251K, committed 3328K, reserved 1048576K
}
Event: 5.928 GC heap before
{Heap before GC invocations=7 (full 0):
 garbage-first heap   total 76800K, used 49749K [0x00000000c3400000, 0x0000000100000000)
  region size 1024K, 23 young (23552K), 1 survivors (1024K)
 Metaspace       used 28487K, committed 28736K, reserved 1114112K
  class space    used 3762K, committed 3840K, reserved 1048576K
}
Event: 5.935 GC heap after
{Heap after GC invocations=8 (full 0):
 garbage-first heap   total 76800K, used 30578K [0x00000000c3400000, 0x0000000100000000)
  region size 1024K, 3 young (3072K), 3 survivors (3072K)
 Metaspace       used 28487K, committed 28736K, reserved 1114112K
  class space    used 3762K, committed 3840K, reserved 1048576K
}
Event: 6.742 GC heap before
{Heap before GC invocations=8 (full 0):
 garbage-first heap   total 76800K, used 52082K [0x00000000c3400000, 0x0000000100000000)
  region size 1024K, 25 young (25600K), 3 survivors (3072K)
 Metaspace       used 32875K, committed 33088K, reserved 1114112K
  class space    used 4142K, committed 4224K, reserved 1048576K
}
Event: 6.754 GC heap after
{Heap after GC invocations=9 (full 0):
 garbage-first heap   total 76800K, used 33918K [0x00000000c3400000, 0x0000000100000000)
  region size 1024K, 4 young (4096K), 4 survivors (4096K)
 Metaspace       used 32875K, committed 33088K, reserved 1114112K
  class space    used 4142K, committed 4224K, reserved 1048576K
}

Deoptimization events (20 events):
Event: 6.885 Thread 0x00000198ef909070 Uncommon trap: trap_request=0xffffff45 fr.pc=0x0000019887bad6cc relative=0x00000000000000ac
Event: 6.885 Thread 0x00000198ef909070 Uncommon trap: reason=unstable_if action=reinterpret pc=0x0000019887bad6cc method=java.lang.StringConcatHelper.newString([BJ)Ljava/lang/String; @ 3 c2
Event: 6.885 Thread 0x00000198ef909070 DEOPT PACKING pc=0x0000019887bad6cc sp=0x00000098ec4f59f0
Event: 6.885 Thread 0x00000198ef909070 DEOPT UNPACKING pc=0x00000198875823a3 sp=0x00000098ec4f5978 mode 2
Event: 6.885 Thread 0x00000198ef909070 Uncommon trap: trap_request=0xffffff45 fr.pc=0x0000019887bba65c relative=0x000000000000027c
Event: 6.885 Thread 0x00000198ef909070 Uncommon trap: reason=unstable_if action=reinterpret pc=0x0000019887bba65c method=sun.net.www.ParseUtil.firstEncodeIndex(Ljava/lang/String;)I @ 27 c2
Event: 6.885 Thread 0x00000198ef909070 DEOPT PACKING pc=0x0000019887bba65c sp=0x00000098ec4f5910
Event: 6.885 Thread 0x00000198ef909070 DEOPT UNPACKING pc=0x00000198875823a3 sp=0x00000098ec4f5788 mode 2
Event: 6.886 Thread 0x00000198ef909070 Uncommon trap: trap_request=0xffffff45 fr.pc=0x0000019887b59a30 relative=0x0000000000000130
Event: 6.886 Thread 0x00000198ef909070 Uncommon trap: reason=unstable_if action=reinterpret pc=0x0000019887b59a30 method=java.lang.String.indexOf(II)I @ 4 c2
Event: 6.886 Thread 0x00000198ef909070 DEOPT PACKING pc=0x0000019887b59a30 sp=0x00000098ec4f5640
Event: 6.886 Thread 0x00000198ef909070 DEOPT UNPACKING pc=0x00000198875823a3 sp=0x00000098ec4f5570 mode 2
Event: 6.886 Thread 0x00000198ef909070 Uncommon trap: trap_request=0xffffff45 fr.pc=0x0000019887b917b0 relative=0x0000000000000210
Event: 6.886 Thread 0x00000198ef909070 Uncommon trap: reason=unstable_if action=reinterpret pc=0x0000019887b917b0 method=java.lang.String.startsWith(Ljava/lang/String;I)Z @ 50 c2
Event: 6.886 Thread 0x00000198ef909070 DEOPT PACKING pc=0x0000019887b917b0 sp=0x00000098ec4f56b0
Event: 6.886 Thread 0x00000198ef909070 DEOPT UNPACKING pc=0x00000198875823a3 sp=0x00000098ec4f5610 mode 2
Event: 6.886 Thread 0x00000198ef909070 Uncommon trap: trap_request=0xffffff45 fr.pc=0x0000019887bd1f80 relative=0x00000000000005c0
Event: 6.886 Thread 0x00000198ef909070 Uncommon trap: reason=unstable_if action=reinterpret pc=0x0000019887bd1f80 method=java.lang.String.lastIndexOf(II)I @ 4 c2
Event: 6.886 Thread 0x00000198ef909070 DEOPT PACKING pc=0x0000019887bd1f80 sp=0x00000098ec4f56f0
Event: 6.886 Thread 0x00000198ef909070 DEOPT UNPACKING pc=0x00000198875823a3 sp=0x00000098ec4f55e0 mode 2

Classes unloaded (0 events):
No events

Classes redefined (0 events):
No events

Internal exceptions (20 events):
Event: 2.122 Thread 0x00000198ef909070 Exception <a 'java/lang/NoSuchMethodError'{0x00000000c6641300}: 'long java.lang.invoke.Invokers$Holder.invoke_MT(java.lang.Object, java.lang.Object, java.lang.Object, java.lang.Object)'> (0x00000000c6641300) 
thrown [s\open\src\hotspot\share\interpreter\linkResolver.cpp, line 759]
Event: 2.125 Thread 0x00000198ef909070 Exception <a 'java/lang/NoSuchMethodError'{0x00000000c664cb20}: 'int java.lang.invoke.DirectMethodHandle$Holder.invokeSpecial(java.lang.Object, java.lang.Object, java.lang.Object)'> (0x00000000c664cb20) 
thrown [s\open\src\hotspot\share\interpreter\linkResolver.cpp, line 759]
Event: 2.126 Thread 0x00000198ef909070 Exception <a 'java/lang/NoSuchMethodError'{0x00000000c6650b50}: 'int java.lang.invoke.DirectMethodHandle$Holder.invokeSpecial(java.lang.Object, java.lang.Object, java.lang.Object, java.lang.Object)'> (0x00000000c6650b50) 
thrown [s\open\src\hotspot\share\interpreter\linkResolver.cpp, line 759]
Event: 2.126 Thread 0x00000198ef909070 Exception <a 'java/lang/NoSuchMethodError'{0x00000000c66541b8}: 'int java.lang.invoke.Invokers$Holder.invoke_MT(java.lang.Object, java.lang.Object, java.lang.Object, java.lang.Object)'> (0x00000000c66541b8) 
thrown [s\open\src\hotspot\share\interpreter\linkResolver.cpp, line 759]
Event: 2.130 Thread 0x00000198ef909070 Exception <a 'java/lang/NoSuchMethodError'{0x00000000c6663dd8}: 'int java.lang.invoke.DelegatingMethodHandle$Holder.reinvoke_L(java.lang.Object, java.lang.Object, java.lang.Object, long, int)'> (0x00000000c6663dd8) 
thrown [s\open\src\hotspot\share\interpreter\linkResolver.cpp, line 759]
Event: 2.553 Thread 0x00000198ef909070 Exception <a 'java/lang/NoSuchMethodError'{0x00000000c63c3dc0}: 'java.lang.Object java.lang.invoke.DirectMethodHandle$Holder.invokeStaticInit(java.lang.Object)'> (0x00000000c63c3dc0) 
thrown [s\open\src\hotspot\share\interpreter\linkResolver.cpp, line 759]
Event: 2.787 Thread 0x00000198ef909070 Exception <a 'java/lang/NoSuchMethodError'{0x00000000c5a8f2b0}: 'java.lang.Object java.lang.invoke.DirectMethodHandle$Holder.invokeStaticInit(java.lang.Object, int)'> (0x00000000c5a8f2b0) 
thrown [s\open\src\hotspot\share\interpreter\linkResolver.cpp, line 759]
Event: 2.804 Thread 0x00000198ef909070 Exception <a 'java/lang/NoSuchMethodError'{0x00000000c5918a70}: 'void java.lang.invoke.DirectMethodHandle$Holder.invokeStatic(java.lang.Object, java.lang.Object)'> (0x00000000c5918a70) 
thrown [s\open\src\hotspot\share\interpreter\linkResolver.cpp, line 759]
Event: 2.858 Thread 0x00000198ef909070 Exception <a 'java/lang/NoSuchMethodError'{0x00000000c5851f20}: 'long java.lang.invoke.DirectMethodHandle$Holder.invokeStatic(java.lang.Object)'> (0x00000000c5851f20) 
thrown [s\open\src\hotspot\share\interpreter\linkResolver.cpp, line 759]
Event: 2.859 Thread 0x00000198ef909070 Exception <a 'java/lang/NoSuchMethodError'{0x00000000c5855678}: 'long java.lang.invoke.DirectMethodHandle$Holder.invokeStaticInit(java.lang.Object)'> (0x00000000c5855678) 
thrown [s\open\src\hotspot\share\interpreter\linkResolver.cpp, line 759]
Event: 2.985 Thread 0x00000198ef909070 Exception <a 'java/lang/NoSuchMethodError'{0x00000000c544f9f8}: 'int java.lang.invoke.DirectMethodHandle$Holder.invokeStaticInit(java.lang.Object, java.lang.Object, java.lang.Object)'> (0x00000000c544f9f8) 
thrown [s\open\src\hotspot\share\interpreter\linkResolver.cpp, line 759]
Event: 2.992 Thread 0x00000198ef909070 Exception <a 'java/lang/NoSuchMethodError'{0x00000000c5478088}: 'int java.lang.invoke.DirectMethodHandle$Holder.invokeStaticInit(java.lang.Object, java.lang.Object)'> (0x00000000c5478088) 
thrown [s\open\src\hotspot\share\interpreter\linkResolver.cpp, line 759]
Event: 3.020 Thread 0x00000198ef909070 Exception <a 'java/lang/NoSuchMethodError'{0x00000000c5353c20}: 'void java.lang.invoke.DirectMethodHandle$Holder.invokeSpecial(java.lang.Object, java.lang.Object, java.lang.Object)'> (0x00000000c5353c20) 
thrown [s\open\src\hotspot\share\interpreter\linkResolver.cpp, line 759]
Event: 3.573 Thread 0x00000198ef909070 Exception <a 'java/lang/NoSuchMethodError'{0x00000000c6d486c8}: 'void java.lang.invoke.DirectMethodHandle$Holder.invokeStatic(java.lang.Object, java.lang.Object, java.lang.Object, java.lang.Object)'> (0x00000000c6d486c8) 
thrown [s\open\src\hotspot\share\interpreter\linkResolver.cpp, line 759]
Event: 3.730 Thread 0x00000198ef909070 Exception <a 'java/lang/NoSuchMethodError'{0x00000000c6af3f00}: 'void java.lang.invoke.DirectMethodHandle$Holder.invokeStaticInit(java.lang.Object, java.lang.Object)'> (0x00000000c6af3f00) 
thrown [s\open\src\hotspot\share\interpreter\linkResolver.cpp, line 759]
Event: 3.855 Thread 0x00000198ef909070 Exception <a 'java/lang/NoSuchMethodError'{0x00000000c651bba0}: 'void java.lang.invoke.DirectMethodHandle$Holder.invokeVirtual(java.lang.Object, java.lang.Object)'> (0x00000000c651bba0) 
thrown [s\open\src\hotspot\share\interpreter\linkResolver.cpp, line 759]
Event: 3.873 Thread 0x00000198ef909070 Exception <a 'java/lang/NoSuchMethodError'{0x00000000c65a65f8}: 'int java.lang.invoke.DirectMethodHandle$Holder.invokeVirtual(java.lang.Object, java.lang.Object)'> (0x00000000c65a65f8) 
thrown [s\open\src\hotspot\share\interpreter\linkResolver.cpp, line 759]
Event: 3.901 Thread 0x00000198ef909070 Exception <a 'java/lang/NoSuchMethodError'{0x00000000c644e948}: 'java.lang.Object java.lang.invoke.Invokers$Holder.invokeExact_MT(java.lang.Object, java.lang.Object, java.lang.Object, java.lang.Object, java.lang.Object, java.lang.Object)'> (0x00000000c644e948) 
thrown [s\open\src\hotspot\share\interpreter\linkResolver.cpp, line 759]
Event: 5.676 Thread 0x00000198ef909070 Exception <a 'java/lang/NoSuchMethodError'{0x00000000c7292148}: 'java.lang.Object java.lang.invoke.DirectMethodHandle$Holder.invokeVirtual(java.lang.Object, java.lang.Object, java.lang.Object)'> (0x00000000c7292148) 
thrown [s\open\src\hotspot\share\interpreter\linkResolver.cpp, line 759]
Event: 7.031 Thread 0x00000198ef909070 Exception <a 'java/lang/NoSuchMethodError'{0x00000000c78a62e8}: 'java.lang.Object java.lang.invoke.DirectMethodHandle$Holder.newInvokeSpecial(java.lang.Object, java.lang.Object, int)'> (0x00000000c78a62e8) 
thrown [s\open\src\hotspot\share\interpreter\linkResolver.cpp, line 759]

VM Operations (20 events):
Event: 3.669 Executing VM operation: HandshakeAllThreads
Event: 3.669 Executing VM operation: HandshakeAllThreads done
Event: 4.028 Executing VM operation: CollectForMetadataAllocation
Event: 4.047 Executing VM operation: CollectForMetadataAllocation done
Event: 4.066 Executing VM operation: G1Concurrent
Event: 4.078 Executing VM operation: G1Concurrent done
Event: 4.090 Executing VM operation: G1Concurrent
Event: 4.090 Executing VM operation: G1Concurrent done
Event: 5.090 Executing VM operation: Cleanup
Event: 5.091 Executing VM operation: Cleanup done
Event: 5.168 Executing VM operation: G1CollectForAllocation
Event: 5.185 Executing VM operation: G1CollectForAllocation done
Event: 5.229 Executing VM operation: G1CollectForAllocation
Event: 5.244 Executing VM operation: G1CollectForAllocation done
Event: 5.928 Executing VM operation: G1CollectForAllocation
Event: 5.935 Executing VM operation: G1CollectForAllocation done
Event: 6.226 Executing VM operation: HandshakeAllThreads
Event: 6.226 Executing VM operation: HandshakeAllThreads done
Event: 6.741 Executing VM operation: G1CollectForAllocation
Event: 6.754 Executing VM operation: G1CollectForAllocation done

Events (20 events):
Event: 5.963 loading class sun/reflect/generics/reflectiveObjects/WildcardTypeImpl
Event: 5.963 loading class java/lang/reflect/WildcardType
Event: 5.964 loading class java/lang/reflect/WildcardType done
Event: 5.964 loading class sun/reflect/generics/reflectiveObjects/WildcardTypeImpl done
Event: 6.115 loading class java/lang/TypeNotPresentException
Event: 6.116 loading class java/lang/TypeNotPresentException done
Event: 6.225 loading class sun/reflect/generics/scope/MethodScope
Event: 6.226 loading class sun/reflect/generics/scope/MethodScope done
Event: 6.226 loading class sun/reflect/generics/repository/MethodRepository
Event: 6.226 loading class sun/reflect/generics/repository/MethodRepository done
Event: 6.937 loading class java/util/EmptyStackException
Event: 6.937 loading class java/util/EmptyStackException done
Event: 6.954 loading class java/util/BitSet
Event: 6.955 loading class java/util/BitSet done
Event: 6.960 loading class java/util/PrimitiveIterator$OfInt
Event: 6.960 loading class java/util/PrimitiveIterator
Event: 6.961 loading class java/util/PrimitiveIterator done
Event: 6.961 loading class java/util/PrimitiveIterator$OfInt done
Event: 7.027 loading class java/util/function/IntUnaryOperator
Event: 7.027 loading class java/util/function/IntUnaryOperator done


Dynamic libraries:
0x00007ff748ed0000 - 0x00007ff748ee0000 	C:\Program Files\Java\jdk-17\bin\java.exe
0x00007ff964790000 - 0x00007ff964988000 	C:\Windows\SYSTEM32\ntdll.dll
0x00007ff9627b0000 - 0x00007ff962872000 	C:\Windows\System32\KERNEL32.DLL
0x00007ff9620e0000 - 0x00007ff9623de000 	C:\Windows\System32\KERNELBASE.dll
0x00007ff961f90000 - 0x00007ff962090000 	C:\Windows\System32\ucrtbase.dll
0x00007ff94f060000 - 0x00007ff94f079000 	C:\Program Files\Java\jdk-17\bin\jli.dll
0x00007ff94f400000 - 0x00007ff94f41b000 	C:\Program Files\Java\jdk-17\bin\VCRUNTIME140.dll
0x00007ff962d50000 - 0x00007ff962e01000 	C:\Windows\System32\ADVAPI32.dll
0x00007ff963e90000 - 0x00007ff963f2e000 	C:\Windows\System32\msvcrt.dll
0x00007ff963cb0000 - 0x00007ff963d4f000 	C:\Windows\System32\sechost.dll
0x00007ff963d60000 - 0x00007ff963e83000 	C:\Windows\System32\RPCRT4.dll
0x00007ff961ec0000 - 0x00007ff961ee7000 	C:\Windows\System32\bcrypt.dll
0x00007ff9641d0000 - 0x00007ff96436d000 	C:\Windows\System32\USER32.dll
0x00007ff962780000 - 0x00007ff9627a2000 	C:\Windows\System32\win32u.dll
0x00007ff963a70000 - 0x00007ff963a9b000 	C:\Windows\System32\GDI32.dll
0x00007ff962500000 - 0x00007ff962617000 	C:\Windows\System32\gdi32full.dll
0x00007ff961ef0000 - 0x00007ff961f8d000 	C:\Windows\System32\msvcp_win.dll
0x00007ff950630000 - 0x00007ff9508ca000 	C:\Windows\WinSxS\amd64_microsoft.windows.common-controls_6595b64144ccf1df_6.0.19041.4355_none_60b8b9eb71f62e16\COMCTL32.dll
0x00007ff9524b0000 - 0x00007ff9524ba000 	C:\Windows\SYSTEM32\VERSION.dll
0x00007ff963f30000 - 0x00007ff963f5f000 	C:\Windows\System32\IMM32.DLL
0x00007ff95caf0000 - 0x00007ff95cafc000 	C:\Program Files\Java\jdk-17\bin\vcruntime140_1.dll
0x00007ff923e50000 - 0x00007ff923ede000 	C:\Program Files\Java\jdk-17\bin\msvcp140.dll
0x00007ff91b590000 - 0x00007ff91c170000 	C:\Program Files\Java\jdk-17\bin\server\jvm.dll
0x00007ff964010000 - 0x00007ff964018000 	C:\Windows\System32\PSAPI.DLL
0x00007ff95d0e0000 - 0x00007ff95d0e9000 	C:\Windows\SYSTEM32\WSOCK32.dll
0x00007ff963230000 - 0x00007ff96329b000 	C:\Windows\System32\WS2_32.dll
0x00007ff950b40000 - 0x00007ff950b67000 	C:\Windows\SYSTEM32\WINMM.dll
0x00007ff95fcd0000 - 0x00007ff95fce2000 	C:\Windows\SYSTEM32\kernel.appcore.dll
0x00007ff9510e0000 - 0x00007ff9510ea000 	C:\Program Files\Java\jdk-17\bin\jimage.dll
0x00007ff94eba0000 - 0x00007ff94ed84000 	C:\Windows\SYSTEM32\DBGHELP.DLL
0x00007ff94eb60000 - 0x00007ff94eb94000 	C:\Windows\SYSTEM32\dbgcore.DLL
0x00007ff961e30000 - 0x00007ff961eb2000 	C:\Windows\System32\bcryptPrimitives.dll
0x00007ff94f030000 - 0x00007ff94f055000 	C:\Program Files\Java\jdk-17\bin\java.dll
0x00007ff920ae0000 - 0x00007ff920bb7000 	C:\Program Files\Java\jdk-17\bin\jsvml.dll
0x00007ff9632a0000 - 0x00007ff963a0d000 	C:\Windows\System32\SHELL32.dll
0x00007ff95fed0000 - 0x00007ff960674000 	C:\Windows\SYSTEM32\windows.storage.dll
0x00007ff962e10000 - 0x00007ff963163000 	C:\Windows\System32\combase.dll
0x00007ff961790000 - 0x00007ff9617be000 	C:\Windows\SYSTEM32\Wldp.dll
0x00007ff963b00000 - 0x00007ff963bcd000 	C:\Windows\System32\OLEAUT32.dll
0x00007ff963f60000 - 0x00007ff96400d000 	C:\Windows\System32\SHCORE.dll
0x00007ff963bd0000 - 0x00007ff963c25000 	C:\Windows\System32\shlwapi.dll
0x00007ff961d60000 - 0x00007ff961d84000 	C:\Windows\SYSTEM32\profapi.dll
0x00007ff94ee50000 - 0x00007ff94ee69000 	C:\Program Files\Java\jdk-17\bin\net.dll
0x00007ff95b950000 - 0x00007ff95ba5d000 	C:\Windows\SYSTEM32\WINHTTP.dll
0x00007ff9614f0000 - 0x00007ff96155a000 	C:\Windows\system32\mswsock.dll
0x00007ff94ee30000 - 0x00007ff94ee46000 	C:\Program Files\Java\jdk-17\bin\nio.dll
0x00007ff94ee10000 - 0x00007ff94ee28000 	C:\Program Files\Java\jdk-17\bin\zip.dll
0x00007ff950950000 - 0x00007ff950960000 	C:\Program Files\Java\jdk-17\bin\verify.dll

dbghelp: loaded successfully - version: 4.0.5 - missing functions: none
symbol engine: initialized successfully - sym options: 0x614 - pdb path: .;C:\Program Files\Java\jdk-17\bin;C:\Windows\SYSTEM32;C:\Windows\WinSxS\amd64_microsoft.windows.common-controls_6595b64144ccf1df_6.0.19041.4355_none_60b8b9eb71f62e16;C:\Program Files\Java\jdk-17\bin\server

VM Arguments:
java_command: org.jetbrains.kotlin.cli.jvm.K2JVMCompiler @D:\mydumbbells-app\node_modules\react-native-permissions\android\build\20241118_9391849284967309308.compiler.options
java_class_path (initial): C:\Users\Developer\.gradle\caches\modules-2\files-2.1\org.jetbrains.kotlin\kotlin-compiler-embeddable\1.8.0\eb9118d4bcceaa2a94b2ae2a33a4ddba7c9a947f\kotlin-compiler-embeddable-1.8.0.jar;C:\Users\Developer\.gradle\caches\modules-2\files-2.1\org.jetbrains.kotlin\kotlin-stdlib\1.8.0\1796921c7a3e2e2665a83e6c8d33399336cd39bc\kotlin-stdlib-1.8.0.jar;C:\Users\Developer\.gradle\caches\modules-2\files-2.1\org.jetbrains.kotlin\kotlin-script-runtime\1.8.0\b2f7e760d283cb339974851c222a4c1d48f2d3d\kotlin-script-runtime-1.8.0.jar;C:\Users\Developer\.gradle\caches\modules-2\files-2.1\org.jetbrains.kotlin\kotlin-reflect\1.6.10\1cbe9c92c12a94eea200d23c2bbaedaf3daf5132\kotlin-reflect-1.6.10.jar;C:\Users\Developer\.gradle\caches\modules-2\files-2.1\org.jetbrains.kotlin\kotlin-daemon-embeddable\1.8.0\d255216c551685dc3a7e852b53617f5f01aaaa5c\kotlin-daemon-embeddable-1.8.0.jar;C:\Users\Developer\.gradle\caches\modules-2\files-2.1\org.jetbrains.intellij.deps\trove4j\1.0.20200330\3afb14d5f9ceb459d724e907a21145e8ff394f02\trove4j-1.0.20200330.jar;C:\Users\Developer\.gradle\caches\modules-2\files-2.1\net.java.dev.jna\jna\5.6.0\330f2244e9030119ab3030fc3fededc86713d9cc\jna-5.6.0.jar;C:\Users\Developer\.gradle\caches\modules-2\files-2.1\org.jetbrains.kotlin\kotlin-stdlib-common\1.8.0\f7197e7cc76453ac59f8b0f8d5137cc600becd36\kotlin-stdlib-common-1.8.0.jar;C:\Users\Developer\.gradle\caches\modules-2\files-2.1\org.jetbrains\annotations\13.0\919f0dfe192fb4e063e7dacadee7f8bb9a2672a9\annotations-13.0.jar
Launcher Type: SUN_STANDARD

[Global flags]
     intx CICompilerCount                          = 3                                         {product} {ergonomic}
     uint ConcGCThreads                            = 1                                         {product} {ergonomic}
     uint G1ConcRefinementThreads                  = 4                                         {product} {ergonomic}
   size_t G1HeapRegionSize                         = 1048576                                   {product} {ergonomic}
    uintx GCDrainStackTargetSize                   = 64                                        {product} {ergonomic}
   size_t InitialHeapSize                          = 65011712                                  {product} {ergonomic}
   size_t MarkStackSize                            = 4194304                                   {product} {ergonomic}
   size_t MaxHeapSize                              = 1019215872                                {product} {ergonomic}
   size_t MaxNewSize                               = 611319808                                 {product} {ergonomic}
   size_t MinHeapDeltaBytes                        = 1048576                                   {product} {ergonomic}
   size_t MinHeapSize                              = 8388608                                   {product} {ergonomic}
    uintx NonNMethodCodeHeapSize                   = 5832780                                {pd product} {ergonomic}
    uintx NonProfiledCodeHeapSize                  = 122912730                              {pd product} {ergonomic}
    uintx ProfiledCodeHeapSize                     = 122912730                              {pd product} {ergonomic}
    uintx ReservedCodeCacheSize                    = 251658240                              {pd product} {ergonomic}
     bool SegmentedCodeCache                       = true                                      {product} {ergonomic}
   size_t SoftMaxHeapSize                          = 1019215872                             {manageable} {ergonomic}
     bool UseCompressedClassPointers               = true                           {product lp64_product} {ergonomic}
     bool UseCompressedOops                        = true                           {product lp64_product} {ergonomic}
     bool UseG1GC                                  = true                                      {product} {ergonomic}
     bool UseLargePagesIndividualAllocation        = false                                  {pd product} {ergonomic}

Logging:
Log output configuration:
 #0: stdout all=warning uptime,level,tags
 #1: stderr all=off uptime,level,tags

Environment Variables:
JAVA_HOME=C:\Program Files\Java\jdk-17
CLASSPATH=D:\mydumbbells-app\android\\gradle\wrapper\gradle-wrapper.jar
PATH=D:\mydumbbells-app\node_modules\.bin;D:\node_modules\.bin;C:\Users\Developer\AppData\Roaming\npm\node_modules\npm\node_modules\@npmcli\run-script\lib\node-gyp-bin;C:\Program Files\Common Files\Oracle\Java\javapath;C:\Program Files\Microsoft\jdk-17.0.13.11-hotspot\bin;C:\Python312\Scripts\;C:\Python312\;C:\Windows\system32;C:\Windows;C:\Windows\System32\Wbem;C:\Windows\System32\WindowsPowerShell\v1.0\;C:\Windows\System32\OpenSSH\;C:\ProgramData\chocolatey\bin;%LOCALAPPDATA%\Android\Sdk\platform-tools;C:\Program Files\nodejs\;C:\Users\Developer\AppData\Local\Microsoft\WindowsApps;C:\Users\Developer\AppData\Local\Programs\Microsoft VS Code\bin;C:\Users\Developer\AppData\Roaming\npm;C:\Users\Developer\AppData\Local\Android\Sdk\platform-tools;
USERNAME=Developer
OS=Windows_NT
PROCESSOR_IDENTIFIER=Intel64 Family 6 Model 58 Stepping 9, GenuineIntel



---------------  S Y S T E M  ---------------

OS:
 Windows 10 , 64 bit Build 19041 (10.0.19041.5072)
OS uptime: 1 days 1:11 hours

CPU: total 4 (initial active 4) (2 cores per cpu, 2 threads per core) family 6 model 58 stepping 9 microcode 0x21, cx8, cmov, fxsr, ht, mmx, sse, sse2, sse3, ssse3, sse4.1, sse4.2, popcnt, tsc, tscinvbit, avx, erms, clmul, vzeroupper, clflush

Memory: 4k page, system-wide physical 3884M (214M free)
TotalPageFile size 15660M (AvailPageFile size 1M)
current process WorkingSet (physical memory assigned to process): 182M, peak: 182M
current process commit charge ("private bytes"): 217M, peak: 217M

vm_info: Java HotSpot(TM) 64-Bit Server VM (17.0.12+8-LTS-286) for windows-amd64 JRE (17.0.12+8-LTS-286), built on Jun  5 2024 06:46:59 by "mach5one" with MS VC++ 17.6 (VS2022)

END.
