#
# There is insufficient memory for the Java Runtime Environment to continue.
# Native memory allocation (malloc) failed to allocate 1048576 bytes for AllocateHeap
# Possible reasons:
#   The system is out of physical RAM or swap space
#   The process is running with CompressedOops enabled, and the Java Heap may be blocking the growth of the native heap
# Possible solutions:
#   Reduce memory load on the system
#   Increase physical memory or swap space
#   Check if swap backing store is full
#   Decrease Java heap size (-Xmx/-Xms)
#   Decrease number of Java threads
#   Decrease Java thread stack sizes (-Xss)
#   Set larger code cache with -XX:ReservedCodeCacheSize=
#   JVM is running with Unscaled Compressed Oops mode in which the Java heap is
#     placed in the first 4GB address space. The Java Heap base address is the
#     maximum limit for the native heap growth. Please use -XX:HeapBaseMinAddress
#     to set the Java Heap base and to place the Java Heap above 4GB virtual address.
# This output file may be truncated or incomplete.
#
#  Out of Memory Error (allocation.cpp:44), pid=11352, tid=1540
#
# JRE version:  (17.0.12+8) (build )
# Java VM: Java HotSpot(TM) 64-Bit Server VM (17.0.12+8-LTS-286, mixed mode, sharing, tiered, compressed oops, compressed class ptrs, g1 gc, windows-amd64)
# No core dump will be written. Minidumps are not enabled by default on client versions of Windows
#

---------------  S U M M A R Y ------------

Command Line: -Xmx64m -Xms64m -Dorg.gradle.appname=gradlew org.gradle.wrapper.GradleWrapperMain app:installDebug -PreactNativeDevServerPort=8081

Host: Intel(R) Core(TM) i3-3220 CPU @ 3.30GHz, 4 cores, 3G,  Windows 10 , 64 bit Build 19041 (10.0.19041.5438)
Time: Fri Feb 28 09:16:17 2025 India Standard Time elapsed time: 0.109346 seconds (0d 0h 0m 0s)

---------------  T H R E A D  ---------------

Current thread (0x0000011715ef69e0):  JavaThread "Unknown thread" [_thread_in_vm, id=1540, stack(0x0000000bd9100000,0x0000000bd9200000)]

Stack: [0x0000000bd9100000,0x0000000bd9200000]
Native frames: (J=compiled Java code, j=interpreted, Vv=VM code, C=native code)
V  [jvm.dll+0x67a04a]
V  [jvm.dll+0x7da4ed]
V  [jvm.dll+0x7dbe33]
V  [jvm.dll+0x7dc4a3]
V  [jvm.dll+0x24508f]
V  [jvm.dll+0xa5e2b]
V  [jvm.dll+0x2d4e37]
V  [jvm.dll+0x7ac9ec]
V  [jvm.dll+0x367591]
V  [jvm.dll+0x78b999]
V  [jvm.dll+0x3ec83f]
V  [jvm.dll+0x3ee471]
C  [jli.dll+0x5297]
C  [ucrtbase.dll+0x21bb2]
C  [KERNEL32.DLL+0x17374]
C  [ntdll.dll+0x4cc91]


---------------  P R O C E S S  ---------------

Threads class SMR info:
_java_thread_list=0x00007ffa54c67a18, length=0, elements={
}

Java Threads: ( => current thread )

Other Threads:

=>0x0000011715ef69e0 (exited) JavaThread "Unknown thread" [_thread_in_vm, id=1540, stack(0x0000000bd9100000,0x0000000bd9200000)]

Threads with active compile tasks:

VM state: not at safepoint (not fully initialized)

VM Mutex/Monitor currently owned by a thread: None

Heap address: 0x0000000000000000, size: 0 MB, Compressed Oops mode: 32-bit

CDS archive(s) mapped at: [0x0000000000000000-0x0000000000000000-0x0000000000000000), size 0, SharedBaseAddress: 0x0000000800000000, ArchiveRelocationMode: 1.
Narrow klass base: 0x0000000000000000, Narrow klass shift: 0, Narrow klass range: 0x0

GC Precious Log:
<Empty>

GC Heap History (0 events):
No events

Deoptimization events (0 events):
No events

Classes unloaded (0 events):
No events

Classes redefined (0 events):
No events

Internal exceptions (0 events):
No events

VM Operations (0 events):
No events

Events (1 events):
Event: 0.010 Loaded shared library C:\Program Files\Java\jdk-17\bin\java.dll


Dynamic libraries:
0x00007ff632e70000 - 0x00007ff632e80000 	C:\Program Files\Java\jdk-17\bin\java.exe
0x00007ffab6a90000 - 0x00007ffab6c88000 	C:\Windows\SYSTEM32\ntdll.dll
0x00007ffab5020000 - 0x00007ffab50e2000 	C:\Windows\System32\KERNEL32.DLL
0x00007ffab4700000 - 0x00007ffab49ff000 	C:\Windows\System32\KERNELBASE.dll
0x00007ffab4130000 - 0x00007ffab4230000 	C:\Windows\System32\ucrtbase.dll
0x00007ffaafec0000 - 0x00007ffaafedb000 	C:\Program Files\Java\jdk-17\bin\VCRUNTIME140.dll
0x00007ffaafe60000 - 0x00007ffaafe79000 	C:\Program Files\Java\jdk-17\bin\jli.dll
0x00007ffab51c0000 - 0x00007ffab526f000 	C:\Windows\System32\ADVAPI32.dll
0x00007ffab54b0000 - 0x00007ffab554e000 	C:\Windows\System32\msvcrt.dll
0x00007ffab69b0000 - 0x00007ffab6a4f000 	C:\Windows\System32\sechost.dll
0x00007ffab4b00000 - 0x00007ffab4c23000 	C:\Windows\System32\RPCRT4.dll
0x00007ffab4400000 - 0x00007ffab4427000 	C:\Windows\System32\bcrypt.dll
0x00007ffab5f80000 - 0x00007ffab611d000 	C:\Windows\System32\USER32.dll
0x00007ffaa4830000 - 0x00007ffaa4aca000 	C:\Windows\WinSxS\amd64_microsoft.windows.common-controls_6595b64144ccf1df_6.0.19041.4355_none_60b8b9eb71f62e16\COMCTL32.dll
0x00007ffab4520000 - 0x00007ffab4542000 	C:\Windows\System32\win32u.dll
0x00007ffab5ee0000 - 0x00007ffab5f0b000 	C:\Windows\System32\GDI32.dll
0x00007ffab4550000 - 0x00007ffab466a000 	C:\Windows\System32\gdi32full.dll
0x00007ffab4430000 - 0x00007ffab44cd000 	C:\Windows\System32\msvcp_win.dll
0x00007ffab1f60000 - 0x00007ffab1f6a000 	C:\Windows\SYSTEM32\VERSION.dll
0x00007ffab4ab0000 - 0x00007ffab4adf000 	C:\Windows\System32\IMM32.DLL
0x00007ffab1f30000 - 0x00007ffab1f3c000 	C:\Program Files\Java\jdk-17\bin\vcruntime140_1.dll
0x00007ffa92890000 - 0x00007ffa9291e000 	C:\Program Files\Java\jdk-17\bin\msvcp140.dll
0x00007ffa541b0000 - 0x00007ffa54d90000 	C:\Program Files\Java\jdk-17\bin\server\jvm.dll
0x00007ffab5700000 - 0x00007ffab5708000 	C:\Windows\System32\PSAPI.DLL
0x00007ffaa1650000 - 0x00007ffaa1659000 	C:\Windows\SYSTEM32\WSOCK32.dll
0x00007ffaa0770000 - 0x00007ffaa0797000 	C:\Windows\SYSTEM32\WINMM.dll
0x00007ffab5770000 - 0x00007ffab57db000 	C:\Windows\System32\WS2_32.dll
0x00007ffab21b0000 - 0x00007ffab21c2000 	C:\Windows\SYSTEM32\kernel.appcore.dll
0x00007ffab1e50000 - 0x00007ffab1e5a000 	C:\Program Files\Java\jdk-17\bin\jimage.dll
0x00007ffa9e8b0000 - 0x00007ffa9ea94000 	C:\Windows\SYSTEM32\DBGHELP.DLL
0x00007ffa9e870000 - 0x00007ffa9e8a4000 	C:\Windows\SYSTEM32\dbgcore.DLL
0x00007ffab4670000 - 0x00007ffab46f2000 	C:\Windows\System32\bcryptPrimitives.dll
0x00007ffaabdc0000 - 0x00007ffaabde5000 	C:\Program Files\Java\jdk-17\bin\java.dll

dbghelp: loaded successfully - version: 4.0.5 - missing functions: none
symbol engine: initialized successfully - sym options: 0x614 - pdb path: .;C:\Program Files\Java\jdk-17\bin;C:\Windows\SYSTEM32;C:\Windows\WinSxS\amd64_microsoft.windows.common-controls_6595b64144ccf1df_6.0.19041.4355_none_60b8b9eb71f62e16;C:\Program Files\Java\jdk-17\bin\server

VM Arguments:
jvm_args: -Xmx64m -Xms64m -Dorg.gradle.appname=gradlew 
java_command: org.gradle.wrapper.GradleWrapperMain app:installDebug -PreactNativeDevServerPort=8081
java_class_path (initial): D:\mydumbbells-app\android\\gradle\wrapper\gradle-wrapper.jar
Launcher Type: SUN_STANDARD

[Global flags]
     intx CICompilerCount                          = 3                                         {product} {ergonomic}
     uint ConcGCThreads                            = 1                                         {product} {ergonomic}
     uint G1ConcRefinementThreads                  = 4                                         {product} {ergonomic}
   size_t G1HeapRegionSize                         = 1048576                                   {product} {ergonomic}
    uintx GCDrainStackTargetSize                   = 64                                        {product} {ergonomic}
   size_t InitialHeapSize                          = 67108864                                  {product} {command line}
   size_t MarkStackSize                            = 4194304                                   {product} {ergonomic}
   size_t MaxHeapSize                              = 67108864                                  {product} {command line}
   size_t MinHeapDeltaBytes                        = 1048576                                   {product} {ergonomic}
   size_t MinHeapSize                              = 67108864                                  {product} {command line}
    uintx NonNMethodCodeHeapSize                   = 5832780                                {pd product} {ergonomic}
    uintx NonProfiledCodeHeapSize                  = 122912730                              {pd product} {ergonomic}
    uintx ProfiledCodeHeapSize                     = 122912730                              {pd product} {ergonomic}
    uintx ReservedCodeCacheSize                    = 251658240                              {pd product} {ergonomic}
     bool SegmentedCodeCache                       = true                                      {product} {ergonomic}
   size_t SoftMaxHeapSize                          = 67108864                               {manageable} {ergonomic}
     bool UseCompressedClassPointers               = true                           {product lp64_product} {ergonomic}
     bool UseCompressedOops                        = true                           {product lp64_product} {ergonomic}
     bool UseG1GC                                  = true                                      {product} {ergonomic}
     bool UseLargePagesIndividualAllocation        = false                                  {pd product} {ergonomic}

Logging:
Log output configuration:
 #0: stdout all=warning uptime,level,tags
 #1: stderr all=off uptime,level,tags

Environment Variables:
JAVA_HOME=C:\Program Files\Java\jdk-17
CLASSPATH=D:\mydumbbells-app\android\\gradle\wrapper\gradle-wrapper.jar
PATH=D:\mydumbbells-app\node_modules\.bin;D:\node_modules\.bin;C:\Users\Developer\AppData\Roaming\npm\node_modules\npm\node_modules\@npmcli\run-script\lib\node-gyp-bin;C:\Program Files\Common Files\Oracle\Java\javapath;C:\Program Files\Microsoft\jdk-17.0.13.11-hotspot\bin;C:\Python312\Scripts\;C:\Python312\;C:\Windows\system32;C:\Windows;C:\Windows\System32\Wbem;C:\Windows\System32\WindowsPowerShell\v1.0\;C:\Windows\System32\OpenSSH\;C:\ProgramData\chocolatey\bin;%LOCALAPPDATA%\Android\Sdk\platform-tools;C:\Program Files\nodejs\;C:\Program Files\Git\cmd;C:\Users\Developer\AppData\Local\Microsoft\WindowsApps;C:\Users\Developer\AppData\Local\Programs\Microsoft VS Code\bin;C:\Users\Developer\AppData\Roaming\npm;C:\Users\Developer\AppData\Local\Android\Sdk\platform-tools;
USERNAME=Developer
OS=Windows_NT
PROCESSOR_IDENTIFIER=Intel64 Family 6 Model 58 Stepping 9, GenuineIntel



---------------  S Y S T E M  ---------------

OS:
 Windows 10 , 64 bit Build 19041 (10.0.19041.5438)
OS uptime: 0 days 14:54 hours

CPU: total 4 (initial active 4) (2 cores per cpu, 2 threads per core) family 6 model 58 stepping 9 microcode 0x21, cx8, cmov, fxsr, ht, mmx, sse, sse2, sse3, ssse3, sse4.1, sse4.2, popcnt, tsc, tscinvbit, avx, erms, clmul, vzeroupper, clflush

Memory: 4k page, system-wide physical 3884M (205M free)
TotalPageFile size 15660M (AvailPageFile size 4M)
current process WorkingSet (physical memory assigned to process): 9M, peak: 9M
current process commit charge ("private bytes"): 11M, peak: 12M

vm_info: Java HotSpot(TM) 64-Bit Server VM (17.0.12+8-LTS-286) for windows-amd64 JRE (17.0.12+8-LTS-286), built on Jun  5 2024 06:46:59 by "mach5one" with MS VC++ 17.6 (VS2022)

END.
